[32m[I 2025-01-23 21:36:29,563][0m Trial 0 finished with value: -inf and parameters: {'damping': 0.7042659781445361, 'preference': -400}. Best is trial 0 with value: -inf.[0m
[32m[I 2025-01-23 21:36:29,569][0m Trial 1 finished with value: -inf and parameters: {'damping': 0.8857231807441704, 'preference': -306}. Best is trial 0 with value: -inf.[0m
[32m[I 2025-01-23 21:36:29,572][0m Trial 2 finished with value: -inf and parameters: {'damping': 0.5650725524341569, 'preference': -306}. Best is trial 0 with value: -inf.[0m
[32m[I 2025-01-23 21:36:29,576][0m Trial 3 finished with value: -inf and parameters: {'damping': 0.5844831302211405, 'preference': -110}. Best is trial 0 with value: -inf.[0m
[32m[I 2025-01-23 21:36:29,580][0m Trial 4 finished with value: -inf and parameters: {'damping': 0.7647911416018247, 'preference': -168}. Best is trial 0 with value: -inf.[0m
[32m[I 2025-01-23 21:36:29,585][0m Trial 5 finished with value: -inf and parameters: {'damping': 0.740057134666997, 'preference': -197}. Best is trial 0 with value: -inf.[0m
[32m[I 2025-01-23 21:36:29,589][0m Trial 6 finished with value: -inf and parameters: {'damping': 0.7885209651606573, 'preference': -272}. Best is trial 0 with value: -inf.[0m
[32m[I 2025-01-23 21:36:29,592][0m Trial 7 finished with value: -inf and parameters: {'damping': 0.5259962398392586, 'preference': -317}. Best is trial 0 with value: -inf.[0m
[32m[I 2025-01-23 21:36:29,595][0m Trial 8 finished with value: -inf and parameters: {'damping': 0.5910441832500807, 'preference': -154}. Best is trial 0 with value: -inf.[0m
[32m[I 2025-01-23 21:36:29,599][0m Trial 9 finished with value: -inf and parameters: {'damping': 0.8219663652717437, 'preference': -438}. Best is trial 0 with value: -inf.[0m
[32m[I 2025-01-23 21:36:29,609][0m Trial 10 finished with value: -inf and parameters: {'damping': 0.6667780979179416, 'preference': -496}. Best is trial 0 with value: -inf.[0m
[32m[I 2025-01-23 21:36:29,620][0m Trial 11 finished with value: -inf and parameters: {'damping': 0.8978654972383983, 'preference': -386}. Best is trial 0 with value: -inf.[0m
[32m[I 2025-01-23 21:36:29,629][0m Trial 12 finished with value: -inf and parameters: {'damping': 0.665603651045188, 'preference': -374}. Best is trial 0 with value: -inf.[0m
[32m[I 2025-01-23 21:36:29,639][0m Trial 13 finished with value: -inf and parameters: {'damping': 0.8967418209548497, 'preference': -370}. Best is trial 0 with value: -inf.[0m
[32m[I 2025-01-23 21:36:29,649][0m Trial 14 finished with value: -inf and parameters: {'damping': 0.8266420476021669, 'preference': -247}. Best is trial 0 with value: -inf.[0m
[32m[I 2025-01-23 21:36:29,659][0m Trial 15 finished with value: -inf and parameters: {'damping': 0.7000987981434725, 'preference': -456}. Best is trial 0 with value: -inf.[0m
[32m[I 2025-01-23 21:36:29,667][0m Trial 16 finished with value: -inf and parameters: {'damping': 0.6312987391288409, 'preference': -339}. Best is trial 0 with value: -inf.[0m
[32m[I 2025-01-23 21:36:29,677][0m Trial 17 finished with value: -inf and parameters: {'damping': 0.8366573699648734, 'preference': -258}. Best is trial 0 with value: -inf.[0m
[32m[I 2025-01-23 21:36:29,687][0m Trial 18 finished with value: -inf and parameters: {'damping': 0.7204826442731485, 'preference': -463}. Best is trial 0 with value: -inf.[0m
[32m[I 2025-01-23 21:36:29,696][0m Trial 19 finished with value: -inf and parameters: {'damping': 0.6347037977026884, 'preference': -405}. Best is trial 0 with value: -inf.[0m
[32m[I 2025-01-23 21:36:29,706][0m Trial 20 finished with value: -inf and parameters: {'damping': 0.8376589671249659, 'preference': -220}. Best is trial 0 with value: -inf.[0m
[32m[I 2025-01-23 21:36:29,715][0m Trial 21 finished with value: -inf and parameters: {'damping': 0.729987822283181, 'preference': -488}. Best is trial 0 with value: -inf.[0m
[32m[I 2025-01-23 21:36:29,723][0m Trial 22 finished with value: -inf and parameters: {'damping': 0.6423678918282693, 'preference': -434}. Best is trial 0 with value: -inf.[0m
[32m[I 2025-01-23 21:36:29,732][0m Trial 23 finished with value: -inf and parameters: {'damping': 0.5055127751627216, 'preference': -410}. Best is trial 0 with value: -inf.[0m
[32m[I 2025-01-23 21:36:29,742][0m Trial 24 finished with value: -inf and parameters: {'damping': 0.7802165735430049, 'preference': -490}. Best is trial 0 with value: -inf.[0m
[32m[I 2025-01-23 21:36:29,751][0m Trial 25 finished with value: -inf and parameters: {'damping': 0.6763430703267079, 'preference': -429}. Best is trial 0 with value: -inf.[0m
[32m[I 2025-01-23 21:36:29,760][0m Trial 26 finished with value: -inf and parameters: {'damping': 0.6157092147512876, 'preference': -417}. Best is trial 0 with value: -inf.[0m
[32m[I 2025-01-23 21:36:29,769][0m Trial 27 finished with value: -inf and parameters: {'damping': 0.7869942764636985, 'preference': -345}. Best is trial 0 with value: -inf.[0m
[32m[I 2025-01-23 21:36:29,779][0m Trial 28 finished with value: -inf and parameters: {'damping': 0.6908366542385885, 'preference': -469}. Best is trial 0 with value: -inf.[0m
[32m[I 2025-01-23 21:36:29,788][0m Trial 29 finished with value: -inf and parameters: {'damping': 0.6162668293183009, 'preference': -413}. Best is trial 0 with value: -inf.[0m
[32m[I 2025-01-23 21:36:29,797][0m Trial 30 finished with value: -inf and parameters: {'damping': 0.5613740143195888, 'preference': -347}. Best is trial 0 with value: -inf.[0m
[32m[I 2025-01-23 21:36:29,808][0m Trial 31 finished with value: -inf and parameters: {'damping': 0.6840172568245508, 'preference': -347}. Best is trial 0 with value: -inf.[0m
[32m[I 2025-01-23 21:36:29,820][0m Trial 32 finished with value: -inf and parameters: {'damping': 0.7090557227255458, 'preference': -459}. Best is trial 0 with value: -inf.[0m
[32m[I 2025-01-23 21:36:29,830][0m Trial 33 finished with value: -inf and parameters: {'damping': 0.5468778780935545, 'preference': -392}. Best is trial 0 with value: -inf.[0m
[32m[I 2025-01-23 21:36:29,839][0m Trial 34 finished with value: -inf and parameters: {'damping': 0.5945517002361937, 'preference': -350}. Best is trial 0 with value: -inf.[0m
[32m[I 2025-01-23 21:36:29,849][0m Trial 35 finished with value: -inf and parameters: {'damping': 0.8575100043399771, 'preference': -220}. Best is trial 0 with value: -inf.[0m
[32m[I 2025-01-23 21:36:29,861][0m Trial 36 finished with value: -inf and parameters: {'damping': 0.7302821247468138, 'preference': -111}. Best is trial 0 with value: -inf.[0m
[32m[I 2025-01-23 21:36:29,871][0m Trial 37 finished with value: -inf and parameters: {'damping': 0.7485448191848336, 'preference': -285}. Best is trial 0 with value: -inf.[0m
[32m[I 2025-01-23 21:36:29,880][0m Trial 38 finished with value: -inf and parameters: {'damping': 0.5080338340815684, 'preference': -444}. Best is trial 0 with value: -inf.[0m
[32m[I 2025-01-23 21:36:29,890][0m Trial 39 finished with value: -inf and parameters: {'damping': 0.7661192670885685, 'preference': -481}. Best is trial 0 with value: -inf.[0m
[32m[I 2025-01-23 21:36:29,901][0m Trial 40 finished with value: -inf and parameters: {'damping': 0.8023466649162663, 'preference': -317}. Best is trial 0 with value: -inf.[0m
[32m[I 2025-01-23 21:36:29,909][0m Trial 41 finished with value: -inf and parameters: {'damping': 0.675323418600052, 'preference': -433}. Best is trial 0 with value: -inf.[0m
[32m[I 2025-01-23 21:36:29,918][0m Trial 42 finished with value: -inf and parameters: {'damping': 0.6124649274403318, 'preference': -416}. Best is trial 0 with value: -inf.[0m
[32m[I 2025-01-23 21:36:29,928][0m Trial 43 finished with value: -inf and parameters: {'damping': 0.6531809558584682, 'preference': -417}. Best is trial 0 with value: -inf.[0m
[32m[I 2025-01-23 21:36:29,938][0m Trial 44 finished with value: -inf and parameters: {'damping': 0.7805131984353343, 'preference': -373}. Best is trial 0 with value: -inf.[0m
[32m[I 2025-01-23 21:36:29,947][0m Trial 45 finished with value: -inf and parameters: {'damping': 0.7577364462791334, 'preference': -391}. Best is trial 0 with value: -inf.[0m
[32m[I 2025-01-23 21:36:29,956][0m Trial 46 finished with value: -inf and parameters: {'damping': 0.6892737768051338, 'preference': -311}. Best is trial 0 with value: -inf.[0m
[32m[I 2025-01-23 21:36:29,966][0m Trial 47 finished with value: -inf and parameters: {'damping': 0.6615315607355379, 'preference': -467}. Best is trial 0 with value: -inf.[0m
[32m[I 2025-01-23 21:36:30,005][0m Trial 48 finished with value: -inf and parameters: {'damping': 0.6162218558566516, 'preference': -363}. Best is trial 0 with value: -inf.[0m
[32m[I 2025-01-23 21:36:30,017][0m Trial 49 finished with value: -inf and parameters: {'damping': 0.5857643320633107, 'preference': -399}. Best is trial 0 with value: -inf.[0m
[32m[I 2025-01-23 21:36:30,022][0m A new study created in memory with name: no-name-28b38fd0-cc65-4e69-9a58-6b510066cdd7[0m
[32m[I 2025-01-23 21:36:30,027][0m Trial 0 finished with value: -inf and parameters: {'damping': 0.5045661507294862, 'preference': -273}. Best is trial 0 with value: -inf.[0m
[32m[I 2025-01-23 21:36:30,033][0m Trial 1 finished with value: -inf and parameters: {'damping': 0.8138683205488912, 'preference': -286}. Best is trial 0 with value: -inf.[0m
[32m[I 2025-01-23 21:36:30,040][0m Trial 2 finished with value: -inf and parameters: {'damping': 0.8887673977119963, 'preference': -411}. Best is trial 0 with value: -inf.[0m
[32m[I 2025-01-23 21:36:30,044][0m Trial 3 finished with value: -inf and parameters: {'damping': 0.6430365080040302, 'preference': -497}. Best is trial 0 with value: -inf.[0m
[32m[I 2025-01-23 21:36:30,048][0m Trial 4 finished with value: -inf and parameters: {'damping': 0.6154041151544536, 'preference': -212}. Best is trial 0 with value: -inf.[0m
[32m[I 2025-01-23 21:36:30,054][0m Trial 5 finished with value: -inf and parameters: {'damping': 0.5787348773546703, 'preference': -343}. Best is trial 0 with value: -inf.[0m
[32m[I 2025-01-23 21:36:30,059][0m Trial 6 finished with value: -inf and parameters: {'damping': 0.76770068407254, 'preference': -207}. Best is trial 0 with value: -inf.[0m
[32m[I 2025-01-23 21:36:30,065][0m Trial 7 finished with value: -inf and parameters: {'damping': 0.7948920694842883, 'preference': -347}. Best is trial 0 with value: -inf.[0m
[32m[I 2025-01-23 21:36:30,069][0m Trial 8 finished with value: -inf and parameters: {'damping': 0.6198164320368059, 'preference': -308}. Best is trial 0 with value: -inf.[0m
[32m[I 2025-01-23 21:36:30,076][0m Trial 9 finished with value: -inf and parameters: {'damping': 0.8536052568466186, 'preference': -236}. Best is trial 0 with value: -inf.[0m
[32m[I 2025-01-23 21:36:30,086][0m Trial 10 finished with value: -inf and parameters: {'damping': 0.5251372331603998, 'preference': -150}. Best is trial 0 with value: -inf.[0m
[32m[I 2025-01-23 21:36:30,097][0m Trial 11 finished with value: -inf and parameters: {'damping': 0.7227903596959311, 'preference': -270}. Best is trial 0 with value: -inf.[0m
[32m[I 2025-01-23 21:36:30,108][0m Trial 12 finished with value: -inf and parameters: {'damping': 0.6966644989676649, 'preference': -113}. Best is trial 0 with value: -inf.[0m
[32m[I 2025-01-23 21:36:30,120][0m Trial 13 finished with value: -inf and parameters: {'damping': 0.8228814765392146, 'preference': -395}. Best is trial 0 with value: -inf.[0m
[32m[I 2025-01-23 21:36:30,130][0m Trial 14 finished with value: -inf and parameters: {'damping': 0.512300436035414, 'preference': -271}. Best is trial 0 with value: -inf.[0m
[32m[I 2025-01-23 21:36:30,141][0m Trial 15 finished with value: -inf and parameters: {'damping': 0.7348515952410883, 'preference': -161}. Best is trial 0 with value: -inf.[0m
[32m[I 2025-01-23 21:36:30,153][0m Trial 16 finished with value: -inf and parameters: {'damping': 0.6729002567951626, 'preference': -317}. Best is trial 0 with value: -inf.[0m
[32m[I 2025-01-23 21:36:30,163][0m Trial 17 finished with value: -inf and parameters: {'damping': 0.5257045572395853, 'preference': -245}. Best is trial 0 with value: -inf.[0m
[32m[I 2025-01-23 21:36:30,174][0m Trial 18 finished with value: -inf and parameters: {'damping': 0.7525323304058902, 'preference': -162}. Best is trial 0 with value: -inf.[0m
[32m[I 2025-01-23 21:36:30,186][0m Trial 19 finished with value: -inf and parameters: {'damping': 0.6582174249912399, 'preference': -428}. Best is trial 0 with value: -inf.[0m
[32m[I 2025-01-23 21:36:30,197][0m Trial 20 finished with value: -inf and parameters: {'damping': 0.563836352714765, 'preference': -231}. Best is trial 0 with value: -inf.[0m
[32m[I 2025-01-23 21:36:30,207][0m Trial 21 finished with value: -inf and parameters: {'damping': 0.5542828174829069, 'preference': -176}. Best is trial 0 with value: -inf.[0m
[32m[I 2025-01-23 21:36:30,218][0m Trial 22 finished with value: -inf and parameters: {'damping': 0.768169275089909, 'preference': -475}. Best is trial 0 with value: -inf.[0m
[32m[I 2025-01-23 21:36:30,228][0m Trial 23 finished with value: -inf and parameters: {'damping': 0.5746676455084186, 'preference': -423}. Best is trial 0 with value: -inf.[0m
[32m[I 2025-01-23 21:36:30,239][0m Trial 24 finished with value: -inf and parameters: {'damping': 0.5582284606949219, 'preference': -192}. Best is trial 0 with value: -inf.[0m
[32m[I 2025-01-23 21:36:30,252][0m Trial 25 finished with value: -inf and parameters: {'damping': 0.5071983824444369, 'preference': -470}. Best is trial 0 with value: -inf.[0m
[32m[I 2025-01-23 21:36:30,263][0m Trial 26 finished with value: -inf and parameters: {'damping': 0.5974207698071297, 'preference': -459}. Best is trial 0 with value: -inf.[0m
[32m[I 2025-01-23 21:36:30,274][0m Trial 27 finished with value: -inf and parameters: {'damping': 0.5443628718282045, 'preference': -369}. Best is trial 0 with value: -inf.[0m
[32m[I 2025-01-23 21:36:30,284][0m Trial 28 finished with value: -inf and parameters: {'damping': 0.5029834233779988, 'preference': -195}. Best is trial 0 with value: -inf.[0m
[32m[I 2025-01-23 21:36:30,296][0m Trial 29 finished with value: -inf and parameters: {'damping': 0.5839543056537226, 'preference': -477}. Best is trial 0 with value: -inf.[0m
[32m[I 2025-01-23 21:36:30,308][0m Trial 30 finished with value: -inf and parameters: {'damping': 0.6116785932090011, 'preference': -364}. Best is trial 0 with value: -inf.[0m
[32m[I 2025-01-23 21:36:30,319][0m Trial 31 finished with value: -inf and parameters: {'damping': 0.5344504833540585, 'preference': -374}. Best is trial 0 with value: -inf.[0m
[32m[I 2025-01-23 21:36:30,329][0m Trial 32 finished with value: -inf and parameters: {'damping': 0.5051832519153063, 'preference': -298}. Best is trial 0 with value: -inf.[0m
[32m[I 2025-01-23 21:36:30,339][0m Trial 33 finished with value: -inf and parameters: {'damping': 0.594794183375996, 'preference': -118}. Best is trial 0 with value: -inf.[0m
[32m[I 2025-01-23 21:36:30,349][0m Trial 34 finished with value: -inf and parameters: {'damping': 0.6262122510077233, 'preference': -385}. Best is trial 0 with value: -inf.[0m
[32m[I 2025-01-23 21:36:30,359][0m Trial 35 finished with value: -inf and parameters: {'damping': 0.6617140783420836, 'preference': -240}. Best is trial 0 with value: -inf.[0m
[32m[I 2025-01-23 21:36:30,370][0m Trial 36 finished with value: -inf and parameters: {'damping': 0.5569044188473699, 'preference': -272}. Best is trial 0 with value: -inf.[0m
[32m[I 2025-01-23 21:36:30,381][0m Trial 37 finished with value: -inf and parameters: {'damping': 0.780930870234239, 'preference': -217}. Best is trial 0 with value: -inf.[0m
[32m[I 2025-01-23 21:36:30,392][0m Trial 38 finished with value: -inf and parameters: {'damping': 0.8205251550131576, 'preference': -414}. Best is trial 0 with value: -inf.[0m
[32m[I 2025-01-23 21:36:30,404][0m Trial 39 finished with value: -inf and parameters: {'damping': 0.8810942204353696, 'preference': -495}. Best is trial 0 with value: -inf.[0m
[32m[I 2025-01-23 21:36:30,415][0m Trial 40 finished with value: -inf and parameters: {'damping': 0.5711896109831606, 'preference': -442}. Best is trial 0 with value: -inf.[0m
[32m[I 2025-01-23 21:36:30,425][0m Trial 41 finished with value: -inf and parameters: {'damping': 0.541524165358797, 'preference': -460}. Best is trial 0 with value: -inf.[0m
[32m[I 2025-01-23 21:36:30,436][0m Trial 42 finished with value: -inf and parameters: {'damping': 0.5970833869710692, 'preference': -448}. Best is trial 0 with value: -inf.[0m
[32m[I 2025-01-23 21:36:30,448][0m Trial 43 finished with value: -inf and parameters: {'damping': 0.5221721197427178, 'preference': -408}. Best is trial 0 with value: -inf.[0m
[32m[I 2025-01-23 21:36:30,460][0m Trial 44 finished with value: -inf and parameters: {'damping': 0.5458191290257849, 'preference': -354}. Best is trial 0 with value: -inf.[0m
[32m[I 2025-01-23 21:36:30,471][0m Trial 45 finished with value: -inf and parameters: {'damping': 0.5350179657380194, 'preference': -325}. Best is trial 0 with value: -inf.[0m
[32m[I 2025-01-23 21:36:30,483][0m Trial 46 finished with value: -inf and parameters: {'damping': 0.50214368396476, 'preference': -337}. Best is trial 0 with value: -inf.[0m
[32m[I 2025-01-23 21:36:30,495][0m Trial 47 finished with value: -inf and parameters: {'damping': 0.5015065851311636, 'preference': -483}. Best is trial 0 with value: -inf.[0m
[32m[I 2025-01-23 21:36:30,507][0m Trial 48 finished with value: -inf and parameters: {'damping': 0.6324532544139163, 'preference': -288}. Best is trial 0 with value: -inf.[0m
[32m[I 2025-01-23 21:36:30,518][0m Trial 49 finished with value: -inf and parameters: {'damping': 0.5950739024526865, 'preference': -498}. Best is trial 0 with value: -inf.[0m
[32m[I 2025-01-23 21:36:30,522][0m A new study created in memory with name: no-name-29c25161-b2b9-40ab-98e2-0f1a2bece72e[0m
[32m[I 2025-01-23 21:36:30,528][0m Trial 0 finished with value: -inf and parameters: {'damping': 0.7461118126262523, 'preference': -284}. Best is trial 0 with value: -inf.[0m
[32m[I 2025-01-23 21:36:30,533][0m Trial 1 finished with value: -inf and parameters: {'damping': 0.792698860883865, 'preference': -381}. Best is trial 0 with value: -inf.[0m
[32m[I 2025-01-23 21:36:30,538][0m Trial 2 finished with value: -inf and parameters: {'damping': 0.6328486508797152, 'preference': -221}. Best is trial 0 with value: -inf.[0m
[32m[I 2025-01-23 21:36:30,542][0m Trial 3 finished with value: -inf and parameters: {'damping': 0.5503041604953757, 'preference': -148}. Best is trial 0 with value: -inf.[0m
[32m[I 2025-01-23 21:36:30,549][0m Trial 4 finished with value: -inf and parameters: {'damping': 0.8944481205228809, 'preference': -309}. Best is trial 0 with value: -inf.[0m
[32m[I 2025-01-23 21:36:30,555][0m Trial 5 finished with value: -inf and parameters: {'damping': 0.8452436673004906, 'preference': -491}. Best is trial 0 with value: -inf.[0m
[32m[I 2025-01-23 21:36:30,560][0m Trial 6 finished with value: -inf and parameters: {'damping': 0.7059095843641358, 'preference': -471}. Best is trial 0 with value: -inf.[0m
[32m[I 2025-01-23 21:36:30,565][0m Trial 7 finished with value: -inf and parameters: {'damping': 0.6815733304171091, 'preference': -435}. Best is trial 0 with value: -inf.[0m
[32m[I 2025-01-23 21:36:30,569][0m Trial 8 finished with value: -inf and parameters: {'damping': 0.6293733486343237, 'preference': -467}. Best is trial 0 with value: -inf.[0m
[32m[I 2025-01-23 21:36:30,574][0m Trial 9 finished with value: -inf and parameters: {'damping': 0.560426994906473, 'preference': -121}. Best is trial 0 with value: -inf.[0m
[32m[I 2025-01-23 21:36:30,586][0m Trial 10 finished with value: -inf and parameters: {'damping': 0.7598056442184256, 'preference': -278}. Best is trial 0 with value: -inf.[0m
[32m[I 2025-01-23 21:36:30,598][0m Trial 11 finished with value: -inf and parameters: {'damping': 0.7947839877855744, 'preference': -360}. Best is trial 0 with value: -inf.[0m
[32m[I 2025-01-23 21:36:30,610][0m Trial 12 finished with value: -inf and parameters: {'damping': 0.7849292904783968, 'preference': -362}. Best is trial 0 with value: -inf.[0m
[32m[I 2025-01-23 21:36:30,621][0m Trial 13 finished with value: -inf and parameters: {'damping': 0.7284110958923224, 'preference': -395}. Best is trial 0 with value: -inf.[0m
[32m[I 2025-01-23 21:36:30,634][0m Trial 14 finished with value: -inf and parameters: {'damping': 0.8310471210564491, 'preference': -266}. Best is trial 0 with value: -inf.[0m
[32m[I 2025-01-23 21:36:30,648][0m Trial 15 finished with value: -inf and parameters: {'damping': 0.8724030228912358, 'preference': -197}. Best is trial 0 with value: -inf.[0m
[32m[I 2025-01-23 21:36:30,659][0m Trial 16 finished with value: -inf and parameters: {'damping': 0.6465824085399575, 'preference': -312}. Best is trial 0 with value: -inf.[0m
[32m[I 2025-01-23 21:36:30,672][0m Trial 17 finished with value: -inf and parameters: {'damping': 0.8277895411569484, 'preference': -248}. Best is trial 0 with value: -inf.[0m
[32m[I 2025-01-23 21:36:30,687][0m Trial 18 finished with value: -inf and parameters: {'damping': 0.8974091293341425, 'preference': -190}. Best is trial 0 with value: -inf.[0m
[32m[I 2025-01-23 21:36:30,697][0m Trial 19 finished with value: -inf and parameters: {'damping': 0.6510756766287585, 'preference': -325}. Best is trial 0 with value: -inf.[0m
[32m[I 2025-01-23 21:36:30,708][0m Trial 20 finished with value: -inf and parameters: {'damping': 0.7482727525821069, 'preference': -244}. Best is trial 0 with value: -inf.[0m
