[32m[I 2025-01-23 20:45:43,240][0m Trial 49 finished with value: -inf and parameters: {'damping': 0.6653466101804353, 'preference': -322}. Best is trial 0 with value: -inf.[0m

[ERROR] 聚类算法 AP 运行失败
[INFO] 运行聚类算法: DBSCAN，数据集编号: 26, 清洗算法: raha_baran
[INFO] 聚类算法输出:
Data loaded successfully.
Excluded columns with 'id': ['id', 'brewery_id']
Using all columns for clustering: ['abv', 'beer-name', 'brewery-name', 'city', 'ibu', 'index', 'ounces', 'state', 'style']
Text output saved to /root/AutoMLClustering/src/pipeline/train/../../../results/clustered_data/DBSCAN/raha_baran/clustered_26/repaired_26.txt
Program completed in: 3.0245871543884277 seconds

[INFO] 聚类完成: DBSCAN, 运行时间: 3.02 秒
[INFO] 运行聚类算法: GMM，数据集编号: 26, 清洗算法: raha_baran
[INFO] 聚类算法输出:
Data loaded successfully.
Excluded columns containing 'id': ['id', 'brewery_id']
Using all columns for clustering: ['abv', 'beer-name', 'brewery-name', 'city', 'ibu', 'index', 'ounces', 'state', 'style']
Initial optimal number of components from Optuna: 6
Best covariance type from Optuna: tied
Optimal number of components from Kneedle: None
Refining in range: 6 to 8
Final optimal number of components: 8
Text output saved to /root/AutoMLClustering/src/pipeline/train/../../../results/clustered_data/GMM/raha_baran/clustered_26/repaired_26.txt
Program completed in: 5.830650568008423 seconds

[INFO] 聚类完成: GMM, 运行时间: 5.83 秒
[INFO] 运行聚类算法: HC，数据集编号: 26, 清洗算法: raha_baran
[INFO] 聚类算法输出:
Data loaded successfully.
Excluded columns containing 'id': ['id', 'brewery_id']
Using all columns for clustering: ['abv', 'beer-name', 'brewery-name', 'city', 'ibu', 'index', 'ounces', 'state', 'style']
Final optimal parameters from Optuna: n_clusters=6, linkage=single, metric=manhattan
Text output saved as /root/AutoMLClustering/src/pipeline/train/../../../results/clustered_data/HC/raha_baran/clustered_26/repaired_26.txt
Program completed in: 3.1931381225585938 seconds

[INFO] 聚类完成: HC, 运行时间: 3.19 秒
[INFO] 运行聚类算法: KMEANS，数据集编号: 26, 清洗算法: raha_baran
[INFO] 聚类算法输出:
Data loaded successfully.
Excluded columns containing 'id': ['id', 'brewery_id']
Using multiple columns for clustering: ['abv', 'beer-name', 'brewery-name', 'city', 'ibu', 'index', 'ounces', 'state', 'style']
Initial optimal number of clusters from Optuna: 7
Optimal number of clusters from Kneedle: None
No further refinement needed. Final optimal number of clusters: 7
Text output saved to /root/AutoMLClustering/src/pipeline/train/../../../results/clustered_data/KMEANS/raha_baran/clustered_26/repaired_26.txt
Program completed in: 13.581722736358643 seconds

[INFO] 聚类完成: KMEANS, 运行时间: 13.58 秒
[INFO] 运行聚类算法: OPTICS，数据集编号: 26, 清洗算法: raha_baran
[INFO] 聚类算法输出:
Data loaded successfully.
Excluded columns containing 'id': ['id', 'brewery_id']
Using all columns for clustering: ['abv', 'beer-name', 'brewery-name', 'city', 'ibu', 'index', 'ounces', 'state', 'style']
Text output saved to /root/AutoMLClustering/src/pipeline/train/../../../results/clustered_data/OPTICS/raha_baran/clustered_26/repaired_26.txt
Program completed in: 11.100101947784424 seconds

[INFO] 聚类完成: OPTICS, 运行时间: 11.10 秒
==================================================
[INFO] 准备处理数据集: rayyan (CSV: 47.88%.csv, error_rate=47.88%)
[INFO] 正在运行清洗策略: mode
运行清洗算法 1（mode），数据集编号: 34
Repaired data saved to /root/AutoMLClustering/src/pipeline/train/results/dataset_34_algo_1/repaired_dataset_34_algo_1_47.88%.csv
[INFO] 清洗结果文件路径: /root/AutoMLClustering/src/pipeline/train/results/dataset_34_algo_1/repaired_dataset_34_algo_1_47.88%.csv
清洗完成: Dataset=rayyan, Algo=mode
结果文件路径: ../../../results/cleaned_data/mode/repaired_34.csv
运行时间: 39.11 秒
[INFO] 运行聚类算法: AP，数据集编号: 34, 清洗算法: mode
[INFO] 聚类算法输出:
Data loaded successfully.
Excluded columns with 'id': ['id']
Using all columns for clustering: ['article_jcreated_at', 'article_jissue', 'article_jvolumn', 'article_language', 'article_pagination', 'article_title', 'author_list', 'jounral_abbreviation', 'journal_issn', 'journal_title']
Attempt 1 with damping range: (0.5, 0.9), preference range: (-500, -100)
Attempt 1: Best parameters: damping=0.5633593589129551, preference=-305
Number of clusters: 320
Text output saved to /root/AutoMLClustering/src/pipeline/train/../../../results/clustered_data/AP/mode/clustered_34/repaired_34.txt
Program completed in: 13.843359470367432 seconds

[INFO] 聚类完成: AP, 运行时间: 13.84 秒
[INFO] 运行聚类算法: DBSCAN，数据集编号: 34, 清洗算法: mode
[INFO] 聚类算法输出:
Data loaded successfully.
Excluded columns with 'id': ['id']
Using all columns for clustering: ['article_jcreated_at', 'article_jissue', 'article_jvolumn', 'article_language', 'article_pagination', 'article_title', 'author_list', 'jounral_abbreviation', 'journal_issn', 'journal_title']
Text output saved to /root/AutoMLClustering/src/pipeline/train/../../../results/clustered_data/DBSCAN/mode/clustered_34/repaired_34.txt
Program completed in: 8.526344776153564 seconds

[INFO] 聚类完成: DBSCAN, 运行时间: 8.53 秒
[INFO] 运行聚类算法: GMM，数据集编号: 34, 清洗算法: mode
[INFO] 聚类算法输出:
Data loaded successfully.
Excluded columns containing 'id': ['id']
Using all columns for clustering: ['article_jcreated_at', 'article_jissue', 'article_jvolumn', 'article_language', 'article_pagination', 'article_title', 'author_list', 'jounral_abbreviation', 'journal_issn', 'journal_title']
Initial optimal number of components from Optuna: 18
Best covariance type from Optuna: diag
Optimal number of components from Kneedle: 9
Refining in range: 9 to 18
Final optimal number of components: 17
Text output saved to /root/AutoMLClustering/src/pipeline/train/../../../results/clustered_data/GMM/mode/clustered_34/repaired_34.txt
Program completed in: 6.889366388320923 seconds

[INFO] 聚类完成: GMM, 运行时间: 6.89 秒
[INFO] 运行聚类算法: HC，数据集编号: 34, 清洗算法: mode
[INFO] 聚类算法输出:
Data loaded successfully.
Excluded columns containing 'id': ['id']
Using all columns for clustering: ['article_jcreated_at', 'article_jissue', 'article_jvolumn', 'article_language', 'article_pagination', 'article_title', 'author_list', 'jounral_abbreviation', 'journal_issn', 'journal_title']
Final optimal parameters from Optuna: n_clusters=6, linkage=single, metric=manhattan
Text output saved as /root/AutoMLClustering/src/pipeline/train/../../../results/clustered_data/HC/mode/clustered_34/repaired_34.txt
Program completed in: 8.130822658538818 seconds

[INFO] 聚类完成: HC, 运行时间: 8.13 秒
[INFO] 运行聚类算法: KMEANS，数据集编号: 34, 清洗算法: mode
[INFO] 聚类算法输出:
Data loaded successfully.
Excluded columns containing 'id': ['id']
Using multiple columns for clustering: ['article_jcreated_at', 'article_jissue', 'article_jvolumn', 'article_language', 'article_pagination', 'article_title', 'author_list', 'jounral_abbreviation', 'journal_issn', 'journal_title']
Initial optimal number of clusters from Optuna: 18
Optimal number of clusters from Kneedle: 6
Refining in range: 6 to 18
Refined optimal number of clusters: 14
Text output saved to /root/AutoMLClustering/src/pipeline/train/../../../results/clustered_data/KMEANS/mode/clustered_34/repaired_34.txt
Program completed in: 60.46448564529419 seconds

[INFO] 聚类完成: KMEANS, 运行时间: 60.46 秒
[INFO] 运行聚类算法: OPTICS，数据集编号: 34, 清洗算法: mode
63% (7462 / 11884) of data errors are corrected.
------------------------------------------------------------------------
The error corrector models are updated with new labeled tuple 2301.
2094924 pairs of (a data error, a potential correction) are featurized.
63% (7463 / 11884) of data errors are corrected.
------------------------------------------------------------------------
The error corrector models are updated with new labeled tuple 1375.
2104816 pairs of (a data error, a potential correction) are featurized.
63% (7464 / 11884) of data errors are corrected.
------------------------------------------------------------------------
The error corrector models are updated with new labeled tuple 221.
2115633 pairs of (a data error, a potential correction) are featurized.
63% (7465 / 11884) of data errors are corrected.
------------------------------------------------------------------------
The error corrector models are updated with new labeled tuple 594.
2122875 pairs of (a data error, a potential correction) are featurized.
63% (7535 / 11884) of data errors are corrected.
------------------------------------------------------------------------
The error corrector models are updated with new labeled tuple 2082.
2133714 pairs of (a data error, a potential correction) are featurized.
63% (7535 / 11884) of data errors are corrected.
------------------------------------------------------------------------
The error corrector models are updated with new labeled tuple 1565.
2133960 pairs of (a data error, a potential correction) are featurized.
63% (7536 / 11884) of data errors are corrected.
------------------------------------------------------------------------
Repaired data saved to /root/AutoMLClustering/results/beers/raha_baran/results-dataset_25_algo_2/repaired_dataset_25_algo_2.csv
[INFO] 清洗结果文件路径: /root/AutoMLClustering/results/beers/raha_baran/results-dataset_25_algo_2/repaired_dataset_25_algo_2.csv
清洗完成: Dataset=beers, Algo=raha_baran
结果文件路径: ../../../results/cleaned_data/baran/repaired_25.csv
运行时间: 3240.37 秒
[INFO] 运行聚类算法: AP，数据集编号: 25, 清洗算法: raha_baran
[INFO] 聚类算法输出:
Data loaded successfully.
Excluded columns with 'id': ['id', 'brewery_id']
Using all columns for clustering: ['abv', 'beer-name', 'brewery-name', 'city', 'ibu', 'index', 'ounces', 'state', 'style']
Attempt 1 with damping range: (0.5, 0.9), preference range: (-500, -100)
Attempt 1: Best parameters: damping=0.8412885716440673, preference=-101
Number of clusters: 13
Text output saved to /root/AutoMLClustering/src/pipeline/train/../../../results/clustered_data/AP/raha_baran/clustered_25/repaired_25.txt
Program completed in: 40.68473482131958 seconds

[INFO] 聚类完成: AP, 运行时间: 40.68 秒
[INFO] 运行聚类算法: DBSCAN，数据集编号: 25, 清洗算法: raha_baran
[INFO] 聚类算法输出:
Data loaded successfully.
Excluded columns with 'id': ['id', 'brewery_id']
Using all columns for clustering: ['abv', 'beer-name', 'brewery-name', 'city', 'ibu', 'index', 'ounces', 'state', 'style']
Text output saved to /root/AutoMLClustering/src/pipeline/train/../../../results/clustered_data/DBSCAN/raha_baran/clustered_25/repaired_25.txt
Program completed in: 20.59627079963684 seconds

[INFO] 聚类完成: DBSCAN, 运行时间: 20.60 秒
[INFO] 运行聚类算法: GMM，数据集编号: 25, 清洗算法: raha_baran
[INFO] 聚类算法输出:
Data loaded successfully.
Excluded columns containing 'id': ['id', 'brewery_id']
Using all columns for clustering: ['abv', 'beer-name', 'brewery-name', 'city', 'ibu', 'index', 'ounces', 'state', 'style']
Initial optimal number of components from Optuna: 28
Best covariance type from Optuna: spherical
Optimal number of components from Kneedle: 10
Refining in range: 10 to 28
Final optimal number of components: 28
Text output saved to /root/AutoMLClustering/src/pipeline/train/../../../results/clustered_data/GMM/raha_baran/clustered_25/repaired_25.txt
Program completed in: 36.41352701187134 seconds

[INFO] 聚类完成: GMM, 运行时间: 36.41 秒
[INFO] 运行聚类算法: HC，数据集编号: 25, 清洗算法: raha_baran
[INFO] 聚类算法输出:
Data loaded successfully.
Excluded columns containing 'id': ['id', 'brewery_id']
Using all columns for clustering: ['abv', 'beer-name', 'brewery-name', 'city', 'ibu', 'index', 'ounces', 'state', 'style']
Final optimal parameters from Optuna: n_clusters=6, linkage=single, metric=manhattan
Text output saved as /root/AutoMLClustering/src/pipeline/train/../../../results/clustered_data/HC/raha_baran/clustered_25/repaired_25.txt
Program completed in: 13.361863613128662 seconds

[INFO] 聚类完成: HC, 运行时间: 13.36 秒
[INFO] 运行聚类算法: KMEANS，数据集编号: 25, 清洗算法: raha_baran
[INFO] 聚类算法输出:
Data loaded successfully.
Excluded columns containing 'id': ['id', 'brewery_id']
Using multiple columns for clustering: ['abv', 'beer-name', 'brewery-name', 'city', 'ibu', 'index', 'ounces', 'state', 'style']
Initial optimal number of clusters from Optuna: 28
Optimal number of clusters from Kneedle: 9
Refining in range: 9 to 28
Refined optimal number of clusters: 28
Text output saved to /root/AutoMLClustering/src/pipeline/train/../../../results/clustered_data/KMEANS/raha_baran/clustered_25/repaired_25.txt
Program completed in: 160.2035448551178 seconds

[INFO] 聚类完成: KMEANS, 运行时间: 160.20 秒
[INFO] 运行聚类算法: OPTICS，数据集编号: 25, 清洗算法: raha_baran
[INFO] 聚类算法输出:
Data loaded successfully.
Excluded columns containing 'id': ['id', 'brewery_id']
Using all columns for clustering: ['abv', 'beer-name', 'brewery-name', 'city', 'ibu', 'index', 'ounces', 'state', 'style']
Text output saved to /root/AutoMLClustering/src/pipeline/train/../../../results/clustered_data/OPTICS/raha_baran/clustered_25/repaired_25.txt
Program completed in: 228.00454092025757 seconds

[INFO] 聚类完成: OPTICS, 运行时间: 228.00 秒
==================================================
[INFO] 准备处理数据集: rayyan (CSV: 13.79%.csv, error_rate=13.79%)
[INFO] 正在运行清洗策略: mode
运行清洗算法 1（mode），数据集编号: 35
Repaired data saved to /root/AutoMLClustering/src/pipeline/train/results/dataset_35_algo_1/repaired_dataset_35_algo_1_13.79%.csv
[INFO] 清洗结果文件路径: /root/AutoMLClustering/src/pipeline/train/results/dataset_35_algo_1/repaired_dataset_35_algo_1_13.79%.csv
清洗完成: Dataset=rayyan, Algo=mode
结果文件路径: ../../../results/cleaned_data/mode/repaired_35.csv
运行时间: 46.05 秒
[INFO] 运行聚类算法: AP，数据集编号: 35, 清洗算法: mode
[INFO] 聚类算法输出:
Data loaded successfully.
Excluded columns with 'id': ['id']
Using all columns for clustering: ['article_jcreated_at', 'article_jissue', 'article_jvolumn', 'article_language', 'article_pagination', 'article_title', 'author_list', 'jounral_abbreviation', 'journal_issn', 'journal_title']
Attempt 1 with damping range: (0.5, 0.9), preference range: (-500, -100)
Attempt 1: Best parameters: damping=0.8035530281889065, preference=-108
Number of clusters: 10
Text output saved to /root/AutoMLClustering/src/pipeline/train/../../../results/clustered_data/AP/mode/clustered_35/repaired_35.txt
Program completed in: 26.51269268989563 seconds

[INFO] 聚类完成: AP, 运行时间: 26.51 秒
[INFO] 运行聚类算法: DBSCAN，数据集编号: 35, 清洗算法: mode
[INFO] 聚类算法输出:
Data loaded successfully.
Excluded columns with 'id': ['id']
Using all columns for clustering: ['article_jcreated_at', 'article_jissue', 'article_jvolumn', 'article_language', 'article_pagination', 'article_title', 'author_list', 'jounral_abbreviation', 'journal_issn', 'journal_title']
Text output saved to /root/AutoMLClustering/src/pipeline/train/../../../results/clustered_data/DBSCAN/mode/clustered_35/repaired_35.txt
Program completed in: 11.373548030853271 seconds

[INFO] 聚类完成: DBSCAN, 运行时间: 11.37 秒
[INFO] 运行聚类算法: GMM，数据集编号: 35, 清洗算法: mode
清洗完成: Dataset=beers, Algo=raha_baran
结果文件路径: ../../../results/cleaned_data/baran/repaired_24.csv
运行时间: 3591.99 秒
[INFO] 运行聚类算法: AP，数据集编号: 24, 清洗算法: raha_baran
[INFO] 聚类算法输出:
Data loaded successfully.
Excluded columns with 'id': ['id', 'brewery_id']
Using all columns for clustering: ['abv', 'beer-name', 'brewery-name', 'city', 'ibu', 'index', 'ounces', 'state', 'style']
Attempt 1 with damping range: (0.5, 0.9), preference range: (-500, -100)
Attempt 1: Best parameters: damping=0.6883972488752433, preference=-188
Number of clusters: 6
Text output saved to /root/AutoMLClustering/src/pipeline/train/../../../results/clustered_data/AP/raha_baran/clustered_24/repaired_24.txt
Program completed in: 10.812197923660278 seconds

[INFO] 聚类完成: AP, 运行时间: 10.81 秒
[INFO] 运行聚类算法: DBSCAN，数据集编号: 24, 清洗算法: raha_baran
[INFO] 聚类算法输出:
Data loaded successfully.
Excluded columns with 'id': ['id', 'brewery_id']
Using all columns for clustering: ['abv', 'beer-name', 'brewery-name', 'city', 'ibu', 'index', 'ounces', 'state', 'style']
Text output saved to /root/AutoMLClustering/src/pipeline/train/../../../results/clustered_data/DBSCAN/raha_baran/clustered_24/repaired_24.txt
Program completed in: 8.02591061592102 seconds

[INFO] 聚类完成: DBSCAN, 运行时间: 8.03 秒
[INFO] 运行聚类算法: GMM，数据集编号: 24, 清洗算法: raha_baran
[INFO] 聚类算法输出:
Data loaded successfully.
Excluded columns containing 'id': ['id', 'brewery_id']
Using all columns for clustering: ['abv', 'beer-name', 'brewery-name', 'city', 'ibu', 'index', 'ounces', 'state', 'style']
Initial optimal number of components from Optuna: 17
Best covariance type from Optuna: spherical
Optimal number of components from Kneedle: 9
Refining in range: 9 to 17
Final optimal number of components: 17
Text output saved to /root/AutoMLClustering/src/pipeline/train/../../../results/clustered_data/GMM/raha_baran/clustered_24/repaired_24.txt
Program completed in: 14.794676065444946 seconds

[INFO] 聚类完成: GMM, 运行时间: 14.79 秒
[INFO] 运行聚类算法: HC，数据集编号: 24, 清洗算法: raha_baran
[INFO] 聚类算法输出:
Data loaded successfully.
Excluded columns containing 'id': ['id', 'brewery_id']
Using all columns for clustering: ['abv', 'beer-name', 'brewery-name', 'city', 'ibu', 'index', 'ounces', 'state', 'style']
Final optimal parameters from Optuna: n_clusters=6, linkage=single, metric=manhattan
Text output saved as /root/AutoMLClustering/src/pipeline/train/../../../results/clustered_data/HC/raha_baran/clustered_24/repaired_24.txt
Program completed in: 7.3939149379730225 seconds

[INFO] 聚类完成: HC, 运行时间: 7.39 秒
[INFO] 运行聚类算法: KMEANS，数据集编号: 24, 清洗算法: raha_baran
[INFO] 聚类算法输出:
Data loaded successfully.
Excluded columns containing 'id': ['id', 'brewery_id']
Using multiple columns for clustering: ['abv', 'beer-name', 'brewery-name', 'city', 'ibu', 'index', 'ounces', 'state', 'style']
Initial optimal number of clusters from Optuna: 19
Optimal number of clusters from Kneedle: 8
Refining in range: 8 to 19
Refined optimal number of clusters: 19
Text output saved to /root/AutoMLClustering/src/pipeline/train/../../../results/clustered_data/KMEANS/raha_baran/clustered_24/repaired_24.txt
Program completed in: 61.18714952468872 seconds

[INFO] 聚类完成: KMEANS, 运行时间: 61.19 秒
[INFO] 运行聚类算法: OPTICS，数据集编号: 24, 清洗算法: raha_baran
[INFO] 聚类算法输出:
Data loaded successfully.
Excluded columns containing 'id': ['id', 'brewery_id']
Using all columns for clustering: ['abv', 'beer-name', 'brewery-name', 'city', 'ibu', 'index', 'ounces', 'state', 'style']
Text output saved to /root/AutoMLClustering/src/pipeline/train/../../../results/clustered_data/OPTICS/raha_baran/clustered_24/repaired_24.txt
Program completed in: 49.8407678604126 seconds

[INFO] 聚类完成: OPTICS, 运行时间: 49.84 秒
==================================================
[INFO] 准备处理数据集: beers (CSV: 52.00%.csv, error_rate=52.0%)
[INFO] 正在运行清洗策略: mode
运行清洗算法 1（mode），数据集编号: 31
Repaired data saved to /root/AutoMLClustering/src/pipeline/train/results/dataset_31_algo_1/repaired_dataset_31_algo_1_52.00%.csv
[INFO] 清洗结果文件路径: /root/AutoMLClustering/src/pipeline/train/results/dataset_31_algo_1/repaired_dataset_31_algo_1_52.00%.csv
清洗完成: Dataset=beers, Algo=mode
结果文件路径: ../../../results/cleaned_data/mode/repaired_31.csv
运行时间: 101.64 秒
[INFO] 运行聚类算法: AP，数据集编号: 31, 清洗算法: mode
[INFO] 聚类算法输出:
Data loaded successfully.
Excluded columns with 'id': ['id', 'brewery_id']
Using all columns for clustering: ['abv', 'beer-name', 'brewery-name', 'city', 'ibu', 'index', 'ounces', 'state', 'style']
Attempt 1 with damping range: (0.5, 0.9), preference range: (-500, -100)
Attempt 1: Best parameters: damping=0.5800796587288523, preference=-317
Number of clusters: 1731
Text output saved to /root/AutoMLClustering/src/pipeline/train/../../../results/clustered_data/AP/mode/clustered_31/repaired_31.txt
Program completed in: 785.081377029419 seconds

[INFO] 聚类完成: AP, 运行时间: 785.08 秒
[INFO] 运行聚类算法: DBSCAN，数据集编号: 31, 清洗算法: mode
[INFO] 聚类算法输出:
Data loaded successfully.
Excluded columns with 'id': ['id', 'brewery_id']
Using all columns for clustering: ['abv', 'beer-name', 'brewery-name', 'city', 'ibu', 'index', 'ounces', 'state', 'style']
Text output saved to /root/AutoMLClustering/src/pipeline/train/../../../results/clustered_data/DBSCAN/mode/clustered_31/repaired_31.txt
Program completed in: 30.859128952026367 seconds

[INFO] 聚类完成: DBSCAN, 运行时间: 30.86 秒
[INFO] 运行聚类算法: GMM，数据集编号: 31, 清洗算法: mode
[INFO] 聚类算法输出:
Data loaded successfully.
Excluded columns containing 'id': ['id', 'brewery_id']
Using all columns for clustering: ['abv', 'beer-name', 'brewery-name', 'city', 'ibu', 'index', 'ounces', 'state', 'style']
Initial optimal number of components from Optuna: 5
Best covariance type from Optuna: spherical
Optimal number of components from Kneedle: 13
Refining in range: 5 to 13
Final optimal number of components: 5
Text output saved to /root/AutoMLClustering/src/pipeline/train/../../../results/clustered_data/GMM/mode/clustered_31/repaired_31.txt
Program completed in: 61.39063262939453 seconds

[INFO] 聚类完成: GMM, 运行时间: 61.39 秒
[INFO] 运行聚类算法: HC，数据集编号: 31, 清洗算法: mode
[INFO] 聚类算法输出:
Data loaded successfully.
Excluded columns containing 'id': ['id', 'brewery_id']
Using all columns for clustering: ['abv', 'beer-name', 'brewery-name', 'city', 'ibu', 'index', 'ounces', 'state', 'style']
Final optimal parameters from Optuna: n_clusters=6, linkage=average, metric=euclidean
Text output saved as /root/AutoMLClustering/src/pipeline/train/../../../results/clustered_data/HC/mode/clustered_31/repaired_31.txt
Program completed in: 33.36728525161743 seconds

[INFO] 聚类完成: HC, 运行时间: 33.37 秒
[INFO] 运行聚类算法: KMEANS，数据集编号: 31, 清洗算法: mode
[INFO] 聚类算法输出:
Data loaded successfully.
Excluded columns containing 'id': ['id', 'brewery_id']
Using multiple columns for clustering: ['abv', 'beer-name', 'brewery-name', 'city', 'ibu', 'index', 'ounces', 'state', 'style']
Initial optimal number of clusters from Optuna: 41
Optimal number of clusters from Kneedle: 7
Refining in range: 7 to 41
Refined optimal number of clusters: 38
Text output saved to /root/AutoMLClustering/src/pipeline/train/../../../results/clustered_data/KMEANS/mode/clustered_31/repaired_31.txt
Program completed in: 428.337198972702 seconds

[INFO] 聚类完成: KMEANS, 运行时间: 428.34 秒
[INFO] 运行聚类算法: OPTICS，数据集编号: 31, 清洗算法: mode
[INFO] 聚类算法输出:
Data loaded successfully.
Excluded columns with 'id': ['id']
Using all columns for clustering: ['article_jcreated_at', 'article_jissue', 'article_jvolumn', 'article_language', 'article_pagination', 'article_titl