[32m[I 2025-01-23 21:07:55,013][0m Trial 0 finished with value: -inf and parameters: {'damping': 0.7945278605887524, 'preference': -497}. Best is trial 0 with value: -inf.[0m
[32m[I 2025-01-23 21:07:55,020][0m Trial 1 finished with value: -inf and parameters: {'damping': 0.878432652428307, 'preference': -425}. Best is trial 0 with value: -inf.[0m
[32m[I 2025-01-23 21:07:55,025][0m Trial 2 finished with value: -inf and parameters: {'damping': 0.6493573652864875, 'preference': -496}. Best is trial 0 with value: -inf.[0m
[32m[I 2025-01-23 21:07:55,030][0m Trial 3 finished with value: -inf and parameters: {'damping': 0.7878295015132453, 'preference': -306}. Best is trial 0 with value: -inf.[0m
[32m[I 2025-01-23 21:07:55,035][0m Trial 4 finished with value: -inf and parameters: {'damping': 0.581143766934401, 'preference': -330}. Best is trial 0 with value: -inf.[0m
[32m[I 2025-01-23 21:07:55,040][0m Trial 5 finished with value: -inf and parameters: {'damping': 0.7721164416058013, 'preference': -246}. Best is trial 0 with value: -inf.[0m
[32m[I 2025-01-23 21:07:55,045][0m Trial 6 finished with value: -inf and parameters: {'damping': 0.6593703416494318, 'preference': -444}. Best is trial 0 with value: -inf.[0m
[32m[I 2025-01-23 21:07:55,049][0m Trial 7 finished with value: -inf and parameters: {'damping': 0.6611139123752852, 'preference': -361}. Best is trial 0 with value: -inf.[0m
[32m[I 2025-01-23 21:07:55,054][0m Trial 8 finished with value: -inf and parameters: {'damping': 0.7189864181958503, 'preference': -219}. Best is trial 0 with value: -inf.[0m
[32m[I 2025-01-23 21:07:55,070][0m Trial 9 finished with value: -inf and parameters: {'damping': 0.8931031015817525, 'preference': -208}. Best is trial 0 with value: -inf.[0m
[32m[I 2025-01-23 21:07:55,080][0m Trial 10 finished with value: -inf and parameters: {'damping': 0.5366422040238775, 'preference': -125}. Best is trial 0 with value: -inf.[0m
[32m[I 2025-01-23 21:07:55,099][0m Trial 11 finished with value: -inf and parameters: {'damping': 0.8785651710199894, 'preference': -418}. Best is trial 0 with value: -inf.[0m
[32m[I 2025-01-23 21:07:55,110][0m Trial 12 finished with value: -inf and parameters: {'damping': 0.8340986619595289, 'preference': -496}. Best is trial 0 with value: -inf.[0m
[32m[I 2025-01-23 21:07:55,121][0m Trial 13 finished with value: -inf and parameters: {'damping': 0.8150629181233257, 'preference': -402}. Best is trial 0 with value: -inf.[0m
[32m[I 2025-01-23 21:07:55,141][0m Trial 14 finished with value: -inf and parameters: {'damping': 0.7278018889506478, 'preference': -451}. Best is trial 0 with value: -inf.[0m
[32m[I 2025-01-23 21:07:55,158][0m Trial 15 finished with value: -inf and parameters: {'damping': 0.8525714903805669, 'preference': -374}. Best is trial 0 with value: -inf.[0m
[32m[I 2025-01-23 21:07:55,169][0m Trial 16 finished with value: -inf and parameters: {'damping': 0.7642695968740283, 'preference': -472}. Best is trial 0 with value: -inf.[0m
[32m[I 2025-01-23 21:07:55,186][0m Trial 17 finished with value: -inf and parameters: {'damping': 0.7126537613319228, 'preference': -455}. Best is trial 0 with value: -inf.[0m
[32m[I 2025-01-23 21:07:55,214][0m Trial 18 finished with value: -inf and parameters: {'damping': 0.8223077161189073, 'preference': -384}. Best is trial 0 with value: -inf.[0m
[32m[I 2025-01-23 21:07:55,226][0m Trial 19 finished with value: -inf and parameters: {'damping': 0.7629750157362347, 'preference': -490}. Best is trial 0 with value: -inf.[0m
[32m[I 2025-01-23 21:07:55,237][0m Trial 20 finished with value: -inf and parameters: {'damping': 0.6136063559936055, 'preference': -111}. Best is trial 0 with value: -inf.[0m
[32m[I 2025-01-23 21:07:55,249][0m Trial 21 finished with value: -inf and parameters: {'damping': 0.807261891044939, 'preference': -377}. Best is trial 0 with value: -inf.[0m
[32m[I 2025-01-23 21:07:55,262][0m Trial 22 finished with value: -inf and parameters: {'damping': 0.7487479053543904, 'preference': -493}. Best is trial 0 with value: -inf.[0m
[32m[I 2025-01-23 21:07:55,276][0m Trial 23 finished with value: -inf and parameters: {'damping': 0.6111664912324853, 'preference': -114}. Best is trial 0 with value: -inf.[0m
[32m[I 2025-01-23 21:07:55,304][0m Trial 24 finished with value: -inf and parameters: {'damping': 0.5279466973507285, 'preference': -251}. Best is trial 0 with value: -inf.[0m
[32m[I 2025-01-23 21:07:55,340][0m Trial 25 finished with value: -inf and parameters: {'damping': 0.739118351895393, 'preference': -423}. Best is trial 0 with value: -inf.[0m
[32m[I 2025-01-23 21:07:55,353][0m Trial 26 finished with value: -inf and parameters: {'damping': 0.6857662508994476, 'preference': -155}. Best is trial 0 with value: -inf.[0m
[32m[I 2025-01-23 21:07:55,364][0m Trial 27 finished with value: -inf and parameters: {'damping': 0.5135044268237634, 'preference': -265}. Best is trial 0 with value: -inf.[0m
[32m[I 2025-01-23 21:07:55,375][0m Trial 28 finished with value: -inf and parameters: {'damping': 0.555479058172588, 'preference': -333}. Best is trial 0 with value: -inf.[0m
[32m[I 2025-01-23 21:07:55,387][0m Trial 29 finished with value: -inf and parameters: {'damping': 0.6816755845485485, 'preference': -151}. Best is trial 0 with value: -inf.[0m
[32m[I 2025-01-23 21:07:55,398][0m Trial 30 finished with value: -inf and parameters: {'damping': 0.6121032307285097, 'preference': -176}. Best is trial 0 with value: -inf.[0m
[32m[I 2025-01-23 21:07:55,410][0m Trial 31 finished with value: -inf and parameters: {'damping': 0.5038537132014336, 'preference': -278}. Best is trial 0 with value: -inf.[0m
[32m[I 2025-01-23 21:07:55,421][0m Trial 32 finished with value: -inf and parameters: {'damping': 0.557777209968758, 'preference': -334}. Best is trial 0 with value: -inf.[0m
[32m[I 2025-01-23 21:07:55,435][0m Trial 33 finished with value: -inf and parameters: {'damping': 0.6226135143257826, 'preference': -192}. Best is trial 0 with value: -inf.[0m
[32m[I 2025-01-23 21:07:55,475][0m Trial 34 finished with value: -inf and parameters: {'damping': 0.6840836391701247, 'preference': -171}. Best is trial 0 with value: -inf.[0m
[32m[I 2025-01-23 21:07:55,501][0m Trial 35 finished with value: -inf and parameters: {'damping': 0.7992749567830149, 'preference': -299}. Best is trial 0 with value: -inf.[0m
[32m[I 2025-01-23 21:07:55,515][0m Trial 36 finished with value: -inf and parameters: {'damping': 0.8527585257621897, 'preference': -469}. Best is trial 0 with value: -inf.[0m
[32m[I 2025-01-23 21:07:55,541][0m Trial 37 finished with value: -inf and parameters: {'damping': 0.7857969788549313, 'preference': -435}. Best is trial 0 with value: -inf.[0m
[32m[I 2025-01-23 21:07:55,568][0m Trial 38 finished with value: -inf and parameters: {'damping': 0.8000608916465015, 'preference': -406}. Best is trial 0 with value: -inf.[0m
[32m[I 2025-01-23 21:07:55,597][0m Trial 39 finished with value: -inf and parameters: {'damping': 0.7455866372239597, 'preference': -472}. Best is trial 0 with value: -inf.[0m
[32m[I 2025-01-23 21:07:55,642][0m Trial 40 finished with value: -inf and parameters: {'damping': 0.6378297572793792, 'preference': -229}. Best is trial 0 with value: -inf.[0m
[32m[I 2025-01-23 21:07:55,654][0m Trial 41 finished with value: -inf and parameters: {'damping': 0.5849668342066963, 'preference': -500}. Best is trial 0 with value: -inf.[0m
[32m[I 2025-01-23 21:07:55,664][0m Trial 42 finished with value: -inf and parameters: {'damping': 0.5845537158925583, 'preference': -107}. Best is trial 0 with value: -inf.[0m
[32m[I 2025-01-23 21:07:55,676][0m Trial 43 finished with value: -inf and parameters: {'damping': 0.6798666312959192, 'preference': -148}. Best is trial 0 with value: -inf.[0m
[32m[I 2025-01-23 21:07:55,687][0m Trial 44 finished with value: -inf and parameters: {'damping': 0.5075540371488346, 'preference': -263}. Best is trial 0 with value: -inf.[0m
[32m[I 2025-01-23 21:07:55,699][0m Trial 45 finished with value: -inf and parameters: {'damping': 0.523388795297243, 'preference': -243}. Best is trial 0 with value: -inf.[0m
[32m[I 2025-01-23 21:07:55,711][0m Trial 46 finished with value: -inf and parameters: {'damping': 0.5453692950687018, 'preference': -334}. Best is trial 0 with value: -inf.[0m
[32m[I 2025-01-23 21:07:55,723][0m Trial 47 finished with value: -inf and parameters: {'damping': 0.5568560308934651, 'preference': -307}. Best is trial 0 with value: -inf.[0m
[32m[I 2025-01-23 21:07:55,734][0m Trial 48 finished with value: -inf and parameters: {'damping': 0.6953286933234407, 'preference': -151}. Best is trial 0 with value: -inf.[0m
[32m[I 2025-01-23 21:07:55,746][0m Trial 49 finished with value: -inf and parameters: {'damping': 0.6722720453270208, 'preference': -207}. Best is trial 0 with value: -inf.[0m
[32m[I 2025-01-23 21:07:55,751][0m A new study created in memory with name: no-name-a5f37d79-5f74-4c6d-a93d-fa6509583b1f[0m
[32m[I 2025-01-23 21:07:55,757][0m Trial 0 finished with value: -inf and parameters: {'damping': 0.8038735671262123, 'preference': -220}. Best is trial 0 with value: -inf.[0m
[32m[I 2025-01-23 21:07:55,763][0m Trial 1 finished with value: -inf and parameters: {'damping': 0.8356489842159147, 'preference': -292}. Best is trial 0 with value: -inf.[0m
[32m[I 2025-01-23 21:07:55,776][0m Trial 2 finished with value: -inf and parameters: {'damping': 0.577951895471327, 'preference': -295}. Best is trial 0 with value: -inf.[0m
[32m[I 2025-01-23 21:07:55,780][0m Trial 3 finished with value: -inf and parameters: {'damping': 0.6426002545212388, 'preference': -380}. Best is trial 0 with value: -inf.[0m
[32m[I 2025-01-23 21:07:55,790][0m Trial 4 finished with value: -inf and parameters: {'damping': 0.6166471547567556, 'preference': -494}. Best is trial 0 with value: -inf.[0m
[32m[I 2025-01-23 21:07:55,801][0m Trial 5 finished with value: -inf and parameters: {'damping': 0.8654002841333753, 'preference': -299}. Best is trial 0 with value: -inf.[0m
[32m[I 2025-01-23 21:07:55,813][0m Trial 6 finished with value: -inf and parameters: {'damping': 0.6447106728022647, 'preference': -439}. Best is trial 0 with value: -inf.[0m
[32m[I 2025-01-23 21:07:55,826][0m Trial 7 finished with value: -inf and parameters: {'damping': 0.8496583260839616, 'preference': -476}. Best is trial 0 with value: -inf.[0m
[32m[I 2025-01-23 21:07:55,839][0m Trial 8 finished with value: -inf and parameters: {'damping': 0.6666366313604094, 'preference': -357}. Best is trial 0 with value: -inf.[0m
[32m[I 2025-01-23 21:07:55,844][0m Trial 9 finished with value: -inf and parameters: {'damping': 0.6101515374351867, 'preference': -258}. Best is trial 0 with value: -inf.[0m
[32m[I 2025-01-23 21:07:55,872][0m Trial 10 finished with value: -inf and parameters: {'damping': 0.7621482844917711, 'preference': -134}. Best is trial 0 with value: -inf.[0m
[32m[I 2025-01-23 21:07:55,898][0m Trial 11 finished with value: -inf and parameters: {'damping': 0.7544816418192171, 'preference': -207}. Best is trial 0 with value: -inf.[0m
[32m[I 2025-01-23 21:07:55,921][0m Trial 12 finished with value: -inf and parameters: {'damping': 0.798182624255538, 'preference': -207}. Best is trial 0 with value: -inf.[0m
[32m[I 2025-01-23 21:07:55,950][0m Trial 13 finished with value: -inf and parameters: {'damping': 0.8921174572870727, 'preference': -149}. Best is trial 0 with value: -inf.[0m
[32m[I 2025-01-23 21:07:55,976][0m Trial 14 finished with value: -inf and parameters: {'damping': 0.5106689489242915, 'preference': -222}. Best is trial 0 with value: -inf.[0m
[32m[I 2025-01-23 21:07:55,991][0m Trial 15 finished with value: -inf and parameters: {'damping': 0.8119268285678012, 'preference': -361}. Best is trial 0 with value: -inf.[0m
[32m[I 2025-01-23 21:07:56,003][0m Trial 16 finished with value: -inf and parameters: {'damping': 0.7328186287662735, 'preference': -104}. Best is trial 0 with value: -inf.[0m
[32m[I 2025-01-23 21:07:56,015][0m Trial 17 finished with value: -inf and parameters: {'damping': 0.5121802891841882, 'preference': -213}. Best is trial 0 with value: -inf.[0m
[32m[I 2025-01-23 21:07:56,028][0m Trial 18 finished with value: -inf and parameters: {'damping': 0.8130197685414523, 'preference': -372}. Best is trial 0 with value: -inf.[0m
[32m[I 2025-01-23 21:07:56,040][0m Trial 19 finished with value: -inf and parameters: {'damping': 0.7091087096165188, 'preference': -112}. Best is trial 0 with value: -inf.[0m
[32m[I 2025-01-23 21:07:56,052][0m Trial 20 finished with value: -inf and parameters: {'damping': 0.5003055639694727, 'preference': -166}. Best is trial 0 with value: -inf.[0m
[32m[I 2025-01-23 21:07:56,064][0m Trial 21 finished with value: -inf and parameters: {'damping': 0.5464116049865981, 'preference': -251}. Best is trial 0 with value: -inf.[0m
[32m[I 2025-01-23 21:07:56,076][0m Trial 22 finished with value: -inf and parameters: {'damping': 0.7120486531733454, 'preference': -425}. Best is trial 0 with value: -inf.[0m
[32m[I 2025-01-23 21:07:56,088][0m Trial 23 finished with value: -inf and parameters: {'damping': 0.6860786457623578, 'preference': -166}. Best is trial 0 with value: -inf.[0m
[32m[I 2025-01-23 21:07:56,100][0m Trial 24 finished with value: -inf and parameters: {'damping': 0.5513802366699252, 'preference': -257}. Best is trial 0 with value: -inf.[0m
[32m[I 2025-01-23 21:07:56,113][0m Trial 25 finished with value: -inf and parameters: {'damping': 0.7787975212782479, 'preference': -333}. Best is trial 0 with value: -inf.[0m
[32m[I 2025-01-23 21:07:56,125][0m Trial 26 finished with value: -inf and parameters: {'damping': 0.7069173081419464, 'preference': -162}. Best is trial 0 with value: -inf.[0m
[32m[I 2025-01-23 21:07:56,137][0m Trial 27 finished with value: -inf and parameters: {'damping': 0.5624916323046465, 'preference': -176}. Best is trial 0 with value: -inf.[0m
[32m[I 2025-01-23 21:07:56,150][0m Trial 28 finished with value: -inf and parameters: {'damping': 0.7850596645795699, 'preference': -331}. Best is trial 0 with value: -inf.[0m
[32m[I 2025-01-23 21:07:56,162][0m Trial 29 finished with value: -inf and parameters: {'damping': 0.7685353860865745, 'preference': -272}. Best is trial 0 with value: -inf.[0m
[32m[I 2025-01-23 21:07:56,175][0m Trial 30 finished with value: -inf and parameters: {'damping': 0.7350257313421023, 'preference': -178}. Best is trial 0 with value: -inf.[0m
[32m[I 2025-01-23 21:07:56,188][0m Trial 31 finished with value: -inf and parameters: {'damping': 0.8263858359984765, 'preference': -327}. Best is trial 0 with value: -inf.[0m
[32m[I 2025-01-23 21:07:56,201][0m Trial 32 finished with value: -inf and parameters: {'damping': 0.7791064632896887, 'preference': -274}. Best is trial 0 with value: -inf.[0m
[32m[I 2025-01-23 21:07:56,214][0m Trial 33 finished with value: -inf and parameters: {'damping': 0.7426688168066277, 'preference': -236}. Best is trial 0 with value: -inf.[0m
[32m[I 2025-01-23 21:07:56,227][0m Trial 34 finished with value: -inf and parameters: {'damping': 0.8331051756981899, 'preference': -321}. Best is trial 0 with value: -inf.[0m
[32m[I 2025-01-23 21:07:56,238][0m Trial 35 finished with value: -inf and parameters: {'damping': 0.5900309020753918, 'preference': -139}. Best is trial 0 with value: -inf.[0m
[32m[I 2025-01-23 21:07:56,266][0m Trial 36 finished with value: -inf and parameters: {'damping': 0.536995938437661, 'preference': -192}. Best is trial 0 with value: -inf.[0m
[32m[I 2025-01-23 21:07:56,280][0m Trial 37 finished with value: -inf and parameters: {'damping': 0.5299414276235883, 'preference': -415}. Best is trial 0 with value: -inf.[0m
[32m[I 2025-01-23 21:07:56,312][0m Trial 38 finished with value: -inf and parameters: {'damping': 0.6704109013539359, 'preference': -409}. Best is trial 0 with value: -inf.[0m
[32m[I 2025-01-23 21:07:56,335][0m Trial 39 finished with value: -inf and parameters: {'damping': 0.6631020006771167, 'preference': -241}. Best is trial 0 with value: -inf.[0m
[32m[I 2025-01-23 21:07:56,348][0m Trial 40 finished with value: -inf and parameters: {'damping': 0.6924488686759107, 'preference': -469}. Best is trial 0 with value: -inf.[0m
[32m[I 2025-01-23 21:07:56,379][0m Trial 41 finished with value: -inf and parameters: {'damping': 0.8605542642805444, 'preference': -280}. Best is trial 0 with value: -inf.[0m
[32m[I 2025-01-23 21:07:56,391][0m Trial 42 finished with value: -inf and parameters: {'damping': 0.6224761748469813, 'preference': -156}. Best is trial 0 with value: -inf.[0m
[32m[I 2025-01-23 21:07:56,406][0m Trial 43 finished with value: -inf and parameters: {'damping': 0.8990141419480573, 'preference': -308}. Best is trial 0 with value: -inf.[0m
[32m[I 2025-01-23 21:07:56,418][0m Trial 44 finished with value: -inf and parameters: {'damping': 0.5710719997996253, 'preference': -196}. Best is trial 0 with value: -inf.[0m
[32m[I 2025-01-23 21:07:56,430][0m Trial 45 finished with value: -inf and parameters: {'damping': 0.5715450107293657, 'preference': -127}. Best is trial 0 with value: -inf.[0m
[32m[I 2025-01-23 21:07:56,443][0m Trial 46 finished with value: -inf and parameters: {'damping': 0.7896388409804941, 'preference': -343}. Best is trial 0 with value: -inf.[0m
[32m[I 2025-01-23 21:07:56,455][0m Trial 47 finished with value: -inf and parameters: {'damping': 0.7957769992060126, 'preference': -395}. Best is trial 0 with value: -inf.[0m
[32m[I 2025-01-23 21:07:56,468][0m Trial 48 finished with value: -inf and parameters: {'damping': 0.7625005377941394, 'preference': -288}. Best is trial 0 with value: -inf.[0m
[32m[I 2025-01-23 21:07:56,480][0m Trial 49 finished with value: -inf and parameters: {'damping': 0.7211339639957086, 'preference': -189}. Best is trial 0 with value: -inf.[0m
[32m[I 2025-01-23 21:07:56,486][0m A new study created in memory with name: no-name-d40170e4-5478-49a9-be0d-f1af22eb929e[0m
[32m[I 2025-01-23 21:07:56,491][0m Trial 0 finished with value: -inf and parameters: {'damping': 0.7977271426568823, 'preference': -443}. Best is trial 0 with value: -inf.[0m
[32m[I 2025-01-23 21:07:56,497][0m Trial 1 finished with value: -inf and parameters: {'damping': 0.7891534038896106, 'preference': -176}. Best is trial 0 with value: -inf.[0m
[32m[I 2025-01-23 21:07:56,502][0m Trial 2 finished with value: -inf and parameters: {'damping': 0.6182475650326287, 'preference': -193}. Best is trial 0 with value: -inf.[0m
[32m[I 2025-01-23 21:07:56,506][0m Trial 3 finished with value: -inf and parameters: {'damping': 0.7232262700429881, 'preference': -354}. Best is trial 0 with value: -inf.[0m
[32m[I 2025-01-23 21:07:56,511][0m Trial 4 finished with value: -inf and parameters: {'damping': 0.5071326485212442, 'preference': -132}. Best is trial 0 with value: -inf.[0m
[32m[I 2025-01-23 21:07:56,516][0m Trial 5 finished with value: -inf and parameters: {'damping': 0.5584975892857422, 'preference': -175}. Best is trial 0 with value: -inf.[0m
[32m[I 2025-01-23 21:07:56,521][0m Trial 6 finished with value: -inf and parameters: {'damping': 0.5089553336176696, 'preference': -365}. Best is trial 0 with value: -inf.[0m
[32m[I 2025-01-23 21:07:56,534][0m Trial 7 finished with value: -inf and parameters: {'damping': 0.8173159311662948, 'preference': -467}. Best is trial 0 with value: -inf.[0m
[32m[I 2025-01-23 21:07:56,542][0m Trial 8 finished with value: -inf and parameters: {'damping': 0.7006782972572305, 'preference': -403}. Best is trial 0 with value: -inf.[0m
[32m[I 2025-01-23 21:07:56,551][0m Trial 9 finished with value: -inf and parameters: {'damping': 0.6841285770817052, 'preference': -285}. Best is trial 0 with value: -inf.[0m
[32m[I 2025-01-23 21:07:56,577][0m Trial 10 finished with value: -inf and parameters: {'damping': 0.8765945900676221, 'preference': -491}. Best is trial 0 with value: -inf.[0m
[32m[I 2025-01-23 21:07:56,604][0m Trial 11 finished with value: -inf and parameters: {'damping': 0.7868855617183963, 'preference': -259}. Best is trial 0 with value: -inf.[0m
[32m[I 2025-01-23 21:07:56,636][0m Trial 12 finished with value: -inf and parameters: {'damping': 0.8077640870723182, 'preference': -105}. Best is trial 0 with value: -inf.[0m
[32m[I 2025-01-23 21:07:56,668][0m Trial 13 finished with value: -inf and parameters: {'damping': 0.8932342115369729, 'preference': -239}. Best is trial 0 with value: -inf.[0m
[32m[I 2025-01-23 21:07:56,692][0m Trial 14 finished with value: -inf and parameters: {'damping': 0.7556223832486579, 'preference': -432}. Best is trial 0 with value: -inf.[0m
[32m[I 2025-01-23 21:07:56,707][0m Trial 15 finished with value: -inf and parameters: {'damping': 0.8428498897116767, 'preference': -325}. Best is trial 0 with value: -inf.[0m
[32m[I 2025-01-23 21:07:56,719][0m Trial 16 finished with value: -inf and parameters: {'damping': 0.7594886796474938, 'preference': -410}. Best is trial 0 with value: -inf.[0m
[32m[I 2025-01-23 21:07:56,730][0m Trial 17 finished with value: -inf and parameters: {'damping': 0.650115152919124, 'preference': -441}. Best is trial 0 with value: -inf.[0m
[32m[I 2025-01-23 21:07:56,744][0m Trial 18 finished with value: -inf and parameters: {'damping': 0.8516370326023597, 'preference': -327}. Best is trial 0 with value: -inf.[0m
[32m[I 2025-01-23 21:07:56,756][0m Trial 19 finished with value: -inf and parameters: {'damping': 0.7471433632697233, 'preference': -405}. Best is trial 0 with value: -inf.[0m
[32m[I 2025-01-23 21:07:56,768][0m Trial 20 finished with value: -inf and parameters: {'damping': 0.6413995887594723, 'preference': -446}. Best is trial 0 with value: -inf.[0m
