[32m[I 2025-01-23 21:07:57,244][0m Trial 49 finished with value: -inf and parameters: {'damping': 0.57627122074967, 'preference': -227}. Best is trial 0 with value: -inf.[0m
------------------------------------------------------------------------
The error corrector models are updated with new labeled tuple 377.
816523 pairs of (a data error, a potential correction) are featurized.
61% (2289 / 3723) of data errors are corrected.
------------------------------------------------------------------------
The error corrector models are updated with new labeled tuple 494.
818409 pairs of (a data error, a potential correction) are featurized.
61% (2289 / 3723) of data errors are corrected.
------------------------------------------------------------------------
The error corrector models are updated with new labeled tuple 202.
825624 pairs of (a data error, a potential correction) are featurized.
64% (2371 / 3723) of data errors are corrected.
------------------------------------------------------------------------
The error corrector models are updated with new labeled tuple 226.
827002 pairs of (a data error, a potential correction) are featurized.
66% (2461 / 3723) of data errors are corrected.
------------------------------------------------------------------------
The error corrector models are updated with new labeled tuple 298.
830311 pairs of (a data error, a potential correction) are featurized.
66% (2461 / 3723) of data errors are corrected.
------------------------------------------------------------------------
Repaired data saved to /root/AutoMLClustering/results/rayyan/raha_baran/results-dataset_33_algo_2/repaired_dataset_33_algo_2.csv
[INFO] 清洗结果文件路径: /root/AutoMLClustering/results/rayyan/raha_baran/results-dataset_33_algo_2/repaired_dataset_33_algo_2.csv
清洗完成: Dataset=rayyan, Algo=raha_baran
结果文件路径: ../../../results/cleaned_data/baran/repaired_33.csv
运行时间: 1270.69 秒
[INFO] 运行聚类算法: AP，数据集编号: 33, 清洗算法: raha_baran
[INFO] 聚类算法输出:
Data loaded successfully.
Excluded columns with 'id': ['id']
Using all columns for clustering: ['article_jcreated_at', 'article_jissue', 'article_jvolumn', 'article_language', 'article_pagination', 'article_title', 'author_list', 'jounral_abbreviation', 'journal_issn', 'journal_title']
Attempt 1 with damping range: (0.5, 0.9), preference range: (-500, -100)
Attempt 1: Best parameters: damping=0.6766494745061898, preference=-101
Number of clusters: 2
Text output saved to /root/AutoMLClustering/src/pipeline/train/../../../results/clustered_data/AP/raha_baran/clustered_33/repaired_33.txt
Program completed in: 0.8907809257507324 seconds

[INFO] 聚类完成: AP, 运行时间: 0.89 秒
[INFO] 运行聚类算法: DBSCAN，数据集编号: 33, 清洗算法: raha_baran
[INFO] 聚类算法输出:
Data loaded successfully.
Excluded columns with 'id': ['id']
Using all columns for clustering: ['article_jcreated_at', 'article_jissue', 'article_jvolumn', 'article_language', 'article_pagination', 'article_title', 'author_list', 'jounral_abbreviation', 'journal_issn', 'journal_title']
Text output saved to /root/AutoMLClustering/src/pipeline/train/../../../results/clustered_data/DBSCAN/raha_baran/clustered_33/repaired_33.txt
Program completed in: 4.118030071258545 seconds

[INFO] 聚类完成: DBSCAN, 运行时间: 4.12 秒
[INFO] 运行聚类算法: GMM，数据集编号: 33, 清洗算法: raha_baran
[INFO] 聚类算法输出:
Data loaded successfully.
Excluded columns containing 'id': ['id']
Using all columns for clustering: ['article_jcreated_at', 'article_jissue', 'article_jvolumn', 'article_language', 'article_pagination', 'article_title', 'author_list', 'jounral_abbreviation', 'journal_issn', 'journal_title']
Initial optimal number of components from Optuna: 8
Best covariance type from Optuna: tied
Optimal number of components from Kneedle: None
Refining in range: 8 to 10
Final optimal number of components: 8
Text output saved to /root/AutoMLClustering/src/pipeline/train/../../../results/clustered_data/GMM/raha_baran/clustered_33/repaired_33.txt
Program completed in: 4.786843299865723 seconds

[INFO] 聚类完成: GMM, 运行时间: 4.79 秒
[INFO] 运行聚类算法: HC，数据集编号: 33, 清洗算法: raha_baran
[INFO] 聚类算法输出:
Data loaded successfully.
Excluded columns containing 'id': ['id']
Using all columns for clustering: ['article_jcreated_at', 'article_jissue', 'article_jvolumn', 'article_language', 'article_pagination', 'article_title', 'author_list', 'jounral_abbreviation', 'journal_issn', 'journal_title']
Final optimal parameters from Optuna: n_clusters=6, linkage=single, metric=manhattan
Text output saved as /root/AutoMLClustering/src/pipeline/train/../../../results/clustered_data/HC/raha_baran/clustered_33/repaired_33.txt
Program completed in: 3.9006903171539307 seconds

[INFO] 聚类完成: HC, 运行时间: 3.90 秒
[INFO] 运行聚类算法: KMEANS，数据集编号: 33, 清洗算法: raha_baran
[INFO] 聚类算法输出:
Data loaded successfully.
Excluded columns containing 'id': ['id']
Using multiple columns for clustering: ['article_jcreated_at', 'article_jissue', 'article_jvolumn', 'article_language', 'article_pagination', 'article_title', 'author_list', 'jounral_abbreviation', 'journal_issn', 'journal_title']
Initial optimal number of clusters from Optuna: 8
Optimal number of clusters from Kneedle: None
No further refinement needed. Final optimal number of clusters: 8
Text output saved to /root/AutoMLClustering/src/pipeline/train/../../../results/clustered_data/KMEANS/raha_baran/clustered_33/repaired_33.txt
Program completed in: 13.0746910572052 seconds

[INFO] 聚类完成: KMEANS, 运行时间: 13.07 秒
[INFO] 运行聚类算法: OPTICS，数据集编号: 33, 清洗算法: raha_baran
[INFO] 聚类算法输出:
Data loaded successfully.
Excluded columns containing 'id': ['id']
Using all columns for clustering: ['article_jcreated_at', 'article_jissue', 'article_jvolumn', 'article_language', 'article_pagination', 'article_title', 'author_list', 'jounral_abbreviation', 'journal_issn', 'journal_title']
Text output saved to /root/AutoMLClustering/src/pipeline/train/../../../results/clustered_data/OPTICS/raha_baran/clustered_33/repaired_33.txt
Program completed in: 15.475816488265991 seconds

[INFO] 聚类完成: OPTICS, 运行时间: 15.48 秒
==================================================
[INFO] 准备处理数据集: rayyan (CSV: 10.75%.csv, error_rate=10.75%)
[INFO] 正在运行清洗策略: mode
运行清洗算法 1（mode），数据集编号: 39
Repaired data saved to /root/AutoMLClustering/src/pipeline/train/results/dataset_39_algo_1/repaired_dataset_39_algo_1_10.75%.csv
[INFO] 清洗结果文件路径: /root/AutoMLClustering/src/pipeline/train/results/dataset_39_algo_1/repaired_dataset_39_algo_1_10.75%.csv
清洗完成: Dataset=rayyan, Algo=mode
结果文件路径: ../../../results/cleaned_data/mode/repaired_39.csv
运行时间: 37.37 秒
[INFO] 运行聚类算法: AP，数据集编号: 39, 清洗算法: mode
[INFO] 聚类算法输出:
Data loaded successfully.
Excluded columns with 'id': ['id']
Using all columns for clustering: ['article_jcreated_at', 'article_jissue', 'article_jvolumn', 'article_language', 'article_pagination', 'article_title', 'author_list', 'jounral_abbreviation', 'journal_issn', 'journal_title']
Attempt 1 with damping range: (0.5, 0.9), preference range: (-500, -100)
Attempt 1: Best parameters: damping=0.7268402784476945, preference=-429
Number of clusters: 2
Text output saved to /root/AutoMLClustering/src/pipeline/train/../../../results/clustered_data/AP/mode/clustered_39/repaired_39.txt
Program completed in: 24.925330877304077 seconds

[INFO] 聚类完成: AP, 运行时间: 24.93 秒
[INFO] 运行聚类算法: DBSCAN，数据集编号: 39, 清洗算法: mode
[INFO] 聚类算法输出:
Data loaded successfully.
Excluded columns containing 'id': ['id', 'brewery_id']
Using all columns for clustering: ['abv', 'beer-name', 'brewery-name', 'city', 'ibu', 'index', 'ounces', 'state', 'style']
Initial optimal number of components from Optuna: 35
Best covariance type from Optuna: spherical
Optimal number of components from Kneedle: 11
Refining in range: 11 to 35
Final optimal number of components: 35
Text output saved to /root/AutoMLClustering/src/pipeline/train/../../../results/clustered_data/GMM/mode/clustered_30/repaired_30.txt
Program completed in: 33.8196542263031 seconds

[INFO] 聚类完成: GMM, 运行时间: 33.82 秒
[INFO] 运行聚类算法: HC，数据集编号: 30, 清洗算法: mode
[INFO] 聚类算法输出:
Data loaded successfully.
Excluded columns containing 'id': ['id', 'brewery_id']
Using all columns for clustering: ['abv', 'beer-name', 'brewery-name', 'city', 'ibu', 'index', 'ounces', 'state', 'style']
Final optimal parameters from Optuna: n_clusters=6, linkage=single, metric=manhattan
Text output saved as /root/AutoMLClustering/src/pipeline/train/../../../results/clustered_data/HC/mode/clustered_30/repaired_30.txt
Program completed in: 22.99158000946045 seconds

[INFO] 聚类完成: HC, 运行时间: 22.99 秒
[INFO] 运行聚类算法: KMEANS，数据集编号: 30, 清洗算法: mode
[INFO] 聚类算法输出:
Data loaded successfully.
Excluded columns containing 'id': ['id', 'brewery_id']
Using multiple columns for clustering: ['abv', 'beer-name', 'brewery-name', 'city', 'ibu', 'index', 'ounces', 'state', 'style']
Initial optimal number of clusters from Optuna: 35
Optimal number of clusters from Kneedle: 8
Refining in range: 8 to 35
Refined optimal number of clusters: 31
Text output saved to /root/AutoMLClustering/src/pipeline/train/../../../results/clustered_data/KMEANS/mode/clustered_30/repaired_30.txt
Program completed in: 232.48006772994995 seconds

[INFO] 聚类完成: KMEANS, 运行时间: 232.48 秒
[INFO] 运行聚类算法: OPTICS，数据集编号: 30, 清洗算法: mode
[INFO] 聚类算法输出:
Data loaded successfully.
Excluded columns containing 'id': ['id', 'brewery_id']
Using all columns for clustering: ['abv', 'beer-name', 'brewery-name', 'city', 'ibu', 'index', 'ounces', 'state', 'style']
Text output saved to /root/AutoMLClustering/src/pipeline/train/../../../results/clustered_data/OPTICS/mode/clustered_30/repaired_30.txt
Program completed in: 471.9557695388794 seconds

[INFO] 聚类完成: OPTICS, 运行时间: 471.96 秒
==================================================
[INFO] 正在运行清洗策略: raha_baran
运行清洗算法 2（baran），数据集编号: 30
------------------------------------------------------------------------
---------------------Initialize the Dataset Object----------------------
------------------------------------------------------------------------
------------------------------------------------------------------------
--------------------Initialize Error Corrector Models-------------------
------------------------------------------------------------------------
The error corrector models are initialized.
------------------------------------------------------------------------
--------------Iterative Tuple Sampling, Labeling, and Learning----------
------------------------------------------------------------------------
The error corrector models are updated with new labeled tuple 286.
1225809 pairs of (a data error, a potential correction) are featurized.
58% (6112 / 10482) of data errors are corrected.
------------------------------------------------------------------------
The error corrector models are updated with new labeled tuple 1140.
1234255 pairs of (a data error, a potential correction) are featurized.
59% (6180 / 10482) of data errors are corrected.
------------------------------------------------------------------------
The error corrector models are updated with new labeled tuple 836.
1237676 pairs of (a data error, a potential correction) are featurized.
59% (6180 / 10482) of data errors are corrected.
------------------------------------------------------------------------
The error corrector models are updated with new labeled tuple 1079.
1247423 pairs of (a data error, a potential correction) are featurized.
60% (6255 / 10482) of data errors are corrected.
------------------------------------------------------------------------
The error corrector models are updated with new labeled tuple 480.
1249944 pairs of (a data error, a potential correction) are featurized.
60% (6264 / 10482) of data errors are corrected.
------------------------------------------------------------------------
The error corrector models are updated with new labeled tuple 605.
1256696 pairs of (a data error, a potential correction) are featurized.
60% (6289 / 10482) of data errors are corrected.
------------------------------------------------------------------------
The error corrector models are updated with new labeled tuple 720.
1266148 pairs of (a data error, a potential correction) are featurized.
62% (6495 / 10482) of data errors are corrected.
------------------------------------------------------------------------
The error corrector models are updated with new labeled tuple 352.
1269860 pairs of (a data error, a potential correction) are featurized.
62% (6547 / 10482) of data errors are corrected.
------------------------------------------------------------------------
The error corrector models are updated with new labeled tuple 2356.
1272992 pairs of (a data error, a potential correction) are featurized.
63% (6581 / 10482) of data errors are corrected.
------------------------------------------------------------------------
The error corrector models are updated with new labeled tuple 127.
1276808 pairs of (a data error, a potential correction) are featurized.
63% (6642 / 10482) of data errors are corrected.
------------------------------------------------------------------------
The error corrector models are updated with new labeled tuple 2380.
1283764 pairs of (a data error, a potential correction) are featurized.
64% (6677 / 10482) of data errors are corrected.
------------------------------------------------------------------------
The error corrector models are updated with new labeled tuple 1240.
1288472 pairs of (a data error, a potential correction) are featurized.
64% (6682 / 10482) of data errors are corrected.
------------------------------------------------------------------------
The error corrector models are updated with new labeled tuple 991.
1295970 pairs of (a data error, a potential correction) are featurized.
64% (6726 / 10482) of data errors are corrected.
------------------------------------------------------------------------
The error corrector models are updated with new labeled tuple 558.
1299050 pairs of (a data error, a potential correction) are featurized.
65% (6792 / 10482) of data errors are corrected.
------------------------------------------------------------------------
The error corrector models are updated with new labeled tuple 1643.
1304317 pairs of (a data error, a potential correction) are featurized.
66% (6969 / 10482) of data errors are corrected.
------------------------------------------------------------------------
The error corrector models are updated with new labeled tuple 354.
1309798 pairs of (a data error, a potential correction) are featurized.
66% (6969 / 10482) of data errors are corrected.
------------------------------------------------------------------------
The error corrector models are updated with new labeled tuple 1183.
1318861 pairs of (a data error, a potential correction) are featurized.
67% (6975 / 10482) of data errors are corrected.
------------------------------------------------------------------------
The error corrector models are updated with new labeled tuple 1249.
1326789 pairs of (a data error, a potential correction) are featurized.
67% (6975 / 10482) of data errors are corrected.
------------------------------------------------------------------------
The error corrector models are updated with new labeled tuple 1789.
[INFO] 聚类算法输出:
Data loaded successfully.
Excluded columns containing 'id': ['id']
Using all columns for clustering: ['article_jcreated_at', 'article_jissue', 'article_jvolumn', 'article_language', 'article_pagination', 'article_title', 'author_list', 'jounral_abbreviation', 'journal_issn', 'journal_title']
Initial optimal number of components from Optuna: 10
Best covariance type from Optuna: full
Optimal number of components from Kneedle: 6
Refining in range: 6 to 10
Final optimal number of components: 10
Text output saved to /root/AutoMLClustering/src/pipeline/train/../../../results/clustered_data/GMM/mode/clustered_35/repaired_35.txt
Program completed in: 15.515432357788086 seconds

[INFO] 聚类完成: GMM, 运行时间: 15.52 秒
[INFO] 运行聚类算法: HC，数据集编号: 35, 清洗算法: mode
[INFO] 聚类算法输出:
Data loaded successfully.
Excluded columns containing 'id': ['id']
Using all columns for clustering: ['article_jcreated_at', 'article_jissue', 'article_jvolumn', 'article_language', 'article_pagination', 'article_title', 'author_list', 'jounral_abbreviation', 'journal_issn', 'journal_title']
Final optimal parameters from Optuna: n_clusters=17, linkage=single, metric=manhattan
Text output saved as /root/AutoMLClustering/src/pipeline/train/../../../results/clustered_data/HC/mode/clustered_35/repaired_35.txt
Program completed in: 9.301645040512085 seconds

[INFO] 聚类完成: HC, 运行时间: 9.30 秒
[INFO] 运行聚类算法: KMEANS，数据集编号: 35, 清洗算法: mode
[INFO] 聚类算法输出:
Data loaded successfully.
Excluded columns containing 'id': ['id']
Using multiple columns for clustering: ['article_jcreated_at', 'article_jissue', 'article_jvolumn', 'article_language', 'article_pagination', 'article_title', 'author_list', 'jounral_abbreviation', 'journal_issn', 'journal_title']
Initial optimal number of clusters from Optuna: 17
Optimal number of clusters from Kneedle: 7
Refining in range: 7 to 17
Refined optimal number of clusters: 16
Text output saved to /root/AutoMLClustering/src/pipeline/train/../../../results/clustered_data/KMEANS/mode/clustered_35/repaired_35.txt
Program completed in: 56.338051080703735 seconds

[INFO] 聚类完成: KMEANS, 运行时间: 56.34 秒
[INFO] 运行聚类算法: OPTICS，数据集编号: 35, 清洗算法: mode
[INFO] 聚类算法输出:
Data loaded successfully.
Excluded columns containing 'id': ['id']
Using all columns for clustering: ['article_jcreated_at', 'article_jissue', 'article_jvolumn', 'article_language', 'article_pagination', 'article_title', 'author_list', 'jounral_abbreviation', 'journal_issn', 'journal_title']
Text output saved to /root/AutoMLClustering/src/pipeline/train/../../../results/clustered_data/OPTICS/mode/clustered_35/repaired_35.txt
Program completed in: 45.760661363601685 seconds

[INFO] 聚类完成: OPTICS, 运行时间: 45.76 秒
==================================================
[INFO] 正在运行清洗策略: raha_baran
运行清洗算法 2（baran），数据集编号: 35
------------------------------------------------------------------------
---------------------Initialize the Dataset Object----------------------
------------------------------------------------------------------------
------------------------------------------------------------------------
--------------------Initialize Error Corrector Models-------------------
------------------------------------------------------------------------
The error corrector models are initialized.
------------------------------------------------------------------------
--------------Iterative Tuple Sampling, Labeling, and Learning----------
------------------------------------------------------------------------
The error corrector models are updated with new labeled tuple 425.
323316 pairs of (a data error, a potential correction) are featurized.
48% (1187 / 2474) of data errors are corrected.
------------------------------------------------------------------------
The error corrector models are updated with new labeled tuple 421.
325627 pairs of (a data error, a potential correction) are featurized.
51% (1256 / 2474) of data errors are corrected.
------------------------------------------------------------------------
The error corrector models are updated with new labeled tuple 570.
329304 pairs of (a data error, a potential correction) are featurized.
80% (1979 / 2474) of data errors are corrected.
------------------------------------------------------------------------
The error corrector models are updated with new labeled tuple 409.
332321 pairs of (a data error, a potential correction) are featurized.
80% (1979 / 2474) of data errors are corrected.
------------------------------------------------------------------------
The error corrector models are updated with new labeled tuple 535.
334218 pairs of (a data error, a potential correction) are featurized.
80% (1979 / 2474) of data errors are corrected.
------------------------------------------------------------------------
The error corrector models are updated with new labeled tuple 905.
334382 pairs of (a data error, a potential correction) are featurized.
80% (1983 / 2474) of data errors are corrected.
------------------------------------------------------------------------
The error corrector models are updated with new labeled tuple 942.
336903 pairs of (a data error, a potential correction) are featurized.
81% (2002 / 2474) of data errors are corrected.
------------------------------------------------------------------------
The error corrector models are updated with new labeled tuple 621.
339790 pairs of (a data error, a potential correction) are featurized.
81% (2002 / 2474) of data errors are corrected.
------------------------------------------------------------------------
The error corrector models are updated with new labeled tuple 339.
340917 pairs of (a data error, a potential correction) are featurized.
81% (2002 / 2474) of data errors are corrected.
------------------------------------------------------------------------
The error corrector models are updated with new labeled tuple 255.
345162 pairs of (a data error, a potential correction) are featurized.
81% (2010 / 2474) of data errors are corrected.
------------------------------------------------------------------------
The error corrector models are updated with new labeled tuple 75.
347578 pairs of (a data error, a potential correction) are featurized.
82% (2019 / 2474) of data errors are corrected.
------------------------------------------------------------------------
The error corrector models are updated with new labeled tuple 720.
348994 pairs of (a data error, a potential correction) are featurized.
82% (2020 / 2474) of data errors are corrected.
------------------------------------------------------------------------
The error corrector models are updated with new labeled tuple 908.
350348 pairs of (a data error, a potential correction) are featurized.
82% (2031 / 2474) of data errors are corrected.
-----------------------------------