[32m[I 2025-01-23 21:07:56,781][0m Trial 21 finished with value: -inf and parameters: {'damping': 0.8539756015771751, 'preference': -496}. Best is trial 0 with value: -inf.[0m
[32m[I 2025-01-23 21:07:56,793][0m Trial 22 finished with value: -inf and parameters: {'damping': 0.7510567288879231, 'preference': -377}. Best is trial 0 with value: -inf.[0m
[32m[I 2025-01-23 21:07:56,805][0m Trial 23 finished with value: -inf and parameters: {'damping': 0.6133727470145802, 'preference': -463}. Best is trial 0 with value: -inf.[0m
[32m[I 2025-01-23 21:07:56,817][0m Trial 24 finished with value: -inf and parameters: {'damping': 0.6596042319354344, 'preference': -493}. Best is trial 0 with value: -inf.[0m
[32m[I 2025-01-23 21:07:56,830][0m Trial 25 finished with value: -inf and parameters: {'damping': 0.8424999009673246, 'preference': -378}. Best is trial 0 with value: -inf.[0m
[32m[I 2025-01-23 21:07:56,842][0m Trial 26 finished with value: -inf and parameters: {'damping': 0.5864214288790729, 'preference': -467}. Best is trial 0 with value: -inf.[0m
[32m[I 2025-01-23 21:07:56,853][0m Trial 27 finished with value: -inf and parameters: {'damping': 0.6744944100742691, 'preference': -497}. Best is trial 0 with value: -inf.[0m
[32m[I 2025-01-23 21:07:56,875][0m Trial 28 finished with value: -inf and parameters: {'damping': 0.8280896060642036, 'preference': -395}. Best is trial 0 with value: -inf.[0m
[32m[I 2025-01-23 21:07:56,892][0m Trial 29 finished with value: -inf and parameters: {'damping': 0.5841294508777038, 'preference': -430}. Best is trial 0 with value: -inf.[0m
[32m[I 2025-01-23 21:07:56,924][0m Trial 30 finished with value: -inf and parameters: {'damping': 0.5450810615238634, 'preference': -468}. Best is trial 0 with value: -inf.[0m
[32m[I 2025-01-23 21:07:56,948][0m Trial 31 finished with value: -inf and parameters: {'damping': 0.7995471601062601, 'preference': -461}. Best is trial 0 with value: -inf.[0m
[32m[I 2025-01-23 21:07:56,971][0m Trial 32 finished with value: -inf and parameters: {'damping': 0.7048761573118542, 'preference': -420}. Best is trial 0 with value: -inf.[0m
[32m[I 2025-01-23 21:07:56,984][0m Trial 33 finished with value: -inf and parameters: {'damping': 0.5441325625748971, 'preference': -390}. Best is trial 0 with value: -inf.[0m
[32m[I 2025-01-23 21:07:57,016][0m Trial 34 finished with value: -inf and parameters: {'damping': 0.7875293654614116, 'preference': -457}. Best is trial 0 with value: -inf.[0m
[32m[I 2025-01-23 21:07:57,046][0m Trial 35 finished with value: -inf and parameters: {'damping': 0.867815642384591, 'preference': -444}. Best is trial 0 with value: -inf.[0m
[32m[I 2025-01-23 21:07:57,074][0m Trial 36 finished with value: -inf and parameters: {'damping': 0.7454475728630402, 'preference': -355}. Best is trial 0 with value: -inf.[0m
[32m[I 2025-01-23 21:07:57,087][0m Trial 37 finished with value: -inf and parameters: {'damping': 0.7273866914593351, 'preference': -327}. Best is trial 0 with value: -inf.[0m
[32m[I 2025-01-23 21:07:57,099][0m Trial 38 finished with value: -inf and parameters: {'damping': 0.7775213582266116, 'preference': -481}. Best is trial 0 with value: -inf.[0m
[32m[I 2025-01-23 21:07:57,112][0m Trial 39 finished with value: -inf and parameters: {'damping': 0.7208159093844912, 'preference': -371}. Best is trial 0 with value: -inf.[0m
[32m[I 2025-01-23 21:07:57,123][0m Trial 40 finished with value: -inf and parameters: {'damping': 0.6254993311051152, 'preference': -417}. Best is trial 0 with value: -inf.[0m
[32m[I 2025-01-23 21:07:57,136][0m Trial 41 finished with value: -inf and parameters: {'damping': 0.6658477133643308, 'preference': -378}. Best is trial 0 with value: -inf.[0m
[32m[I 2025-01-23 21:07:57,149][0m Trial 42 finished with value: -inf and parameters: {'damping': 0.5990443586927263, 'preference': -477}. Best is trial 0 with value: -inf.[0m
[32m[I 2025-01-23 21:07:57,163][0m Trial 43 finished with value: -inf and parameters: {'damping': 0.5945457086438777, 'preference': -460}. Best is trial 0 with value: -inf.[0m
[32m[I 2025-01-23 21:07:57,176][0m Trial 44 finished with value: -inf and parameters: {'damping': 0.6706087367637477, 'preference': -497}. Best is trial 0 with value: -inf.[0m
[32m[I 2025-01-23 21:07:57,189][0m Trial 45 finished with value: -inf and parameters: {'damping': 0.5711356237530236, 'preference': -496}. Best is trial 0 with value: -inf.[0m
[32m[I 2025-01-23 21:07:57,203][0m Trial 46 finished with value: -inf and parameters: {'damping': 0.8234915875464107, 'preference': -390}. Best is trial 0 with value: -inf.[0m
[32m[I 2025-01-23 21:07:57,218][0m Trial 47 finished with value: -inf and parameters: {'damping': 0.8223492652656167, 'preference': -299}. Best is trial 0 with value: -inf.[0m
[32m[I 2025-01-23 21:07:57,231][0m Trial 48 finished with value: -inf and parameters: {'damping': 0.5223214611587299, 'preference': -424}. Best is trial 0 with value: -inf.[0m
