nohup: ignoring input
[INFO] 准备处理数据集: flights (CSV: clean.csv, error_rate=0.01%)
[INFO] 检测到 clean 数据集 flights，跳过清洗和聚类
==================================================
[INFO] 准备处理数据集: flights (CSV: 51.59%.csv, error_rate=51.59%)
[INFO] 正在运行清洗策略: mode
运行清洗算法 1（mode），数据集编号: 8
Repaired data saved to /root/AutoMLClustering/src/pipeline/train/results/dataset_8_algo_1/repaired_dataset_8_algo_1_51.59%.csv
[INFO] 清洗结果文件路径: /root/AutoMLClustering/src/pipeline/train/results/dataset_8_algo_1/repaired_dataset_8_algo_1_51.59%.csv
清洗完成: Dataset=flights, Algo=mode
结果文件路径: ../../../results/cleaned_data/mode/repaired_8.csv
运行时间: 100.63 秒
[INFO] 运行聚类算法: AP，数据集编号: 8, 清洗算法: mode
[INFO] 聚类算法输出:
Data loaded successfully.
Excluded columns with 'id': ['tuple_id']
Using all columns for clustering: ['act_arr_time', 'act_dep_time', 'flight', 'sched_arr_time', 'sched_dep_time', 'src']
Attempt 1 with damping range: (0.5, 0.9), preference range: (-500, -100)
Attempt 1: Best parameters: damping=0.8808902464761887, preference=-101
Number of clusters: 38
Text output saved to /root/AutoMLClustering/src/pipeline/train/../../../results/clustered_data/AP/mode/clustered_8/repaired_8.txt
Program completed in: 1150.2858986854553 seconds

[INFO] 聚类完成: AP, 运行时间: 1150.29 秒
[INFO] 运行聚类算法: DBSCAN，数据集编号: 8, 清洗算法: mode
[INFO] 聚类算法输出:
Data loaded successfully.
Excluded columns with 'id': ['tuple_id']
Using all columns for clustering: ['act_arr_time', 'act_dep_time', 'flight', 'sched_arr_time', 'sched_dep_time', 'src']
Text output saved to /root/AutoMLClustering/src/pipeline/train/../../../results/clustered_data/DBSCAN/mode/clustered_8/repaired_8.txt
Program completed in: 57.465927600860596 seconds

[INFO] 聚类完成: DBSCAN, 运行时间: 57.47 秒
[INFO] 运行聚类算法: GMM，数据集编号: 8, 清洗算法: mode
[INFO] 聚类算法输出:
Data loaded successfully.
Excluded columns containing 'id': ['tuple_id']
Using all columns for clustering: ['act_arr_time', 'act_dep_time', 'flight', 'sched_arr_time', 'sched_dep_time', 'src']
Initial optimal number of components from Optuna: 48
Best covariance type from Optuna: spherical
Optimal number of components from Kneedle: 2
Refining in range: 2 to 48
Final optimal number of components: 47
Text output saved to /root/AutoMLClustering/src/pipeline/train/../../../results/clustered_data/GMM/mode/clustered_8/repaired_8.txt
Program completed in: 32.409876585006714 seconds

[INFO] 聚类完成: GMM, 运行时间: 32.41 秒
[INFO] 运行聚类算法: HC，数据集编号: 8, 清洗算法: mode
[INFO] 聚类算法输出:
Data loaded successfully.
Excluded columns containing 'id': ['tuple_id']
Using all columns for clustering: ['act_arr_time', 'act_dep_time', 'flight', 'sched_arr_time', 'sched_dep_time', 'src']
Final optimal parameters from Optuna: n_clusters=48, linkage=complete, metric=cosine
Text output saved as /root/AutoMLClustering/src/pipeline/train/../../../results/clustered_data/HC/mode/clustered_8/repaired_8.txt
Program completed in: 90.17004537582397 seconds

[INFO] 聚类完成: HC, 运行时间: 90.17 秒
[INFO] 运行聚类算法: KMEANS，数据集编号: 8, 清洗算法: mode
[INFO] 聚类算法输出:
Data loaded successfully.
Excluded columns containing 'id': ['tuple_id']
Using multiple columns for clustering: ['act_arr_time', 'act_dep_time', 'flight', 'sched_arr_time', 'sched_dep_time', 'src']
Initial optimal number of clusters from Optuna: 48
Optimal number of clusters from Kneedle: 16
Refining in range: 16 to 48
Refined optimal number of clusters: 43
Text output saved to /root/AutoMLClustering/src/pipeline/train/../../../results/clustered_data/KMEANS/mode/clustered_8/repaired_8.txt
Program completed in: 299.2727406024933 seconds

[INFO] 聚类完成: KMEANS, 运行时间: 299.27 秒
[INFO] 运行聚类算法: OPTICS，数据集编号: 8, 清洗算法: mode
[INFO] 聚类算法输出:
Data loaded successfully.
Excluded columns containing 'id': ['tuple_id']
Using all columns for clustering: ['act_arr_time', 'act_dep_time', 'flight', 'sched_arr_time', 'sched_dep_time', 'src']
Text output saved to /root/AutoMLClustering/src/pipeline/train/../../../results/clustered_data/OPTICS/mode/clustered_8/repaired_8.txt
Program completed in: 3264.1579308509827 seconds

[INFO] 聚类完成: OPTICS, 运行时间: 3264.16 秒
==================================================
[INFO] 正在运行清洗策略: raha_baran
运行清洗算法 2（baran），数据集编号: 8
------------------------------------------------------------------------
---------------------Initialize the Dataset Object----------------------
------------------------------------------------------------------------
------------------------------------------------------------------------
--------------------Initialize Error Corrector Models-------------------
------------------------------------------------------------------------
The error corrector models are initialized.
------------------------------------------------------------------------
--------------Iterative Tuple Sampling, Labeling, and Learning----------
------------------------------------------------------------------------
The error corrector models are updated with new labeled tuple 554.
796399 pairs of (a data error, a potential correction) are featurized.
54% (4643 / 8645) of data errors are corrected.
------------------------------------------------------------------------
The error corrector models are updated with new labeled tuple 1298.
810638 pairs of (a data error, a potential correction) are featurized.
54% (4651 / 8645) of data errors are corrected.
------------------------------------------------------------------------
The error corrector models are updated with new labeled tuple 1019.
815489 pairs of (a data error, a potential correction) are featurized.
54% (4651 / 8645) of data errors are corrected.
------------------------------------------------------------------------
The error corrector models are updated with new labeled tuple 1438.
827352 pairs of (a data error, a potential correction) are featurized.
54% (4704 / 8645) of data errors are corrected.
------------------------------------------------------------------------
The error corrector models are updated with new labeled tuple 1005.
835612 pairs of (a data error, a potential correction) are featurized.
55% (4723 / 8645) of data errors are corrected.
------------------------------------------------------------------------
The error corrector models are updated with new labeled tuple 1138.
849167 pairs of (a data error, a potential correction) are featurized.
55% (4756 / 8645) of data errors are corrected.
------------------------------------------------------------------------
The error corrector models are updated with new labeled tuple 733.
849636 pairs of (a data error, a potential correction) are featurized.
56% (4821 / 8645) of data errors are corrected.
------------------------------------------------------------------------
The error corrector models are updated with new labeled tuple 1498.
869016 pairs of (a data error, a potential correction) are featurized.
58% (5003 / 8645) of data errors are corrected.
------------------------------------------------------------------------
The error corrector models are updated with new labeled tuple 1157.
877730 pairs of (a data error, a potential correction) are featurized.
58% (5047 / 8645) of data errors are corrected.
------------------------------------------------------------------------
The error corrector models are updated with new labeled tuple 1052.
884620 pairs of (a data error, a potential correction) are featurized.
59% (5071 / 8645) of data errors are corrected.
------------------------------------------------------------------------
The error corrector models are updated with new labeled tuple 2038.
890663 pairs of (a data error, a potential correction) are featurized.
59% (5109 / 8645) of data errors are corrected.
[INFO] 准备处理数据集: flights (CSV: 8.69%.csv, error_rate=8.69%)
[INFO] 正在运行清洗策略: mode
运行清洗算法 1（mode），数据集编号: 1
Repaired data saved to /root/AutoMLClustering/src/pipeline/train/results/dataset_1_algo_1/repaired_dataset_1_algo_1_8.69%.csv
[INFO] 清洗结果文件路径: /root/AutoMLClustering/src/pipeline/train/results/dataset_1_algo_1/repaired_dataset_1_algo_1_8.69%.csv
清洗完成: Dataset=flights, Algo=mode
结果文件路径: ../../../results/cleaned_data/mode/repaired_1.csv
运行时间: 92.47 秒
[INFO] 运行聚类算法: AP，数据集编号: 1, 清洗算法: mode
[INFO] 聚类算法输出:
Data loaded successfully.
Excluded columns with 'id': ['tuple_id']
Using all columns for clustering: ['act_arr_time', 'act_dep_time', 'flight', 'sched_arr_time', 'sched_dep_time', 'src']
Attempt 1 with damping range: (0.5, 0.9), preference range: (-500, -100)
Attempt 1: Best parameters: damping=0.7139363836846043, preference=-155
Number of clusters: 1212
Text output saved to /root/AutoMLClustering/src/pipeline/train/../../../results/clustered_data/AP/mode/clustered_1/repaired_1.txt
Program completed in: 1101.6084518432617 seconds

[INFO] 聚类完成: AP, 运行时间: 1101.61 秒
[INFO] 运行聚类算法: DBSCAN，数据集编号: 1, 清洗算法: mode
[INFO] 聚类算法输出:
Data loaded successfully.
Excluded columns with 'id': ['tuple_id']
Using all columns for clustering: ['act_arr_time', 'act_dep_time', 'flight', 'sched_arr_time', 'sched_dep_time', 'src']
Text output saved to /root/AutoMLClustering/src/pipeline/train/../../../results/clustered_data/DBSCAN/mode/clustered_1/repaired_1.txt
Program completed in: 78.25052833557129 seconds

[INFO] 聚类完成: DBSCAN, 运行时间: 78.25 秒
[INFO] 运行聚类算法: GMM，数据集编号: 1, 清洗算法: mode
[INFO] 聚类算法输出:
Data loaded successfully.
Excluded columns containing 'id': ['tuple_id']
Using all columns for clustering: ['act_arr_time', 'act_dep_time', 'flight', 'sched_arr_time', 'sched_dep_time', 'src']
Initial optimal number of components from Optuna: 22
Best covariance type from Optuna: full
Optimal number of components from Kneedle: 9
Refining in range: 9 to 22
Final optimal number of components: 21
Text output saved to /root/AutoMLClustering/src/pipeline/train/../../../results/clustered_data/GMM/mode/clustered_1/repaired_1.txt
Program completed in: 87.73753690719604 seconds

[INFO] 聚类完成: GMM, 运行时间: 87.74 秒
[INFO] 运行聚类算法: HC，数据集编号: 1, 清洗算法: mode
[INFO] 聚类算法输出:
Data loaded successfully.
Excluded columns containing 'id': ['tuple_id']
Using all columns for clustering: ['act_arr_time', 'act_dep_time', 'flight', 'sched_arr_time', 'sched_dep_time', 'src']
Final optimal parameters from Optuna: n_clusters=41, linkage=single, metric=manhattan
Text output saved as /root/AutoMLClustering/src/pipeline/train/../../../results/clustered_data/HC/mode/clustered_1/repaired_1.txt
Program completed in: 62.89278817176819 seconds

[INFO] 聚类完成: HC, 运行时间: 62.89 秒
[INFO] 运行聚类算法: KMEANS，数据集编号: 1, 清洗算法: mode
[INFO] 聚类算法输出:
Data loaded successfully.
Excluded columns containing 'id': ['tuple_id']
Using multiple columns for clustering: ['act_arr_time', 'act_dep_time', 'flight', 'sched_arr_time', 'sched_dep_time', 'src']
Initial optimal number of clusters from Optuna: 48
Optimal number of clusters from Kneedle: 8
Refining in range: 8 to 48
Refined optimal number of clusters: 48
Text output saved to /root/AutoMLClustering/src/pipeline/train/../../../results/clustered_data/KMEANS/mode/clustered_1/repaired_1.txt
Program completed in: 470.6098458766937 seconds

[INFO] 聚类完成: KMEANS, 运行时间: 470.61 秒
[INFO] 运行聚类算法: OPTICS，数据集编号: 1, 清洗算法: mode
[INFO] 聚类算法输出:
Data loaded successfully.
Excluded columns containing 'id': ['tuple_id']
Using all columns for clustering: ['act_arr_time', 'act_dep_time', 'flight', 'sched_arr_time', 'sched_dep_time', 'src']
Text output saved to /root/AutoMLClustering/src/pipeline/train/../../../results/clustered_data/OPTICS/mode/clustered_1/repaired_1.txt
Program completed in: 3298.901801109314 seconds

[INFO] 聚类完成: OPTICS, 运行时间: 3298.90 秒
==================================================
[INFO] 正在运行清洗策略: raha_baran
运行清洗算法 2（baran），数据集编号: 1
------------------------------------------------------------------------
---------------------Initialize the Dataset Object----------------------
------------------------------------------------------------------------
------------------------------------------------------------------------
--------------------Initialize Error Corrector Models-------------------
------------------------------------------------------------------------
The error corrector models are initialized.
------------------------------------------------------------------------
--------------Iterative Tuple Sampling, Labeling, and Learning----------
------------------------------------------------------------------------
The error corrector models are updated with new labeled tuple 2103.
135330 pairs of (a data error, a potential correction) are featurized.
70% (1039 / 1475) of data errors are corrected.
------------------------------------------------------------------------
The error corrector models are updated with new labeled tuple 2144.
136000 pairs of (a data error, a potential correction) are featurized.
82% (1211 / 1475) of data errors are corrected.
------------------------------------------------------------------------
The error corrector models are updated with new labeled tuple 934.
136000 pairs of (a data error, a potential correction) are featurized.
84% (1244 / 1475) of data errors are corrected.
------------------------------------------------------------------------
The error corrector models are updated with new labeled tuple 1462.
136332 pairs of (a data error, a potential correction) are featurized.
84% (1244 / 1475) of data errors are corrected.
------------------------------------------------------------------------
The error corrector models are updated with new labeled tuple 1094.
136332 pairs of (a data error, a potential correction) are featurized.
84% (1244 / 1475) of data errors are corrected.
------------------------------------------------------------------------
The error corrector models are updated with new labeled tuple 917.
136341 pairs of (a data error, a potential correction) are featurized.
86% (1268 / 1475) of data errors are corrected.
------------------------------------------------------------------------
The error corrector models are updated with new labeled tuple 2099.
137003 pairs of (a data error, a potential correction) are featurized.
91% (1335 / 1475) of data errors are corrected.
------------------------------------------------------------------------
The error corrector models are updated with new labeled tuple 389.
137003 pairs of (a data error, a potential correction) are featurized.
91% (1335 / 1475) of data errors are corrected.
------------------------------------------------------------------------
The error corrector models are updated with new labeled tuple 1963.
137673 pairs of (a data error, a potential correction) are featurized.
91% (1335 / 1475) of data errors are corrected.
------------------------------------------------------------------------
The error corrector models are updated with new labeled tuple 65.
137673 pairs of (a data error, a potential correction) are featurized.
91% (1335 / 1475) of data errors are corrected.
------------------------------------------------------------------------
The error corrector models are updated with new labeled tuple 361.
138171 pairs of (a data error, a potential correction) are featurized.
91% (1336 / 1475) of data errors are corrected.
------------------------------------------------------------------------
The error corrector models are updated with new labeled tuple 2282.
139333 pairs of (a data error, a potential correction) are featurized.
[INFO] 准备处理数据集: flights (CSV: 67.74%.csv, error_rate=67.74%)
[INFO] 正在运行清洗策略: mode
运行清洗算法 1（mode），数据集编号: 4
Repaired data saved to /root/AutoMLClustering/src/pipeline/train/results/dataset_4_algo_1/repaired_dataset_4_algo_1_67.74%.csv
[INFO] 清洗结果文件路径: /root/AutoMLClustering/src/pipeline/train/results/dataset_4_algo_1/repaired_dataset_4_algo_1_67.74%.csv
清洗完成: Dataset=flights, Algo=mode
结果文件路径: ../../../results/cleaned_data/mode/repaired_4.csv
运行时间: 100.61 秒
[INFO] 运行聚类算法: AP，数据集编号: 4, 清洗算法: mode
[INFO] 聚类算法输出:
Data loaded successfully.
Excluded columns with 'id': ['tuple_id']
Using all columns for clustering: ['act_arr_time', 'act_dep_time', 'flight', 'sched_arr_time', 'sched_dep_time', 'src']
Attempt 1 with damping range: (0.5, 0.9), preference range: (-500, -100)
Attempt 1: Best parameters: damping=0.8967160786816513, preference=-117
Number of clusters: 463
Text output saved to /root/AutoMLClustering/src/pipeline/train/../../../results/clustered_data/AP/mode/clustered_4/repaired_4.txt
Program completed in: 1845.2530913352966 seconds

[INFO] 聚类完成: AP, 运行时间: 1845.25 秒
[INFO] 运行聚类算法: DBSCAN，数据集编号: 4, 清洗算法: mode
[INFO] 聚类算法输出:
Data loaded successfully.
Excluded columns with 'id': ['tuple_id']
Using all columns for clustering: ['act_arr_time', 'act_dep_time', 'flight', 'sched_arr_time', 'sched_dep_time', 'src']
Text output saved to /root/AutoMLClustering/src/pipeline/train/../../../results/clustered_data/DBSCAN/mode/clustered_4/repaired_4.txt
Program completed in: 100.9134955406189 seconds

[INFO] 聚类完成: DBSCAN, 运行时间: 100.91 秒
[INFO] 运行聚类算法: GMM，数据集编号: 4, 清洗算法: mode
[INFO] 聚类算法输出:
Data loaded successfully.
Excluded columns containing 'id': ['tuple_id']
Using all columns for clustering: ['act_arr_time', 'act_dep_time', 'flight', 'sched_arr_time', 'sched_dep_time', 'src']
Initial optimal number of components from Optuna: 48
Best covariance type from Optuna: full
Optimal number of components from Kneedle: 13
Refining in range: 13 to 48
Final optimal number of components: 47
Text output saved to /root/AutoMLClustering/src/pipeline/train/../../../results/clustered_data/GMM/mode/clustered_4/repaired_4.txt
Program completed in: 75.68060898780823 seconds

[INFO] 聚类完成: GMM, 运行时间: 75.68 秒
[INFO] 运行聚类算法: HC，数据集编号: 4, 清洗算法: mode
[INFO] 聚类算法输出:
Data loaded successfully.
Excluded columns containing 'id': ['tuple_id']
Using all columns for clustering: ['act_arr_time', 'act_dep_time', 'flight', 'sched_arr_time', 'sched_dep_time', 'src']
Final optimal parameters from Optuna: n_clusters=48, linkage=complete, metric=cosine
Text output saved as /root/AutoMLClustering/src/pipeline/train/../../../results/clustered_data/HC/mode/clustered_4/repaired_4.txt
Program completed in: 121.52083444595337 seconds

[INFO] 聚类完成: HC, 运行时间: 121.52 秒
[INFO] 运行聚类算法: KMEANS，数据集编号: 4, 清洗算法: mode
[INFO] 聚类算法输出:
Data loaded successfully.
Excluded columns containing 'id': ['tuple_id']
Using multiple columns for clustering: ['act_arr_time', 'act_dep_time', 'flight', 'sched_arr_time', 'sched_dep_time', 'src']
Initial optimal number of clusters from Optuna: 48
Optimal number of clusters from Kneedle: 15
Refining in range: 15 to 48
Refined optimal number of clusters: 47
Text output saved to /root/AutoMLClustering/src/pipeline/train/../../../results/clustered_data/KMEANS/mode/clustered_4/repaired_4.txt
Program completed in: 246.9019124507904 seconds

[INFO] 聚类完成: KMEANS, 运行时间: 246.90 秒
[INFO] 运行聚类算法: OPTICS，数据集编号: 4, 清洗算法: mode
[INFO] 聚类算法输出:
Data loaded successfully.
Excluded columns containing 'id': ['tuple_id']
Using all columns for clustering: ['act_arr_time', 'act_dep_time', 'flight', 'sched_arr_time', 'sched_dep_time', 'src']
Text output saved to /root/AutoMLClustering/src/pipeline/train/../../../results/clustered_data/OPTICS/mode/clustered_4/repaired_4.txt
Program completed in: 2879.849056482315 seconds

[INFO] 聚类完成: OPTICS, 运行时间: 2879.85 秒
==================================================
[INFO] 正在运行清洗策略: raha_baran
运行清洗算法 2（baran），数据集编号: 4
------------------------------------------------------------------------
---------------------Initialize the Dataset Object----------------------
------------------------------------------------------------------------
------------------------------------------------------------------------
--------------------Initialize Error Corrector Models-------------------
------------------------------------------------------------------------
The error corrector models are initialized.
------------------------------------------------------------------------
--------------Iterative Tuple Sampling, Labeling, and Learning----------
------------------------------------------------------------------------
The error corrector models are updated with new labeled tuple 1169.
876238 pairs of (a data error, a potential correction) are featurized.
28% (3201 / 11374) of data errors are corrected.
------------------------------------------------------------------------
The error corrector models are updated with new labeled tuple 968.
878920 pairs of (a data error, a potential correction) are featurized.
30% (3417 / 11374) of data errors are corrected.
------------------------------------------------------------------------
The error corrector models are updated with new labeled tuple 510.
899310 pairs of (a data error, a potential correction) are featurized.
34% (3827 / 11374) of data errors are corrected.
------------------------------------------------------------------------
The error corrector models are updated with new labeled tuple 858.
922978 pairs of (a data error, a potential correction) are featurized.
35% (3946 / 11374) of data errors are corrected.
------------------------------------------------------------------------
The error corrector models are updated with new labeled tuple 475.
945716 pairs of (a data error, a potential correction) are featurized.
35% (3951 / 11374) of data errors are corrected.
------------------------------------------------------------------------
The error corrector models are updated with new labeled tuple 2006.
956300 pairs of (a data error, a potential correction) are featurized.
35% (3960 / 11374) of data errors are corrected.
------------------------------------------------------------------------
The error corrector models are updated with new labeled tuple 1506.
971420 pairs of (a data error, a potential correction) are featurized.
37% (4222 / 11374) of data errors are corrected.
------------------------------------------------------------------------
The error corrector models are updated with new labeled tuple 2204.
1009039 pairs of (a data error, a potential correction) are featurized.
37% (4224 / 11374) of data errors are corrected.
---------------------------------------