[32m[I 2025-01-23 21:36:31,048][0m Trial 49 finished with value: -inf and parameters: {'damping': 0.502954361211741, 'preference': -457}. Best is trial 0 with value: -inf.[0m
[INFO] 聚类算法输出:
Data loaded successfully.
Excluded columns containing 'id': ['id', 'brewery_id']
Using all columns for clustering: ['abv', 'beer-name', 'brewery-name', 'city', 'ibu', 'index', 'ounces', 'state', 'style']
Text output saved to /root/AutoMLClustering/src/pipeline/train/../../../results/clustered_data/OPTICS/mode/clustered_31/repaired_31.txt
Program completed in: 1367.4879925251007 seconds

[INFO] 聚类完成: OPTICS, 运行时间: 1367.49 秒
==================================================
[INFO] 正在运行清洗策略: raha_baran
运行清洗算法 2（baran），数据集编号: 31
------------------------------------------------------------------------
---------------------Initialize the Dataset Object----------------------
------------------------------------------------------------------------
------------------------------------------------------------------------
--------------------Initialize Error Corrector Models-------------------
------------------------------------------------------------------------
The error corrector models are initialized.
------------------------------------------------------------------------
--------------Iterative Tuple Sampling, Labeling, and Learning----------
------------------------------------------------------------------------
The error corrector models are updated with new labeled tuple 1377.
544913 pairs of (a data error, a potential correction) are featurized.
21% (3425 / 16617) of data errors are corrected.
------------------------------------------------------------------------
The error corrector models are updated with new labeled tuple 1962.
570743 pairs of (a data error, a potential correction) are featurized.
21% (3475 / 16617) of data errors are corrected.
------------------------------------------------------------------------
The error corrector models are updated with new labeled tuple 2082.
601293 pairs of (a data error, a potential correction) are featurized.
21% (3490 / 16617) of data errors are corrected.
------------------------------------------------------------------------
The error corrector models are updated with new labeled tuple 2353.
624355 pairs of (a data error, a potential correction) are featurized.
21% (3507 / 16617) of data errors are corrected.
------------------------------------------------------------------------
The error corrector models are updated with new labeled tuple 1946.
661489 pairs of (a data error, a potential correction) are featurized.
21% (3522 / 16617) of data errors are corrected.
------------------------------------------------------------------------
The error corrector models are updated with new labeled tuple 185.
690833 pairs of (a data error, a potential correction) are featurized.
22% (3625 / 16617) of data errors are corrected.
------------------------------------------------------------------------
The error corrector models are updated with new labeled tuple 1026.
720505 pairs of (a data error, a potential correction) are featurized.
22% (3636 / 16617) of data errors are corrected.
------------------------------------------------------------------------
The error corrector models are updated with new labeled tuple 406.
743657 pairs of (a data error, a potential correction) are featurized.
22% (3691 / 16617) of data errors are corrected.
------------------------------------------------------------------------
The error corrector models are updated with new labeled tuple 621.
759498 pairs of (a data error, a potential correction) are featurized.
23% (3819 / 16617) of data errors are corrected.
------------------------------------------------------------------------
The error corrector models are updated with new labeled tuple 20.
777459 pairs of (a data error, a potential correction) are featurized.
23% (3822 / 16617) of data errors are corrected.
------------------------------------------------------------------------
The error corrector models are updated with new labeled tuple 1246.
807924 pairs of (a data error, a potential correction) are featurized.
23% (3846 / 16617) of data errors are corrected.
------------------------------------------------------------------------
The error corrector models are updated with new labeled tuple 450.
817552 pairs of (a data error, a potential correction) are featurized.
24% (4015 / 16617) of data errors are corrected.
------------------------------------------------------------------------
The error corrector models are updated with new labeled tuple 2029.
845387 pairs of (a data error, a potential correction) are featurized.
25% (4094 / 16617) of data errors are corrected.
------------------------------------------------------------------------
The error corrector models are updated with new labeled tuple 2121.
873804 pairs of (a data error, a potential correction) are featurized.
25% (4125 / 16617) of data errors are corrected.
------------------------------------------------------------------------
The error corrector models are updated with new labeled tuple 1408.
890370 pairs of (a data error, a potential correction) are featurized.
25% (4131 / 16617) of data errors are corrected.
------------------------------------------------------------------------
The error corrector models are updated with new labeled tuple 1984.
918910 pairs of (a data error, a potential correction) are featurized.
25% (4132 / 16617) of data errors are corrected.
------------------------------------------------------------------------
The error corrector models are updated with new labeled tuple 332.
955836 pairs of (a data error, a potential correction) are featurized.
25% (4134 / 16617) of data errors are corrected.
------------------------------------------------------------------------
The error corrector models are updated with new labeled tuple 1682.
983777 pairs of (a data error, a potential correction) are featurized.
25% (4171 / 16617) of data errors are corrected.
------------------------------------------------------------------------
The error corrector models are updated with new labeled tuple 535.
1009696 pairs of (a data error, a potential correction) are featurized.
25% (4198 / 16617) of data errors are corrected.
------------------------------------------------------------------------
The error corrector models are updated with new labeled tuple 2391.
1039063 pairs of (a data error, a potential correction) are featurized.
25% (4198 / 16617) of data errors are corrected.
------------------------------------------------------------------------
Repaired data saved to /root/AutoMLClustering/results/beers/raha_baran/results-dataset_31_algo_2/repaired_dataset_31_algo_2.csv
[INFO] 清洗结果文件路径: /root/AutoMLClustering/results/beers/raha_baran/results-dataset_31_algo_2/repaired_dataset_31_algo_2.csv
清洗完成: Dataset=beers, Algo=raha_baran
结果文件路径: ../../../results/cleaned_data/baran/repaired_31.csv
运行时间: 2226.06 秒
[INFO] 运行聚类算法: AP，数据集编号: 31, 清洗算法: raha_baran
[INFO] 聚类算法输出:
Data loaded successfully.
Excluded columns with 'id': ['id', 'brewery_id']
Using all columns for clustering: ['abv', 'beer-name', 'brewery-name', 'city', 'ibu', 'index', 'ounces', 'state', 'style']
Attempt 1 with damping range: (0.5, 0.9), preference range: (-500, -100)
Attempt 1: Best parameters: damping=0.8027884838887862, preference=-109
Number of clusters: 3
Text output saved to /root/AutoMLClustering/src/pipeline/train/../../../results/clustered_data/AP/raha_baran/clustered_31/repaired_31.txt
Program completed in: 0.5091638565063477 seconds

[INFO] 聚类完成: AP, 运行时间: 0.51 秒
[INFO] 运行聚类算法: DBSCAN，数据集编号: 31, 清洗算法: raha_baran
[INFO] 聚类算法输出:
Data loaded successfully.
Excluded columns with 'id': ['id', 'brewery_id']
Using all columns for clustering: ['abv', 'beer-name', 'brewery-name', 'city', 'ibu', 'index', 'ounces', 'state', 'style']
Text output saved to /root/AutoMLClustering/src/pipeline/train/../../../results/clustered_data/DBSCAN/raha_baran/clustered_31/repaired_31.txt
Program completed in: 1.2871272563934326 seconds

[INFO] 聚类算法输出:
Data loaded successfully.
Excluded columns containing 'id': ['id']
Using all columns for clustering: ['article_jcreated_at', 'article_jissue', 'article_jvolumn', 'article_language', 'article_pagination', 'article_title', 'author_list', 'jounral_abbreviation', 'journal_issn', 'journal_title']
Final optimal parameters from Optuna: n_clusters=7, linkage=single, metric=manhattan
Text output saved as /root/AutoMLClustering/src/pipeline/train/../../../results/clustered_data/HC/mode/clustered_43/repaired_43.txt
Program completed in: 7.867474794387817 seconds

[INFO] 聚类完成: HC, 运行时间: 7.87 秒
[INFO] 运行聚类算法: KMEANS，数据集编号: 43, 清洗算法: mode
[INFO] 聚类算法输出:
Data loaded successfully.
Excluded columns containing 'id': ['id']
Using multiple columns for clustering: ['article_jcreated_at', 'article_jissue', 'article_jvolumn', 'article_language', 'article_pagination', 'article_title', 'author_list', 'jounral_abbreviation', 'journal_issn', 'journal_title']
Initial optimal number of clusters from Optuna: 17
Optimal number of clusters from Kneedle: 7
Refining in range: 7 to 17
Refined optimal number of clusters: 16
Text output saved to /root/AutoMLClustering/src/pipeline/train/../../../results/clustered_data/KMEANS/mode/clustered_43/repaired_43.txt
Program completed in: 56.708738565444946 seconds

[INFO] 聚类完成: KMEANS, 运行时间: 56.71 秒
[INFO] 运行聚类算法: OPTICS，数据集编号: 43, 清洗算法: mode
[INFO] 聚类算法输出:
Data loaded successfully.
Excluded columns containing 'id': ['id']
Using all columns for clustering: ['article_jcreated_at', 'article_jissue', 'article_jvolumn', 'article_language', 'article_pagination', 'article_title', 'author_list', 'jounral_abbreviation', 'journal_issn', 'journal_title']
Text output saved to /root/AutoMLClustering/src/pipeline/train/../../../results/clustered_data/OPTICS/mode/clustered_43/repaired_43.txt
Program completed in: 33.593804121017456 seconds

[INFO] 聚类完成: OPTICS, 运行时间: 33.59 秒
==================================================
[INFO] 正在运行清洗策略: raha_baran
运行清洗算法 2（baran），数据集编号: 43
------------------------------------------------------------------------
---------------------Initialize the Dataset Object----------------------
------------------------------------------------------------------------
------------------------------------------------------------------------
--------------------Initialize Error Corrector Models-------------------
------------------------------------------------------------------------
The error corrector models are initialized.
------------------------------------------------------------------------
--------------Iterative Tuple Sampling, Labeling, and Learning----------
------------------------------------------------------------------------
The error corrector models are updated with new labeled tuple 824.
312943 pairs of (a data error, a potential correction) are featurized.
73% (1900 / 2617) of data errors are corrected.
------------------------------------------------------------------------
The error corrector models are updated with new labeled tuple 820.
315374 pairs of (a data error, a potential correction) are featurized.
73% (1900 / 2617) of data errors are corrected.
------------------------------------------------------------------------
The error corrector models are updated with new labeled tuple 428.
319521 pairs of (a data error, a potential correction) are featurized.
78% (2051 / 2617) of data errors are corrected.
------------------------------------------------------------------------
The error corrector models are updated with new labeled tuple 615.
322638 pairs of (a data error, a potential correction) are featurized.
79% (2080 / 2617) of data errors are corrected.
------------------------------------------------------------------------
The error corrector models are updated with new labeled tuple 558.
324555 pairs of (a data error, a potential correction) are featurized.
79% (2080 / 2617) of data errors are corrected.
------------------------------------------------------------------------
The error corrector models are updated with new labeled tuple 254.
326666 pairs of (a data error, a potential correction) are featurized.
79% (2080 / 2617) of data errors are corrected.
------------------------------------------------------------------------
The error corrector models are updated with new labeled tuple 167.
329525 pairs of (a data error, a potential correction) are featurized.
79% (2080 / 2617) of data errors are corrected.
------------------------------------------------------------------------
The error corrector models are updated with new labeled tuple 845.
332127 pairs of (a data error, a potential correction) are featurized.
79% (2080 / 2617) of data errors are corrected.
------------------------------------------------------------------------
The error corrector models are updated with new labeled tuple 472.
334149 pairs of (a data error, a potential correction) are featurized.
80% (2085 / 2617) of data errors are corrected.
------------------------------------------------------------------------
The error corrector models are updated with new labeled tuple 421.
336161 pairs of (a data error, a potential correction) are featurized.
81% (2131 / 2617) of data errors are corrected.
------------------------------------------------------------------------
The error corrector models are updated with new labeled tuple 380.
338843 pairs of (a data error, a potential correction) are featurized.
82% (2136 / 2617) of data errors are corrected.
------------------------------------------------------------------------
The error corrector models are updated with new labeled tuple 583.
339642 pairs of (a data error, a potential correction) are featurized.
82% (2136 / 2617) of data errors are corrected.
------------------------------------------------------------------------
The error corrector models are updated with new labeled tuple 866.
341815 pairs of (a data error, a potential correction) are featurized.
82% (2136 / 2617) of data errors are corrected.
------------------------------------------------------------------------
The error corrector models are updated with new labeled tuple 191.
342961 pairs of (a data error, a potential correction) are featurized.
82% (2136 / 2617) of data errors are corrected.
------------------------------------------------------------------------
The error corrector models are updated with new labeled tuple 790.
347088 pairs of (a data error, a potential correction) are featurized.
82% (2139 / 2617) of data errors are corrected.
------------------------------------------------------------------------
The error corrector models are updated with new labeled tuple 212.
350632 pairs of (a data error, a potential correction) are featurized.
82% (2139 / 2617) of data errors are corrected.
------------------------------------------------------------------------
The error corrector models are updated with new labeled tuple 685.
351769 pairs of (a data error, a potential correction) are featurized.
82% (2140 / 2617) of data errors are corrected.
------------------------------------------------------------------------
The error corrector models are updated with new labeled tuple 158.
353831 pairs of (a data error, a potential correction) are featurized.
82% (2140 / 2617) of data errors are corrected.
------------------------------------------------------------------------
The error corrector models are updated with new labeled tuple 409.
356889 pairs of (a data error, a potential correction) are featurized.
82% (2145 / 2617) of data errors are corrected.
------------------------------------------------------------------------
The error corrector models are updated with new labeled tuple 905.
357275 pairs of (a data error, a potential correction) are featurized.
83% (2163 / 2617) of data errors are corrected.
------------------------------------------------------------------------
------------------------------------------------------------------------
The error corrector models are updated with new labeled tuple 95.
768306 pairs of (a data error, a potential correction) are featurized.
66% (2339 / 3567) of data errors are corrected.
------------------------------------------------------------------------
The error corrector models are updated with new labeled tuple 18.
772170 pairs of (a data error, a potential correction) are featurized.
66% (2344 / 3567) of data errors are corrected.
------------------------------------------------------------------------
The error corrector models are updated with new labeled tuple 774.
773525 pairs of (a data error, a potential correction) are featurized.
66% (2344 / 3567) of data errors are corrected.
------------------------------------------------------------------------
The error corrector models are updated with new labeled tuple 1.
774823 pairs of (a data error, a potential correction) are featurized.
66% (2345 / 3567) of data errors are corrected.
------------------------------------------------------------------------
The error corrector models are updated with new labeled tuple 186.
776358 pairs of (a data error, a potential correction) are featurized.
66% (2345 / 3567) of data errors are corrected.
------------------------------------------------------------------------
Repaired data saved to /root/AutoMLClustering/results/rayyan/raha_baran/results-dataset_38_algo_2/repaired_dataset_38_algo_2.csv
[INFO] 清洗结果文件路径: /root/AutoMLClustering/results/rayyan/raha_baran/results-dataset_38_algo_2/repaired_dataset_38_algo_2.csv
清洗完成: Dataset=rayyan, Algo=raha_baran
结果文件路径: ../../../results/cleaned_data/baran/repaired_38.csv
运行时间: 1143.05 秒
[INFO] 运行聚类算法: AP，数据集编号: 38, 清洗算法: raha_baran
[INFO] 聚类算法输出:
Data loaded successfully.
Excluded columns with 'id': ['id']
Using all columns for clustering: ['article_jcreated_at', 'article_jissue', 'article_jvolumn', 'article_language', 'article_pagination', 'article_title', 'author_list', 'jounral_abbreviation', 'journal_issn', 'journal_title']
Attempt 1 with damping range: (0.5, 0.9), preference range: (-500, -100)
Attempt 1: Best parameters: damping=0.7974838378418014, preference=-102
Number of clusters: 8
Text output saved to /root/AutoMLClustering/src/pipeline/train/../../../results/clustered_data/AP/raha_baran/clustered_38/repaired_38.txt
Program completed in: 2.6108901500701904 seconds

[INFO] 聚类完成: AP, 运行时间: 2.61 秒
[INFO] 运行聚类算法: DBSCAN，数据集编号: 38, 清洗算法: raha_baran
[INFO] 聚类算法输出:
Data loaded successfully.
Excluded columns with 'id': ['id']
Using all columns for clustering: ['article_jcreated_at', 'article_jissue', 'article_jvolumn', 'article_language', 'article_pagination', 'article_title', 'author_list', 'jounral_abbreviation', 'journal_issn', 'journal_title']
Text output saved to /root/AutoMLClustering/src/pipeline/train/../../../results/clustered_data/DBSCAN/raha_baran/clustered_38/repaired_38.txt
Program completed in: 6.090884685516357 seconds

[INFO] 聚类完成: DBSCAN, 运行时间: 6.09 秒
[INFO] 运行聚类算法: GMM，数据集编号: 38, 清洗算法: raha_baran
[INFO] 聚类算法输出:
Data loaded successfully.
Excluded columns containing 'id': ['id']
Using all columns for clustering: ['article_jcreated_at', 'article_jissue', 'article_jvolumn', 'article_language', 'article_pagination', 'article_title', 'author_list', 'jounral_abbreviation', 'journal_issn', 'journal_title']
Initial optimal number of components from Optuna: 12
Best covariance type from Optuna: tied
Optimal number of components from Kneedle: 7
Refining in range: 7 to 12
Final optimal number of components: 12
Text output saved to /root/AutoMLClustering/src/pipeline/train/../../../results/clustered_data/GMM/raha_baran/clustered_38/repaired_38.txt
Program completed in: 4.86120343208313 seconds

[INFO] 聚类完成: GMM, 运行时间: 4.86 秒
[INFO] 运行聚类算法: HC，数据集编号: 38, 清洗算法: raha_baran
[INFO] 聚类算法输出:
Data loaded successfully.
Excluded columns containing 'id': ['id']
Using all columns for clustering: ['article_jcreated_at', 'article_jissue', 'article_jvolumn', 'article_language', 'article_pagination', 'article_title', 'author_list', 'jounral_abbreviation', 'journal_issn', 'journal_title']
Final optimal parameters from Optuna: n_clusters=6, linkage=single, metric=manhattan
Text output saved as /root/AutoMLClustering/src/pipeline/train/../../../results/clustered_data/HC/raha_baran/clustered_38/repaired_38.txt
Program completed in: 5.755305051803589 seconds

[INFO] 聚类完成: HC, 运行时间: 5.76 秒
[INFO] 运行聚类算法: KMEANS，数据集编号: 38, 清洗算法: raha_baran
[INFO] 聚类算法输出:
Data loaded successfully.
Excluded columns containing 'id': ['id']
Using multiple columns for clustering: ['article_jcreated_at', 'article_jissue', 'article_jvolumn', 'article_language', 'article_pagination', 'article_title', 'author_list', 'jounral_abbreviation', 'journal_issn', 'journal_title']
Initial optimal number of clusters from Optuna: 12
Optimal number of clusters from Kneedle: 6
Refining in range: 6 to 12
Refined optimal number of clusters: 12
Text output saved to /root/AutoMLClustering/src/pipeline/train/../../../results/clustered_data/KMEANS/raha_baran/clustered_38/repaired_38.txt
Program completed in: 27.11771583557129 seconds

[INFO] 聚类完成: KMEANS, 运行时间: 27.12 秒
[INFO] 运行聚类算法: OPTICS，数据集编号: 38, 清洗算法: raha_baran
[INFO] 聚类算法输出:
Data loaded successfully.
Excluded columns containing 'id': ['id']
Using all columns for clustering: ['article_jcreated_at', 'article_jissue', 'article_jvolumn', 'article_language', 'article_pagination', 'article_title', 'author_list', 'jounral_abbreviation', 'journal_issn', 'journal_title']
Text output saved to /root/AutoMLClustering/src/pipeline/train/../../../results/clustered_data/OPTICS/raha_baran/clustered_38/repaired_38.txt
Program completed in: 17.872295141220093 seconds

[INFO] 聚类完成: OPTICS, 运行时间: 17.87 秒
==================================================
------------------------------------------------------------------------
The error corrector models are updated with new labeled tuple 797.
