[32m[I 2025-01-23 21:36:30,720][0m Trial 21 finished with value: -inf and parameters: {'damping': 0.8386006552542856, 'preference': -180}. Best is trial 0 with value: -inf.[0m
[32m[I 2025-01-23 21:36:30,731][0m Trial 22 finished with value: -inf and parameters: {'damping': 0.5960829673587185, 'preference': -334}. Best is trial 0 with value: -inf.[0m
[32m[I 2025-01-23 21:36:30,742][0m Trial 23 finished with value: -inf and parameters: {'damping': 0.5080136202526739, 'preference': -247}. Best is trial 0 with value: -inf.[0m
[32m[I 2025-01-23 21:36:30,754][0m Trial 24 finished with value: -inf and parameters: {'damping': 0.7475803094725089, 'preference': -173}. Best is trial 0 with value: -inf.[0m
[32m[I 2025-01-23 21:36:30,765][0m Trial 25 finished with value: -inf and parameters: {'damping': 0.5833134992557453, 'preference': -100}. Best is trial 0 with value: -inf.[0m
[32m[I 2025-01-23 21:36:30,776][0m Trial 26 finished with value: -inf and parameters: {'damping': 0.5101175455915355, 'preference': -332}. Best is trial 0 with value: -inf.[0m
[32m[I 2025-01-23 21:36:30,787][0m Trial 27 finished with value: -inf and parameters: {'damping': 0.6881603367622678, 'preference': -157}. Best is trial 0 with value: -inf.[0m
[32m[I 2025-01-23 21:36:30,799][0m Trial 28 finished with value: -inf and parameters: {'damping': 0.7255192186404731, 'preference': -105}. Best is trial 0 with value: -inf.[0m
[32m[I 2025-01-23 21:36:30,811][0m Trial 29 finished with value: -inf and parameters: {'damping': 0.5001508322535119, 'preference': -407}. Best is trial 0 with value: -inf.[0m
[32m[I 2025-01-23 21:36:30,823][0m Trial 30 finished with value: -inf and parameters: {'damping': 0.6793464803355439, 'preference': -362}. Best is trial 0 with value: -inf.[0m
[32m[I 2025-01-23 21:36:30,834][0m Trial 31 finished with value: -inf and parameters: {'damping': 0.7168051325482696, 'preference': -157}. Best is trial 0 with value: -inf.[0m
[32m[I 2025-01-23 21:36:30,847][0m Trial 32 finished with value: -inf and parameters: {'damping': 0.7800765842390939, 'preference': -137}. Best is trial 0 with value: -inf.[0m
[32m[I 2025-01-23 21:36:30,858][0m Trial 33 finished with value: -inf and parameters: {'damping': 0.6779525726873163, 'preference': -408}. Best is trial 0 with value: -inf.[0m
[32m[I 2025-01-23 21:36:30,870][0m Trial 34 finished with value: -inf and parameters: {'damping': 0.6132176043958667, 'preference': -433}. Best is trial 0 with value: -inf.[0m
[32m[I 2025-01-23 21:36:30,882][0m Trial 35 finished with value: -inf and parameters: {'damping': 0.654649010755114, 'preference': -223}. Best is trial 0 with value: -inf.[0m
[32m[I 2025-01-23 21:36:30,894][0m Trial 36 finished with value: -inf and parameters: {'damping': 0.7551953936201831, 'preference': -283}. Best is trial 0 with value: -inf.[0m
[32m[I 2025-01-23 21:36:30,906][0m Trial 37 finished with value: -inf and parameters: {'damping': 0.8078862390691294, 'preference': -209}. Best is trial 0 with value: -inf.[0m
[32m[I 2025-01-23 21:36:30,919][0m Trial 38 finished with value: -inf and parameters: {'damping': 0.5341879164353718, 'preference': -233}. Best is trial 0 with value: -inf.[0m
[32m[I 2025-01-23 21:36:30,930][0m Trial 39 finished with value: -inf and parameters: {'damping': 0.5891599295902114, 'preference': -302}. Best is trial 0 with value: -inf.[0m
[32m[I 2025-01-23 21:36:30,942][0m Trial 40 finished with value: -inf and parameters: {'damping': 0.5356836340811084, 'preference': -263}. Best is trial 0 with value: -inf.[0m
[32m[I 2025-01-23 21:36:30,954][0m Trial 41 finished with value: -inf and parameters: {'damping': 0.5897934162109131, 'preference': -103}. Best is trial 0 with value: -inf.[0m
[32m[I 2025-01-23 21:36:30,965][0m Trial 42 finished with value: -inf and parameters: {'damping': 0.5106632981515865, 'preference': -176}. Best is trial 0 with value: -inf.[0m
[32m[I 2025-01-23 21:36:30,977][0m Trial 43 finished with value: -inf and parameters: {'damping': 0.5234249141783003, 'preference': -136}. Best is trial 0 with value: -inf.[0m
[32m[I 2025-01-23 21:36:30,988][0m Trial 44 finished with value: -inf and parameters: {'damping': 0.5481497331360855, 'preference': -167}. Best is trial 0 with value: -inf.[0m
[32m[I 2025-01-23 21:36:31,000][0m Trial 45 finished with value: -inf and parameters: {'damping': 0.7393677720630535, 'preference': -121}. Best is trial 0 with value: -inf.[0m
[32m[I 2025-01-23 21:36:31,012][0m Trial 46 finished with value: -inf and parameters: {'damping': 0.7029667993913454, 'preference': -117}. Best is trial 0 with value: -inf.[0m
[32m[I 2025-01-23 21:36:31,024][0m Trial 47 finished with value: -inf and parameters: {'damping': 0.5651078615937744, 'preference': -106}. Best is trial 0 with value: -inf.[0m
[32m[I 2025-01-23 21:36:31,036][0m Trial 48 finished with value: -inf and parameters: {'damping': 0.7640592918694252, 'preference': -499}. Best is trial 0 with value: -inf.[0m
