[32m[I 2025-01-23 20:45:40,546][0m Trial 0 finished with value: -inf and parameters: {'damping': 0.6103327547883205, 'preference': -208}. Best is trial 0 with value: -inf.[0m
[32m[I 2025-01-23 20:45:40,563][0m Trial 1 finished with value: -inf and parameters: {'damping': 0.5200872236825181, 'preference': -386}. Best is trial 0 with value: -inf.[0m
[32m[I 2025-01-23 20:45:40,573][0m Trial 2 finished with value: -inf and parameters: {'damping': 0.83240263527985, 'preference': -107}. Best is trial 0 with value: -inf.[0m
[32m[I 2025-01-23 20:45:40,589][0m Trial 3 finished with value: -inf and parameters: {'damping': 0.5472002899265352, 'preference': -172}. Best is trial 0 with value: -inf.[0m
[32m[I 2025-01-23 20:45:40,597][0m Trial 4 finished with value: -inf and parameters: {'damping': 0.8186474583814163, 'preference': -457}. Best is trial 0 with value: -inf.[0m
[32m[I 2025-01-23 20:45:40,610][0m Trial 5 finished with value: -inf and parameters: {'damping': 0.6370086076527499, 'preference': -133}. Best is trial 0 with value: -inf.[0m
[32m[I 2025-01-23 20:45:40,617][0m Trial 6 finished with value: -inf and parameters: {'damping': 0.5549988864321416, 'preference': -363}. Best is trial 0 with value: -inf.[0m
[32m[I 2025-01-23 20:45:40,629][0m Trial 7 finished with value: -inf and parameters: {'damping': 0.7314456133651287, 'preference': -265}. Best is trial 0 with value: -inf.[0m
[32m[I 2025-01-23 20:45:40,642][0m Trial 8 finished with value: -inf and parameters: {'damping': 0.6165264441949517, 'preference': -412}. Best is trial 0 with value: -inf.[0m
[32m[I 2025-01-23 20:45:40,661][0m Trial 9 finished with value: -inf and parameters: {'damping': 0.7795153673935178, 'preference': -472}. Best is trial 0 with value: -inf.[0m
[32m[I 2025-01-23 20:45:40,683][0m Trial 10 finished with value: -inf and parameters: {'damping': 0.6650594105410419, 'preference': -244}. Best is trial 0 with value: -inf.[0m
[32m[I 2025-01-23 20:45:40,702][0m Trial 11 finished with value: -inf and parameters: {'damping': 0.5030128195994884, 'preference': -332}. Best is trial 0 with value: -inf.[0m
[32m[I 2025-01-23 20:45:40,764][0m Trial 12 finished with value: -inf and parameters: {'damping': 0.8990724727314535, 'preference': -210}. Best is trial 0 with value: -inf.[0m
[32m[I 2025-01-23 20:45:40,783][0m Trial 13 finished with value: -inf and parameters: {'damping': 0.5840700627196729, 'preference': -310}. Best is trial 0 with value: -inf.[0m
[32m[I 2025-01-23 20:45:40,808][0m Trial 14 finished with value: -inf and parameters: {'damping': 0.5005962230762129, 'preference': -397}. Best is trial 0 with value: -inf.[0m
[32m[I 2025-01-23 20:45:40,831][0m Trial 15 finished with value: -inf and parameters: {'damping': 0.6845746318592919, 'preference': -271}. Best is trial 0 with value: -inf.[0m
[32m[I 2025-01-23 20:45:40,870][0m Trial 16 finished with value: -inf and parameters: {'damping': 0.5882804965688474, 'preference': -202}. Best is trial 0 with value: -inf.[0m
[32m[I 2025-01-23 20:45:40,911][0m Trial 17 finished with value: -inf and parameters: {'damping': 0.6259588075821813, 'preference': -432}. Best is trial 0 with value: -inf.[0m
[32m[I 2025-01-23 20:45:40,938][0m Trial 18 finished with value: -inf and parameters: {'damping': 0.6997008546886866, 'preference': -264}. Best is trial 0 with value: -inf.[0m
[32m[I 2025-01-23 20:45:40,961][0m Trial 19 finished with value: -inf and parameters: {'damping': 0.5900866607894344, 'preference': -192}. Best is trial 0 with value: -inf.[0m
[32m[I 2025-01-23 20:45:40,991][0m Trial 20 finished with value: -inf and parameters: {'damping': 0.7364493036337222, 'preference': -498}. Best is trial 0 with value: -inf.[0m
[32m[I 2025-01-23 20:45:41,015][0m Trial 21 finished with value: -inf and parameters: {'damping': 0.6528965560120796, 'preference': -239}. Best is trial 0 with value: -inf.[0m
[32m[I 2025-01-23 20:45:41,039][0m Trial 22 finished with value: -inf and parameters: {'damping': 0.7172036816985052, 'preference': -155}. Best is trial 0 with value: -inf.[0m
[32m[I 2025-01-23 20:45:41,051][0m Trial 23 finished with value: -inf and parameters: {'damping': 0.7419077320861702, 'preference': -189}. Best is trial 0 with value: -inf.[0m
[32m[I 2025-01-23 20:45:41,063][0m Trial 24 finished with value: -inf and parameters: {'damping': 0.6615374253903197, 'preference': -230}. Best is trial 0 with value: -inf.[0m
[32m[I 2025-01-23 20:45:41,076][0m Trial 25 finished with value: -inf and parameters: {'damping': 0.6622616144014476, 'preference': -151}. Best is trial 0 with value: -inf.[0m
[32m[I 2025-01-23 20:45:41,088][0m Trial 26 finished with value: -inf and parameters: {'damping': 0.7407109932746857, 'preference': -115}. Best is trial 0 with value: -inf.[0m
[32m[I 2025-01-23 20:45:41,103][0m Trial 27 finished with value: -inf and parameters: {'damping': 0.7728053916586484, 'preference': -212}. Best is trial 0 with value: -inf.[0m
[32m[I 2025-01-23 20:45:41,114][0m Trial 28 finished with value: -inf and parameters: {'damping': 0.6747356900790785, 'preference': -164}. Best is trial 0 with value: -inf.[0m
[32m[I 2025-01-23 20:45:41,129][0m Trial 29 finished with value: -inf and parameters: {'damping': 0.776244165379626, 'preference': -102}. Best is trial 0 with value: -inf.[0m
[32m[I 2025-01-23 20:45:41,145][0m Trial 30 finished with value: -inf and parameters: {'damping': 0.7769822544331786, 'preference': -135}. Best is trial 0 with value: -inf.[0m
[32m[I 2025-01-23 20:45:41,160][0m Trial 31 finished with value: -inf and parameters: {'damping': 0.8156911773540495, 'preference': -172}. Best is trial 0 with value: -inf.[0m
[32m[I 2025-01-23 20:45:41,177][0m Trial 32 finished with value: -inf and parameters: {'damping': 0.7682923377566319, 'preference': -102}. Best is trial 0 with value: -inf.[0m
[32m[I 2025-01-23 20:45:41,193][0m Trial 33 finished with value: -inf and parameters: {'damping': 0.8475239824292365, 'preference': -130}. Best is trial 0 with value: -inf.[0m
[32m[I 2025-01-23 20:45:41,209][0m Trial 34 finished with value: -inf and parameters: {'damping': 0.8095173562258097, 'preference': -132}. Best is trial 0 with value: -inf.[0m
[32m[I 2025-01-23 20:45:41,233][0m Trial 35 finished with value: -inf and parameters: {'damping': 0.5391104204697621, 'preference': -296}. Best is trial 0 with value: -inf.[0m
[32m[I 2025-01-23 20:45:41,274][0m Trial 36 finished with value: -inf and parameters: {'damping': 0.7108479018934231, 'preference': -494}. Best is trial 0 with value: -inf.[0m
[32m[I 2025-01-23 20:45:41,302][0m Trial 37 finished with value: -inf and parameters: {'damping': 0.7172538685822327, 'preference': -234}. Best is trial 0 with value: -inf.[0m
[32m[I 2025-01-23 20:45:41,333][0m Trial 38 finished with value: -inf and parameters: {'damping': 0.6148784771034161, 'preference': -174}. Best is trial 0 with value: -inf.[0m
[32m[I 2025-01-23 20:45:41,360][0m Trial 39 finished with value: -inf and parameters: {'damping': 0.6494569512488372, 'preference': -180}. Best is trial 0 with value: -inf.[0m
[32m[I 2025-01-23 20:45:41,374][0m Trial 40 finished with value: -inf and parameters: {'damping': 0.6908794639959377, 'preference': -223}. Best is trial 0 with value: -inf.[0m
[32m[I 2025-01-23 20:45:41,389][0m Trial 41 finished with value: -inf and parameters: {'damping': 0.6616920392223221, 'preference': -159}. Best is trial 0 with value: -inf.[0m
[32m[I 2025-01-23 20:45:41,404][0m Trial 42 finished with value: -inf and parameters: {'damping': 0.7446756171040071, 'preference': -147}. Best is trial 0 with value: -inf.[0m
[32m[I 2025-01-23 20:45:41,419][0m Trial 43 finished with value: -inf and parameters: {'damping': 0.6082288804671334, 'preference': -123}. Best is trial 0 with value: -inf.[0m
[32m[I 2025-01-23 20:45:41,433][0m Trial 44 finished with value: -inf and parameters: {'damping': 0.5637249641471749, 'preference': -211}. Best is trial 0 with value: -inf.[0m
[32m[I 2025-01-23 20:45:41,462][0m Trial 45 finished with value: -inf and parameters: {'damping': 0.6354459376720422, 'preference': -251}. Best is trial 0 with value: -inf.[0m
[32m[I 2025-01-23 20:45:41,480][0m Trial 46 finished with value: -inf and parameters: {'damping': 0.6760837608004998, 'preference': -119}. Best is trial 0 with value: -inf.[0m
[32m[I 2025-01-23 20:45:41,495][0m Trial 47 finished with value: -inf and parameters: {'damping': 0.7965461994924583, 'preference': -154}. Best is trial 0 with value: -inf.[0m
[32m[I 2025-01-23 20:45:41,512][0m Trial 48 finished with value: -inf and parameters: {'damping': 0.8429293592933722, 'preference': -105}. Best is trial 0 with value: -inf.[0m
[32m[I 2025-01-23 20:45:41,528][0m Trial 49 finished with value: -inf and parameters: {'damping': 0.7588591661239308, 'preference': -114}. Best is trial 0 with value: -inf.[0m
[32m[I 2025-01-23 20:45:41,539][0m A new study created in memory with name: no-name-0e89e99d-61b0-465f-82f1-8175a88ec94c[0m
[32m[I 2025-01-23 20:45:41,556][0m Trial 0 finished with value: -inf and parameters: {'damping': 0.6823186823326939, 'preference': -276}. Best is trial 0 with value: -inf.[0m
[32m[I 2025-01-23 20:45:41,561][0m Trial 1 finished with value: -inf and parameters: {'damping': 0.738010818198341, 'preference': -354}. Best is trial 0 with value: -inf.[0m
[32m[I 2025-01-23 20:45:41,573][0m Trial 2 finished with value: -inf and parameters: {'damping': 0.7389709822971051, 'preference': -377}. Best is trial 0 with value: -inf.[0m
[32m[I 2025-01-23 20:45:41,586][0m Trial 3 finished with value: -inf and parameters: {'damping': 0.7922713198325324, 'preference': -148}. Best is trial 0 with value: -inf.[0m
[32m[I 2025-01-23 20:45:41,594][0m Trial 4 finished with value: -inf and parameters: {'damping': 0.7732959015499417, 'preference': -187}. Best is trial 0 with value: -inf.[0m
[32m[I 2025-01-23 20:45:41,601][0m Trial 5 finished with value: -inf and parameters: {'damping': 0.5598221619314391, 'preference': -172}. Best is trial 0 with value: -inf.[0m
[32m[I 2025-01-23 20:45:41,609][0m Trial 6 finished with value: -inf and parameters: {'damping': 0.7228888262645455, 'preference': -136}. Best is trial 0 with value: -inf.[0m
[32m[I 2025-01-23 20:45:41,617][0m Trial 7 finished with value: -inf and parameters: {'damping': 0.8518406736619644, 'preference': -316}. Best is trial 0 with value: -inf.[0m
[32m[I 2025-01-23 20:45:41,624][0m Trial 8 finished with value: -inf and parameters: {'damping': 0.5063081128411633, 'preference': -314}. Best is trial 0 with value: -inf.[0m
[32m[I 2025-01-23 20:45:41,633][0m Trial 9 finished with value: -inf and parameters: {'damping': 0.8368766898697181, 'preference': -102}. Best is trial 0 with value: -inf.[0m
[32m[I 2025-01-23 20:45:41,647][0m Trial 10 finished with value: -inf and parameters: {'damping': 0.6382088846032069, 'preference': -484}. Best is trial 0 with value: -inf.[0m
[32m[I 2025-01-23 20:45:41,660][0m Trial 11 finished with value: -inf and parameters: {'damping': 0.6364072747756758, 'preference': -250}. Best is trial 0 with value: -inf.[0m
[32m[I 2025-01-23 20:45:41,673][0m Trial 12 finished with value: -inf and parameters: {'damping': 0.6631361988149365, 'preference': -396}. Best is trial 0 with value: -inf.[0m
[32m[I 2025-01-23 20:45:41,685][0m Trial 13 finished with value: -inf and parameters: {'damping': 0.6900044920471757, 'preference': -250}. Best is trial 0 with value: -inf.[0m
[32m[I 2025-01-23 20:45:41,699][0m Trial 14 finished with value: -inf and parameters: {'damping': 0.5806252040882188, 'preference': -389}. Best is trial 0 with value: -inf.[0m
[32m[I 2025-01-23 20:45:41,716][0m Trial 15 finished with value: -inf and parameters: {'damping': 0.7765692928723638, 'preference': -253}. Best is trial 0 with value: -inf.[0m
[32m[I 2025-01-23 20:45:41,742][0m Trial 16 finished with value: -inf and parameters: {'damping': 0.8878138338692186, 'preference': -447}. Best is trial 0 with value: -inf.[0m
[32m[I 2025-01-23 20:45:41,759][0m Trial 17 finished with value: -inf and parameters: {'damping': 0.5876493953086611, 'preference': -426}. Best is trial 0 with value: -inf.[0m
[32m[I 2025-01-23 20:45:41,772][0m Trial 18 finished with value: -inf and parameters: {'damping': 0.7917559932602707, 'preference': -246}. Best is trial 0 with value: -inf.[0m
[32m[I 2025-01-23 20:45:41,796][0m Trial 19 finished with value: -inf and parameters: {'damping': 0.8893115037615056, 'preference': -493}. Best is trial 0 with value: -inf.[0m
[32m[I 2025-01-23 20:45:41,818][0m Trial 20 finished with value: -inf and parameters: {'damping': 0.5882610879631517, 'preference': -445}. Best is trial 0 with value: -inf.[0m
[32m[I 2025-01-23 20:45:41,831][0m Trial 21 finished with value: -inf and parameters: {'damping': 0.5071509777416544, 'preference': -212}. Best is trial 0 with value: -inf.[0m
[32m[I 2025-01-23 20:45:41,845][0m Trial 22 finished with value: -inf and parameters: {'damping': 0.8953508162661123, 'preference': -272}. Best is trial 0 with value: -inf.[0m
[32m[I 2025-01-23 20:45:41,859][0m Trial 23 finished with value: -inf and parameters: {'damping': 0.6120307369273791, 'preference': -499}. Best is trial 0 with value: -inf.[0m
[32m[I 2025-01-23 20:45:41,871][0m Trial 24 finished with value: -inf and parameters: {'damping': 0.504328642593833, 'preference': -217}. Best is trial 0 with value: -inf.[0m
[32m[I 2025-01-23 20:45:41,884][0m Trial 25 finished with value: -inf and parameters: {'damping': 0.5472571894012676, 'preference': -288}. Best is trial 0 with value: -inf.[0m
[32m[I 2025-01-23 20:45:41,897][0m Trial 26 finished with value: -inf and parameters: {'damping': 0.6680847364776585, 'preference': -339}. Best is trial 0 with value: -inf.[0m
[32m[I 2025-01-23 20:45:41,909][0m Trial 27 finished with value: -inf and parameters: {'damping': 0.6206365301419859, 'preference': -223}. Best is trial 0 with value: -inf.[0m
[32m[I 2025-01-23 20:45:41,924][0m Trial 28 finished with value: -inf and parameters: {'damping': 0.5423819510909823, 'preference': -291}. Best is trial 0 with value: -inf.[0m
[32m[I 2025-01-23 20:45:41,935][0m Trial 29 finished with value: -inf and parameters: {'damping': 0.6813876561462955, 'preference': -348}. Best is trial 0 with value: -inf.[0m
[32m[I 2025-01-23 20:45:41,949][0m Trial 30 finished with value: -inf and parameters: {'damping': 0.7205989034555513, 'preference': -339}. Best is trial 0 with value: -inf.[0m
[32m[I 2025-01-23 20:45:41,960][0m Trial 31 finished with value: -inf and parameters: {'damping': 0.6555540316890547, 'preference': -287}. Best is trial 0 with value: -inf.[0m
[32m[I 2025-01-23 20:45:41,972][0m Trial 32 finished with value: -inf and parameters: {'damping': 0.6920297833667194, 'preference': -363}. Best is trial 0 with value: -inf.[0m
[32m[I 2025-01-23 20:45:41,985][0m Trial 33 finished with value: -inf and parameters: {'damping': 0.7351849168598874, 'preference': -338}. Best is trial 0 with value: -inf.[0m
[32m[I 2025-01-23 20:45:41,997][0m Trial 34 finished with value: -inf and parameters: {'damping': 0.7125847699419094, 'preference': -333}. Best is trial 0 with value: -inf.[0m
[32m[I 2025-01-23 20:45:42,012][0m Trial 35 finished with value: -inf and parameters: {'damping': 0.52864944262662, 'preference': -465}. Best is trial 0 with value: -inf.[0m
[32m[I 2025-01-23 20:45:42,023][0m Trial 36 finished with value: -inf and parameters: {'damping': 0.5864031749602179, 'preference': -203}. Best is trial 0 with value: -inf.[0m
[32m[I 2025-01-23 20:45:42,038][0m Trial 37 finished with value: -inf and parameters: {'damping': 0.7508449479711707, 'preference': -271}. Best is trial 0 with value: -inf.[0m
[32m[I 2025-01-23 20:45:42,062][0m Trial 38 finished with value: -inf and parameters: {'damping': 0.6061800883373638, 'preference': -178}. Best is trial 0 with value: -inf.[0m
[32m[I 2025-01-23 20:45:42,094][0m Trial 39 finished with value: -inf and parameters: {'damping': 0.8376316994834346, 'preference': -227}. Best is trial 0 with value: -inf.[0m
[32m[I 2025-01-23 20:45:42,118][0m Trial 40 finished with value: -inf and parameters: {'damping': 0.7556213144994297, 'preference': -151}. Best is trial 0 with value: -inf.[0m
[32m[I 2025-01-23 20:45:42,131][0m Trial 41 finished with value: -inf and parameters: {'damping': 0.5609136567916196, 'preference': -304}. Best is trial 0 with value: -inf.[0m
[32m[I 2025-01-23 20:45:42,164][0m Trial 42 finished with value: -inf and parameters: {'damping': 0.5317673941919634, 'preference': -407}. Best is trial 0 with value: -inf.[0m
[32m[I 2025-01-23 20:45:42,197][0m Trial 43 finished with value: -inf and parameters: {'damping': 0.5601691853763651, 'preference': -321}. Best is trial 0 with value: -inf.[0m
[32m[I 2025-01-23 20:45:42,211][0m Trial 44 finished with value: -inf and parameters: {'damping': 0.6256133293133941, 'preference': -218}. Best is trial 0 with value: -inf.[0m
[32m[I 2025-01-23 20:45:42,240][0m Trial 45 finished with value: -inf and parameters: {'damping': 0.6604005677595904, 'preference': -277}. Best is trial 0 with value: -inf.[0m
[32m[I 2025-01-23 20:45:42,261][0m Trial 46 finished with value: -inf and parameters: {'damping': 0.674135652427269, 'preference': -295}. Best is trial 0 with value: -inf.[0m
[32m[I 2025-01-23 20:45:42,277][0m Trial 47 finished with value: -inf and parameters: {'damping': 0.5426100839177798, 'preference': -369}. Best is trial 0 with value: -inf.[0m
[32m[I 2025-01-23 20:45:42,291][0m Trial 48 finished with value: -inf and parameters: {'damping': 0.685327370899711, 'preference': -348}. Best is trial 0 with value: -inf.[0m
[32m[I 2025-01-23 20:45:42,304][0m Trial 49 finished with value: -inf and parameters: {'damping': 0.6468641464507474, 'preference': -317}. Best is trial 0 with value: -inf.[0m
[32m[I 2025-01-23 20:45:42,311][0m A new study created in memory with name: no-name-194248fb-94fe-40b0-a0fe-95f3f79dc210[0m
[32m[I 2025-01-23 20:45:42,318][0m Trial 0 finished with value: -inf and parameters: {'damping': 0.6110507014182475, 'preference': -202}. Best is trial 0 with value: -inf.[0m
[32m[I 2025-01-23 20:45:42,326][0m Trial 1 finished with value: -inf and parameters: {'damping': 0.8477610152310149, 'preference': -307}. Best is trial 0 with value: -inf.[0m
[32m[I 2025-01-23 20:45:42,339][0m Trial 2 finished with value: -inf and parameters: {'damping': 0.7539994393591969, 'preference': -391}. Best is trial 0 with value: -inf.[0m
[32m[I 2025-01-23 20:45:42,346][0m Trial 3 finished with value: -inf and parameters: {'damping': 0.7636217303503274, 'preference': -148}. Best is trial 0 with value: -inf.[0m
[32m[I 2025-01-23 20:45:42,353][0m Trial 4 finished with value: -inf and parameters: {'damping': 0.5849662800977209, 'preference': -352}. Best is trial 0 with value: -inf.[0m
[32m[I 2025-01-23 20:45:42,363][0m Trial 5 finished with value: -inf and parameters: {'damping': 0.539903475686135, 'preference': -266}. Best is trial 0 with value: -inf.[0m
[32m[I 2025-01-23 20:45:42,370][0m Trial 6 finished with value: -inf and parameters: {'damping': 0.5613991809110731, 'preference': -307}. Best is trial 0 with value: -inf.[0m
[32m[I 2025-01-23 20:45:42,386][0m Trial 7 finished with value: -inf and parameters: {'damping': 0.8004446123873477, 'preference': -287}. Best is trial 0 with value: -inf.[0m
[32m[I 2025-01-23 20:45:42,403][0m Trial 8 finished with value: -inf and parameters: {'damping': 0.8471313991908005, 'preference': -101}. Best is trial 0 with value: -inf.[0m
[32m[I 2025-01-23 20:45:42,424][0m Trial 9 finished with value: -inf and parameters: {'damping': 0.6783686954316868, 'preference': -311}. Best is trial 0 with value: -inf.[0m
[32m[I 2025-01-23 20:45:42,452][0m Trial 10 finished with value: -inf and parameters: {'damping': 0.6412450555820078, 'preference': -473}. Best is trial 0 with value: -inf.[0m
[32m[I 2025-01-23 20:45:42,481][0m Trial 11 finished with value: -inf and parameters: {'damping': 0.8981210291243952, 'preference': -205}. Best is trial 0 with value: -inf.[0m
[32m[I 2025-01-23 20:45:42,493][0m Trial 12 finished with value: -inf and parameters: {'damping': 0.6335324569114509, 'preference': -209}. Best is trial 0 with value: -inf.[0m
[32m[I 2025-01-23 20:45:42,511][0m Trial 13 finished with value: -inf and parameters: {'damping': 0.5025597706894378, 'preference': -220}. Best is trial 0 with value: -inf.[0m
[32m[I 2025-01-23 20:45:42,524][0m Trial 14 finished with value: -inf and parameters: {'damping': 0.7132129805142473, 'preference': -404}. Best is trial 0 with value: -inf.[0m
[32m[I 2025-01-23 20:45:42,537][0m Trial 15 finished with value: -inf and parameters: {'damping': 0.6136453253590838, 'preference': -157}. Best is trial 0 with value: -inf.[0m
[32m[I 2025-01-23 20:45:42,550][0m Trial 16 finished with value: -inf and parameters: {'damping': 0.6899200230147494, 'preference': -249}. Best is trial 0 with value: -inf.[0m
[32m[I 2025-01-23 20:45:42,563][0m Trial 17 finished with value: -inf and parameters: {'damping': 0.7427435048496936, 'preference': -436}. Best is trial 0 with value: -inf.[0m
[32m[I 2025-01-23 20:45:42,577][0m Trial 18 finished with value: -inf and parameters: {'damping': 0.629367607576526, 'preference': -145}. Best is trial 0 with value: -inf.[0m
[32m[I 2025-01-23 20:45:42,590][0m Trial 19 finished with value: -inf and parameters: {'damping': 0.683965195702486, 'preference': -252}. Best is trial 0 with value: -inf.[0m
[32m[I 2025-01-23 20:45:42,623][0m Trial 20 finished with value: -inf and parameters: {'damping': 0.7458819986845853, 'preference': -482}. Best is trial 0 with value: -inf.[0m
