[32m[I 2025-01-23 20:45:42,636][0m Trial 21 finished with value: -inf and parameters: {'damping': 0.6048109756506785, 'preference': -152}. Best is trial 0 with value: -inf.[0m
[32m[I 2025-01-23 20:45:42,655][0m Trial 22 finished with value: -inf and parameters: {'damping': 0.6560942488500023, 'preference': -100}. Best is trial 0 with value: -inf.[0m
[32m[I 2025-01-23 20:45:42,679][0m Trial 23 finished with value: -inf and parameters: {'damping': 0.70853298942819, 'preference': -496}. Best is trial 0 with value: -inf.[0m
[32m[I 2025-01-23 20:45:42,703][0m Trial 24 finished with value: -inf and parameters: {'damping': 0.6032096940963247, 'preference': -182}. Best is trial 0 with value: -inf.[0m
[32m[I 2025-01-23 20:45:42,715][0m Trial 25 finished with value: -inf and parameters: {'damping': 0.6523777604796247, 'preference': -114}. Best is trial 0 with value: -inf.[0m
[32m[I 2025-01-23 20:45:42,728][0m Trial 26 finished with value: -inf and parameters: {'damping': 0.6612503496968719, 'preference': -347}. Best is trial 0 with value: -inf.[0m
[32m[I 2025-01-23 20:45:42,740][0m Trial 27 finished with value: -inf and parameters: {'damping': 0.5530695310656997, 'preference': -186}. Best is trial 0 with value: -inf.[0m
[32m[I 2025-01-23 20:45:42,754][0m Trial 28 finished with value: -inf and parameters: {'damping': 0.5820634960351841, 'preference': -178}. Best is trial 0 with value: -inf.[0m
[32m[I 2025-01-23 20:45:42,767][0m Trial 29 finished with value: -inf and parameters: {'damping': 0.6649010977785662, 'preference': -357}. Best is trial 0 with value: -inf.[0m
[32m[I 2025-01-23 20:45:42,780][0m Trial 30 finished with value: -inf and parameters: {'damping': 0.5195724326064799, 'preference': -230}. Best is trial 0 with value: -inf.[0m
[32m[I 2025-01-23 20:45:42,793][0m Trial 31 finished with value: -inf and parameters: {'damping': 0.5749515947857673, 'preference': -187}. Best is trial 0 with value: -inf.[0m
[32m[I 2025-01-23 20:45:42,807][0m Trial 32 finished with value: -inf and parameters: {'damping': 0.5486827055425545, 'preference': -345}. Best is trial 0 with value: -inf.[0m
[32m[I 2025-01-23 20:45:42,844][0m Trial 33 finished with value: -inf and parameters: {'damping': 0.5077658855625824, 'preference': -234}. Best is trial 0 with value: -inf.[0m
[32m[I 2025-01-23 20:45:42,870][0m Trial 34 finished with value: -inf and parameters: {'damping': 0.5295236437509561, 'preference': -283}. Best is trial 0 with value: -inf.[0m
[32m[I 2025-01-23 20:45:42,899][0m Trial 35 finished with value: -inf and parameters: {'damping': 0.7753086395811672, 'preference': -255}. Best is trial 0 with value: -inf.[0m
[32m[I 2025-01-23 20:45:42,927][0m Trial 36 finished with value: -inf and parameters: {'damping': 0.7434326462494365, 'preference': -129}. Best is trial 0 with value: -inf.[0m
[32m[I 2025-01-23 20:45:42,960][0m Trial 37 finished with value: -inf and parameters: {'damping': 0.6043813623024294, 'preference': -149}. Best is trial 0 with value: -inf.[0m
[32m[I 2025-01-23 20:45:43,002][0m Trial 38 finished with value: -inf and parameters: {'damping': 0.7064617544338623, 'preference': -123}. Best is trial 0 with value: -inf.[0m
[32m[I 2025-01-23 20:45:43,045][0m Trial 39 finished with value: -inf and parameters: {'damping': 0.7133105804230504, 'preference': -168}. Best is trial 0 with value: -inf.[0m
[32m[I 2025-01-23 20:45:43,082][0m Trial 40 finished with value: -inf and parameters: {'damping': 0.6136186128199511, 'preference': -104}. Best is trial 0 with value: -inf.[0m
[32m[I 2025-01-23 20:45:43,095][0m Trial 41 finished with value: -inf and parameters: {'damping': 0.6513907062952139, 'preference': -123}. Best is trial 0 with value: -inf.[0m
[32m[I 2025-01-23 20:45:43,109][0m Trial 42 finished with value: -inf and parameters: {'damping': 0.6702128009080102, 'preference': -499}. Best is trial 0 with value: -inf.[0m
[32m[I 2025-01-23 20:45:43,122][0m Trial 43 finished with value: -inf and parameters: {'damping': 0.6279714777814502, 'preference': -437}. Best is trial 0 with value: -inf.[0m
[32m[I 2025-01-23 20:45:43,136][0m Trial 44 finished with value: -inf and parameters: {'damping': 0.5577336281143163, 'preference': -340}. Best is trial 0 with value: -inf.[0m
[32m[I 2025-01-23 20:45:43,149][0m Trial 45 finished with value: -inf and parameters: {'damping': 0.5893321438472277, 'preference': -196}. Best is trial 0 with value: -inf.[0m
[32m[I 2025-01-23 20:45:43,162][0m Trial 46 finished with value: -inf and parameters: {'damping': 0.5803725521742644, 'preference': -329}. Best is trial 0 with value: -inf.[0m
[32m[I 2025-01-23 20:45:43,193][0m Trial 47 finished with value: -inf and parameters: {'damping': 0.5641222063004443, 'preference': -374}. Best is trial 0 with value: -inf.[0m
[32m[I 2025-01-23 20:45:43,226][0m Trial 48 finished with value: -inf and parameters: {'damping': 0.5323347929316061, 'preference': -375}. Best is trial 0 with value: -inf.[0m
