[32m[I 2025-01-23 21:22:58,965][0m Trial 49 finished with value: -inf and parameters: {'damping': 0.8515173338787939, 'preference': -414}. Best is trial 0 with value: -inf.[0m
[INFO] 聚类算法输出:
Data loaded successfully.
Excluded columns with 'id': ['id']
Using all columns for clustering: ['article_jcreated_at', 'article_jissue', 'article_jvolumn', 'article_language', 'article_pagination', 'article_title', 'author_list', 'jounral_abbreviation', 'journal_issn', 'journal_title']
Text output saved to /root/AutoMLClustering/src/pipeline/train/../../../results/clustered_data/DBSCAN/mode/clustered_39/repaired_39.txt
Program completed in: 10.005017518997192 seconds

[INFO] 聚类完成: DBSCAN, 运行时间: 10.01 秒
[INFO] 运行聚类算法: GMM，数据集编号: 39, 清洗算法: mode
[INFO] 聚类算法输出:
Data loaded successfully.
Excluded columns containing 'id': ['id']
Using all columns for clustering: ['article_jcreated_at', 'article_jissue', 'article_jvolumn', 'article_language', 'article_pagination', 'article_title', 'author_list', 'jounral_abbreviation', 'journal_issn', 'journal_title']
Initial optimal number of components from Optuna: 13
Best covariance type from Optuna: tied
Optimal number of components from Kneedle: 4
Refining in range: 4 to 13
Final optimal number of components: 13
Text output saved to /root/AutoMLClustering/src/pipeline/train/../../../results/clustered_data/GMM/mode/clustered_39/repaired_39.txt
Program completed in: 9.460055589675903 seconds

[INFO] 聚类完成: GMM, 运行时间: 9.46 秒
[INFO] 运行聚类算法: HC，数据集编号: 39, 清洗算法: mode
[INFO] 聚类算法输出:
Data loaded successfully.
Excluded columns containing 'id': ['id']
Using all columns for clustering: ['article_jcreated_at', 'article_jissue', 'article_jvolumn', 'article_language', 'article_pagination', 'article_title', 'author_list', 'jounral_abbreviation', 'journal_issn', 'journal_title']
Final optimal parameters from Optuna: n_clusters=5, linkage=single, metric=manhattan
Text output saved as /root/AutoMLClustering/src/pipeline/train/../../../results/clustered_data/HC/mode/clustered_39/repaired_39.txt
Program completed in: 9.801817893981934 seconds

[INFO] 聚类完成: HC, 运行时间: 9.80 秒
[INFO] 运行聚类算法: KMEANS，数据集编号: 39, 清洗算法: mode
[INFO] 聚类算法输出:
Data loaded successfully.
Excluded columns containing 'id': ['id']
Using multiple columns for clustering: ['article_jcreated_at', 'article_jissue', 'article_jvolumn', 'article_language', 'article_pagination', 'article_title', 'author_list', 'jounral_abbreviation', 'journal_issn', 'journal_title']
Initial optimal number of clusters from Optuna: 18
Optimal number of clusters from Kneedle: 7
Refining in range: 7 to 18
Refined optimal number of clusters: 18
Text output saved to /root/AutoMLClustering/src/pipeline/train/../../../results/clustered_data/KMEANS/mode/clustered_39/repaired_39.txt
Program completed in: 51.000505685806274 seconds

[INFO] 聚类完成: KMEANS, 运行时间: 51.00 秒
[INFO] 运行聚类算法: OPTICS，数据集编号: 39, 清洗算法: mode
[INFO] 聚类算法输出:
Data loaded successfully.
Excluded columns containing 'id': ['id']
Using all columns for clustering: ['article_jcreated_at', 'article_jissue', 'article_jvolumn', 'article_language', 'article_pagination', 'article_title', 'author_list', 'jounral_abbreviation', 'journal_issn', 'journal_title']
Text output saved to /root/AutoMLClustering/src/pipeline/train/../../../results/clustered_data/OPTICS/mode/clustered_39/repaired_39.txt
Program completed in: 54.378647565841675 seconds

[INFO] 聚类完成: OPTICS, 运行时间: 54.38 秒
==================================================
[INFO] 正在运行清洗策略: raha_baran
运行清洗算法 2（baran），数据集编号: 39
------------------------------------------------------------------------
---------------------Initialize the Dataset Object----------------------
------------------------------------------------------------------------
------------------------------------------------------------------------
--------------------Initialize Error Corrector Models-------------------
------------------------------------------------------------------------
The error corrector models are initialized.
------------------------------------------------------------------------
--------------Iterative Tuple Sampling, Labeling, and Learning----------
------------------------------------------------------------------------
The error corrector models are updated with new labeled tuple 249.
40254 pairs of (a data error, a potential correction) are featurized.
52% (1085 / 2083) of data errors are corrected.
------------------------------------------------------------------------
The error corrector models are updated with new labeled tuple 995.
41459 pairs of (a data error, a potential correction) are featurized.
58% (1218 / 2083) of data errors are corrected.
------------------------------------------------------------------------
The error corrector models are updated with new labeled tuple 23.
44954 pairs of (a data error, a potential correction) are featurized.
93% (1937 / 2083) of data errors are corrected.
------------------------------------------------------------------------
The error corrector models are updated with new labeled tuple 178.
46141 pairs of (a data error, a potential correction) are featurized.
93% (1938 / 2083) of data errors are corrected.
------------------------------------------------------------------------
The error corrector models are updated with new labeled tuple 860.
48136 pairs of (a data error, a potential correction) are featurized.
93% (1938 / 2083) of data errors are corrected.
------------------------------------------------------------------------
The error corrector models are updated with new labeled tuple 394.
50269 pairs of (a data error, a potential correction) are featurized.
93% (1940 / 2083) of data errors are corrected.
------------------------------------------------------------------------
The error corrector models are updated with new labeled tuple 487.
51141 pairs of (a data error, a potential correction) are featurized.
93% (1942 / 2083) of data errors are corrected.
------------------------------------------------------------------------
The error corrector models are updated with new labeled tuple 826.
53180 pairs of (a data error, a potential correction) are featurized.
93% (1942 / 2083) of data errors are corrected.
------------------------------------------------------------------------
The error corrector models are updated with new labeled tuple 658.
55358 pairs of (a data error, a potential correction) are featurized.
93% (1945 / 2083) of data errors are corrected.
------------------------------------------------------------------------
The error corrector models are updated with new labeled tuple 645.
55358 pairs of (a data error, a potential correction) are featurized.
93% (1947 / 2083) of data errors are corrected.
------------------------------------------------------------------------
The error corrector models are updated with new labeled tuple 17.
56444 pairs of (a data error, a potential correction) are featurized.
94% (1948 / 2083) of data errors are corrected.
------------------------------------------------------------------------
The error corrector models are updated with new labeled tuple 208.
57515 pairs of (a data error, a potential correction) are featurized.
94% (1949 / 2083) of data errors are corrected.
------------------------------------------------------------------------
The error corrector models are updated with new labeled tuple 856.
57515 pairs of (a data error, a potential correction) are featurized.
94% (1949 / 2083) of data errors are corrected.
------------------------------------------------------------------------
The error corrector models are updated with new labeled tuple 36.
58615 pairs of (a data error, a potential correction) are featurized.
94% (1949 / 2083) of data errors are corrected.
------------------------------------------------------------------------
The error corrector models are updated with new labeled tuple 861.
60615 pairs of (a data error, a potential correction) are featurized.
97% (2014 / 2083) of data errors are corrected.
[INFO] 聚类算法输出:
Data loaded successfully.
Excluded columns with 'id': ['id']
Using all columns for clustering: ['article_jcreated_at', 'article_jissue', 'article_jvolumn', 'article_language', 'article_pagination', 'article_title', 'author_list', 'jounral_abbreviation', 'journal_issn', 'journal_title']
Text output saved to /root/AutoMLClustering/src/pipeline/train/../../../results/clustered_data/DBSCAN/mode/clustered_38/repaired_38.txt
Program completed in: 10.176497220993042 seconds

[INFO] 聚类完成: DBSCAN, 运行时间: 10.18 秒
[INFO] 运行聚类算法: GMM，数据集编号: 38, 清洗算法: mode
[INFO] 聚类算法输出:
Data loaded successfully.
Excluded columns containing 'id': ['id']
Using all columns for clustering: ['article_jcreated_at', 'article_jissue', 'article_jvolumn', 'article_language', 'article_pagination', 'article_title', 'author_list', 'jounral_abbreviation', 'journal_issn', 'journal_title']
Initial optimal number of components from Optuna: 8
Best covariance type from Optuna: tied
Optimal number of components from Kneedle: 2
Refining in range: 2 to 8
Final optimal number of components: 6
Text output saved to /root/AutoMLClustering/src/pipeline/train/../../../results/clustered_data/GMM/mode/clustered_38/repaired_38.txt
Program completed in: 9.950435400009155 seconds

[INFO] 聚类完成: GMM, 运行时间: 9.95 秒
[INFO] 运行聚类算法: HC，数据集编号: 38, 清洗算法: mode
[INFO] 聚类算法输出:
Data loaded successfully.
Excluded columns containing 'id': ['id']
Using all columns for clustering: ['article_jcreated_at', 'article_jissue', 'article_jvolumn', 'article_language', 'article_pagination', 'article_title', 'author_list', 'jounral_abbreviation', 'journal_issn', 'journal_title']
Final optimal parameters from Optuna: n_clusters=5, linkage=single, metric=manhattan
Text output saved as /root/AutoMLClustering/src/pipeline/train/../../../results/clustered_data/HC/mode/clustered_38/repaired_38.txt
Program completed in: 6.443478345870972 seconds

[INFO] 聚类完成: HC, 运行时间: 6.44 秒
[INFO] 运行聚类算法: KMEANS，数据集编号: 38, 清洗算法: mode
[INFO] 聚类算法输出:
Data loaded successfully.
Excluded columns containing 'id': ['id']
Using multiple columns for clustering: ['article_jcreated_at', 'article_jissue', 'article_jvolumn', 'article_language', 'article_pagination', 'article_title', 'author_list', 'jounral_abbreviation', 'journal_issn', 'journal_title']
Initial optimal number of clusters from Optuna: 17
Optimal number of clusters from Kneedle: 6
Refining in range: 6 to 17
Refined optimal number of clusters: 16
Text output saved to /root/AutoMLClustering/src/pipeline/train/../../../results/clustered_data/KMEANS/mode/clustered_38/repaired_38.txt
Program completed in: 54.168490409851074 seconds

[INFO] 聚类完成: KMEANS, 运行时间: 54.17 秒
[INFO] 运行聚类算法: OPTICS，数据集编号: 38, 清洗算法: mode
[INFO] 聚类算法输出:
Data loaded successfully.
Excluded columns containing 'id': ['id']
Using all columns for clustering: ['article_jcreated_at', 'article_jissue', 'article_jvolumn', 'article_language', 'article_pagination', 'article_title', 'author_list', 'jounral_abbreviation', 'journal_issn', 'journal_title']
Text output saved to /root/AutoMLClustering/src/pipeline/train/../../../results/clustered_data/OPTICS/mode/clustered_38/repaired_38.txt
Program completed in: 57.64612078666687 seconds

[INFO] 聚类完成: OPTICS, 运行时间: 57.65 秒
==================================================
[INFO] 正在运行清洗策略: raha_baran
运行清洗算法 2（baran），数据集编号: 38
------------------------------------------------------------------------
---------------------Initialize the Dataset Object----------------------
------------------------------------------------------------------------
------------------------------------------------------------------------
--------------------Initialize Error Corrector Models-------------------
------------------------------------------------------------------------
The error corrector models are initialized.
------------------------------------------------------------------------
--------------Iterative Tuple Sampling, Labeling, and Learning----------
------------------------------------------------------------------------
The error corrector models are updated with new labeled tuple 93.
714195 pairs of (a data error, a potential correction) are featurized.
54% (1910 / 3567) of data errors are corrected.
------------------------------------------------------------------------
The error corrector models are updated with new labeled tuple 428.
719035 pairs of (a data error, a potential correction) are featurized.
59% (2109 / 3567) of data errors are corrected.
------------------------------------------------------------------------
The error corrector models are updated with new labeled tuple 715.
722620 pairs of (a data error, a potential correction) are featurized.
59% (2119 / 3567) of data errors are corrected.
------------------------------------------------------------------------
The error corrector models are updated with new labeled tuple 607.
728695 pairs of (a data error, a potential correction) are featurized.
60% (2130 / 3567) of data errors are corrected.
------------------------------------------------------------------------
The error corrector models are updated with new labeled tuple 32.
730452 pairs of (a data error, a potential correction) are featurized.
62% (2195 / 3567) of data errors are corrected.
------------------------------------------------------------------------
The error corrector models are updated with new labeled tuple 15.
731479 pairs of (a data error, a potential correction) are featurized.
62% (2199 / 3567) of data errors are corrected.
------------------------------------------------------------------------
The error corrector models are updated with new labeled tuple 822.
733091 pairs of (a data error, a potential correction) are featurized.
63% (2245 / 3567) of data errors are corrected.
------------------------------------------------------------------------
The error corrector models are updated with new labeled tuple 549.
737788 pairs of (a data error, a potential correction) are featurized.
64% (2282 / 3567) of data errors are corrected.
------------------------------------------------------------------------
The error corrector models are updated with new labeled tuple 371.
738814 pairs of (a data error, a potential correction) are featurized.
64% (2287 / 3567) of data errors are corrected.
------------------------------------------------------------------------
The error corrector models are updated with new labeled tuple 604.
741372 pairs of (a data error, a potential correction) are featurized.
64% (2287 / 3567) of data errors are corrected.
------------------------------------------------------------------------
The error corrector models are updated with new labeled tuple 663.
746811 pairs of (a data error, a potential correction) are featurized.
64% (2297 / 3567) of data errors are corrected.
------------------------------------------------------------------------
The error corrector models are updated with new labeled tuple 372.
750836 pairs of (a data error, a potential correction) are featurized.
65% (2313 / 3567) of data errors are corrected.
------------------------------------------------------------------------
The error corrector models are updated with new labeled tuple 959.
757060 pairs of (a data error, a potential correction) are featurized.
65% (2319 / 3567) of data errors are corrected.
------------------------------------------------------------------------
The error corrector models are updated with new labeled tuple 846.
759333 pairs of (a data error, a potential correction) are featurized.
65% (2319 / 3567) of data errors are corrected.
------------------------------------------------------------------------
The error corrector models are updated with new labeled tuple 955.
763503 pairs of (a data error, a potential correction) are featurized.
65% (2321 / 3567) of data errors are corrected.

[ERROR] 聚类算法 AP 运行失败
[INFO] 运行聚类算法: DBSCAN，数据集编号: 36, 清洗算法: raha_baran
[INFO] 聚类算法输出:
Data loaded successfully.
Excluded columns with 'id': ['id']
Using all columns for clustering: ['article_jcreated_at', 'article_jissue', 'article_jvolumn', 'article_language', 'article_pagination', 'article_title', 'author_list', 'jounral_abbreviation', 'journal_issn', 'journal_title']
Text output saved to /root/AutoMLClustering/src/pipeline/train/../../../results/clustered_data/DBSCAN/raha_baran/clustered_36/repaired_36.txt
Program completed in: 3.1912014484405518 seconds

[INFO] 聚类完成: DBSCAN, 运行时间: 3.19 秒
[INFO] 运行聚类算法: GMM，数据集编号: 36, 清洗算法: raha_baran
[INFO] 聚类算法输出:
Data loaded successfully.
Excluded columns containing 'id': ['id']
Using all columns for clustering: ['article_jcreated_at', 'article_jissue', 'article_jvolumn', 'article_language', 'article_pagination', 'article_title', 'author_list', 'jounral_abbreviation', 'journal_issn', 'journal_title']
Initial optimal number of components from Optuna: 6
Best covariance type from Optuna: tied
Optimal number of components from Kneedle: None
Refining in range: 6 to 8
Final optimal number of components: 8
Text output saved to /root/AutoMLClustering/src/pipeline/train/../../../results/clustered_data/GMM/raha_baran/clustered_36/repaired_36.txt
Program completed in: 2.6945624351501465 seconds

[INFO] 聚类完成: GMM, 运行时间: 2.69 秒
[INFO] 运行聚类算法: HC，数据集编号: 36, 清洗算法: raha_baran
[INFO] 聚类算法输出:
Data loaded successfully.
Excluded columns containing 'id': ['id']
Using all columns for clustering: ['article_jcreated_at', 'article_jissue', 'article_jvolumn', 'article_language', 'article_pagination', 'article_title', 'author_list', 'jounral_abbreviation', 'journal_issn', 'journal_title']
Final optimal parameters from Optuna: n_clusters=5, linkage=single, metric=euclidean
Text output saved as /root/AutoMLClustering/src/pipeline/train/../../../results/clustered_data/HC/raha_baran/clustered_36/repaired_36.txt
Program completed in: 2.609696388244629 seconds

[INFO] 聚类完成: HC, 运行时间: 2.61 秒
[INFO] 运行聚类算法: KMEANS，数据集编号: 36, 清洗算法: raha_baran
[INFO] 聚类算法输出:
Data loaded successfully.
Excluded columns containing 'id': ['id']
Using multiple columns for clustering: ['article_jcreated_at', 'article_jissue', 'article_jvolumn', 'article_language', 'article_pagination', 'article_title', 'author_list', 'jounral_abbreviation', 'journal_issn', 'journal_title']
Initial optimal number of clusters from Optuna: 6
Optimal number of clusters from Kneedle: None
No further refinement needed. Final optimal number of clusters: 6
Text output saved to /root/AutoMLClustering/src/pipeline/train/../../../results/clustered_data/KMEANS/raha_baran/clustered_36/repaired_36.txt
Program completed in: 10.381427764892578 seconds

[INFO] 聚类完成: KMEANS, 运行时间: 10.38 秒
[INFO] 运行聚类算法: OPTICS，数据集编号: 36, 清洗算法: raha_baran
[INFO] 聚类算法输出:
Data loaded successfully.
Excluded columns containing 'id': ['id']
Using all columns for clustering: ['article_jcreated_at', 'article_jissue', 'article_jvolumn', 'article_language', 'article_pagination', 'article_title', 'author_list', 'jounral_abbreviation', 'journal_issn', 'journal_title']
Text output saved to /root/AutoMLClustering/src/pipeline/train/../../../results/clustered_data/OPTICS/raha_baran/clustered_36/repaired_36.txt
Program completed in: 7.331286907196045 seconds

[INFO] 聚类完成: OPTICS, 运行时间: 7.33 秒
==================================================
[INFO] 准备处理数据集: rayyan (CSV: 52.73%.csv, error_rate=52.73%)
[INFO] 正在运行清洗策略: mode
运行清洗算法 1（mode），数据集编号: 42
Repaired data saved to /root/AutoMLClustering/src/pipeline/train/results/dataset_42_algo_1/repaired_dataset_42_algo_1_52.73%.csv
[INFO] 清洗结果文件路径: /root/AutoMLClustering/src/pipeline/train/results/dataset_42_algo_1/repaired_dataset_42_algo_1_52.73%.csv
清洗完成: Dataset=rayyan, Algo=mode
结果文件路径: ../../../results/cleaned_data/mode/repaired_42.csv
运行时间: 36.31 秒
[INFO] 运行聚类算法: AP，数据集编号: 42, 清洗算法: mode
[INFO] 聚类算法输出:
Data loaded successfully.
Excluded columns with 'id': ['id']
Using all columns for clustering: ['article_jcreated_at', 'article_jissue', 'article_jvolumn', 'article_language', 'article_pagination', 'article_title', 'author_list', 'jounral_abbreviation', 'journal_issn', 'journal_title']
Attempt 1 with damping range: (0.5, 0.9), preference range: (-500, -100)
Attempt 1: Best parameters: damping=0.6973707244387481, preference=-104
Number of clusters: 122
Text output saved to /root/AutoMLClustering/src/pipeline/train/../../../results/clustered_data/AP/mode/clustered_42/repaired_42.txt
Program completed in: 25.189045667648315 seconds

[INFO] 聚类完成: AP, 运行时间: 25.19 秒
[INFO] 运行聚类算法: DBSCAN，数据集编号: 42, 清洗算法: mode
[INFO] 聚类算法输出:
Data loaded successfully.
Excluded columns with 'id': ['id']
Using all columns for clustering: ['article_jcreated_at', 'article_jissue', 'article_jvolumn', 'article_language', 'article_pagination', 'article_title', 'author_list', 'jounral_abbreviation', 'journal_issn', 'journal_title']
Text output saved to /root/AutoMLClustering/src/pipeline/train/../../../results/clustered_data/DBSCAN/mode/clustered_42/repaired_42.txt
Program completed in: 10.08165717124939 seconds

[INFO] 聚类完成: DBSCAN, 运行时间: 10.08 秒
[INFO] 运行聚类算法: GMM，数据集编号: 42, 清洗算法: mode
[INFO] 聚类算法输出:
Data loaded successfully.
Excluded columns containing 'id': ['id']
Using all columns for clustering: ['article_jcreated_at', 'article_jissue', 'article_jvolumn', 'article_language', 'article_pagination', 'article_title', 'author_list', 'jounral_abbreviation', 'journal_issn', 'journal_title']
Initial optimal number of components from Optuna: 9
Best covariance type from Optuna: tied
Optimal number of components from Kneedle: 4
Refining in range: 4 to 9
Final optimal number of components: 9
Text output saved to /root/AutoMLClustering/src/pipeline/train/../../../results/clustered_data/GMM/mode/clustered_42/repaired_42.txt
Program completed in: 9.496770143508911 seconds

[INFO] 聚类完成: GMM, 运行时间: 9.50 秒
[INFO] 运行聚类算法: HC，数据集编号: 42, 清洗算法: mode
[INFO] 聚类算法输出:
Data loaded successfully.
Excluded columns containing 'id': ['id']
Using all columns for clustering: ['article_jcreated_at', 'article