[32m[I 2025-01-23 21:22:58,598][0m Trial 21 finished with value: -inf and parameters: {'damping': 0.5835600445549395, 'preference': -449}. Best is trial 0 with value: -inf.[0m
[32m[I 2025-01-23 21:22:58,611][0m Trial 22 finished with value: -inf and parameters: {'damping': 0.6866493581578821, 'preference': -445}. Best is trial 0 with value: -inf.[0m
[32m[I 2025-01-23 21:22:58,624][0m Trial 23 finished with value: -inf and parameters: {'damping': 0.8076822878256119, 'preference': -330}. Best is trial 0 with value: -inf.[0m
[32m[I 2025-01-23 21:22:58,637][0m Trial 24 finished with value: -inf and parameters: {'damping': 0.5916644071425452, 'preference': -479}. Best is trial 0 with value: -inf.[0m
[32m[I 2025-01-23 21:22:58,649][0m Trial 25 finished with value: -inf and parameters: {'damping': 0.6841248809643544, 'preference': -446}. Best is trial 0 with value: -inf.[0m
[32m[I 2025-01-23 21:22:58,663][0m Trial 26 finished with value: -inf and parameters: {'damping': 0.8115092681073754, 'preference': -400}. Best is trial 0 with value: -inf.[0m
[32m[I 2025-01-23 21:22:58,676][0m Trial 27 finished with value: -inf and parameters: {'damping': 0.6073843316006422, 'preference': -344}. Best is trial 0 with value: -inf.[0m
[32m[I 2025-01-23 21:22:58,689][0m Trial 28 finished with value: -inf and parameters: {'damping': 0.6758820098967866, 'preference': -474}. Best is trial 0 with value: -inf.[0m
[32m[I 2025-01-23 21:22:58,703][0m Trial 29 finished with value: -inf and parameters: {'damping': 0.864986730810046, 'preference': -406}. Best is trial 0 with value: -inf.[0m
[32m[I 2025-01-23 21:22:58,716][0m Trial 30 finished with value: -inf and parameters: {'damping': 0.6156886090174882, 'preference': -354}. Best is trial 0 with value: -inf.[0m
[32m[I 2025-01-23 21:22:58,729][0m Trial 31 finished with value: -inf and parameters: {'damping': 0.6668188323477872, 'preference': -397}. Best is trial 0 with value: -inf.[0m
[32m[I 2025-01-23 21:22:58,742][0m Trial 32 finished with value: -inf and parameters: {'damping': 0.7211131786771432, 'preference': -477}. Best is trial 0 with value: -inf.[0m
[32m[I 2025-01-23 21:22:58,753][0m Trial 33 finished with value: -inf and parameters: {'damping': 0.6302366619799635, 'preference': -417}. Best is trial 0 with value: -inf.[0m
[32m[I 2025-01-23 21:22:58,766][0m Trial 34 finished with value: -inf and parameters: {'damping': 0.8752442642550355, 'preference': -398}. Best is trial 0 with value: -inf.[0m
[32m[I 2025-01-23 21:22:58,778][0m Trial 35 finished with value: -inf and parameters: {'damping': 0.7836685870320104, 'preference': -103}. Best is trial 0 with value: -inf.[0m
[32m[I 2025-01-23 21:22:58,790][0m Trial 36 finished with value: -inf and parameters: {'damping': 0.7700967500175675, 'preference': -453}. Best is trial 0 with value: -inf.[0m
[32m[I 2025-01-23 21:22:58,803][0m Trial 37 finished with value: -inf and parameters: {'damping': 0.5288966391998071, 'preference': -457}. Best is trial 0 with value: -inf.[0m
[32m[I 2025-01-23 21:22:58,816][0m Trial 38 finished with value: -inf and parameters: {'damping': 0.8311010891089895, 'preference': -429}. Best is trial 0 with value: -inf.[0m
[32m[I 2025-01-23 21:22:58,830][0m Trial 39 finished with value: -inf and parameters: {'damping': 0.5866238353871698, 'preference': -375}. Best is trial 0 with value: -inf.[0m
[32m[I 2025-01-23 21:22:58,844][0m Trial 40 finished with value: -inf and parameters: {'damping': 0.6484153173937712, 'preference': -499}. Best is trial 0 with value: -inf.[0m
[32m[I 2025-01-23 21:22:58,859][0m Trial 41 finished with value: -inf and parameters: {'damping': 0.6785712553598705, 'preference': -457}. Best is trial 0 with value: -inf.[0m
[32m[I 2025-01-23 21:22:58,872][0m Trial 42 finished with value: -inf and parameters: {'damping': 0.8110600639877236, 'preference': -472}. Best is trial 0 with value: -inf.[0m
[32m[I 2025-01-23 21:22:58,886][0m Trial 43 finished with value: -inf and parameters: {'damping': 0.8154050532182839, 'preference': -417}. Best is trial 0 with value: -inf.[0m
[32m[I 2025-01-23 21:22:58,898][0m Trial 44 finished with value: -inf and parameters: {'damping': 0.6193612671042666, 'preference': -360}. Best is trial 0 with value: -inf.[0m
[32m[I 2025-01-23 21:22:58,911][0m Trial 45 finished with value: -inf and parameters: {'damping': 0.5917516522096555, 'preference': -380}. Best is trial 0 with value: -inf.[0m
[32m[I 2025-01-23 21:22:58,924][0m Trial 46 finished with value: -inf and parameters: {'damping': 0.6630213931839731, 'preference': -341}. Best is trial 0 with value: -inf.[0m
[32m[I 2025-01-23 21:22:58,936][0m Trial 47 finished with value: -inf and parameters: {'damping': 0.7180096620685008, 'preference': -464}. Best is trial 0 with value: -inf.[0m
[32m[I 2025-01-23 21:22:58,951][0m Trial 48 finished with value: -inf and parameters: {'damping': 0.8803524851720168, 'preference': -403}. Best is trial 0 with value: -inf.[0m
