[32m[I 2025-01-23 21:22:56,858][0m Trial 0 finished with value: -inf and parameters: {'damping': 0.6821225961690687, 'preference': -195}. Best is trial 0 with value: -inf.[0m
[32m[I 2025-01-23 21:22:56,865][0m Trial 1 finished with value: -inf and parameters: {'damping': 0.6491789199282924, 'preference': -169}. Best is trial 0 with value: -inf.[0m
[32m[I 2025-01-23 21:22:56,873][0m Trial 2 finished with value: -inf and parameters: {'damping': 0.511611413639007, 'preference': -481}. Best is trial 0 with value: -inf.[0m
[32m[I 2025-01-23 21:22:56,879][0m Trial 3 finished with value: -inf and parameters: {'damping': 0.7751450767748465, 'preference': -127}. Best is trial 0 with value: -inf.[0m
[32m[I 2025-01-23 21:22:56,886][0m Trial 4 finished with value: -inf and parameters: {'damping': 0.500006965445096, 'preference': -397}. Best is trial 0 with value: -inf.[0m
[32m[I 2025-01-23 21:22:56,896][0m Trial 5 finished with value: -inf and parameters: {'damping': 0.8886681212050379, 'preference': -193}. Best is trial 0 with value: -inf.[0m
[32m[I 2025-01-23 21:22:56,902][0m Trial 6 finished with value: -inf and parameters: {'damping': 0.6766823828890256, 'preference': -202}. Best is trial 0 with value: -inf.[0m
[32m[I 2025-01-23 21:22:56,909][0m Trial 7 finished with value: -inf and parameters: {'damping': 0.7358884862505657, 'preference': -246}. Best is trial 0 with value: -inf.[0m
[32m[I 2025-01-23 21:22:56,918][0m Trial 8 finished with value: -inf and parameters: {'damping': 0.8413466341837419, 'preference': -445}. Best is trial 0 with value: -inf.[0m
[32m[I 2025-01-23 21:22:56,926][0m Trial 9 finished with value: -inf and parameters: {'damping': 0.5793573774647466, 'preference': -355}. Best is trial 0 with value: -inf.[0m
[32m[I 2025-01-23 21:22:56,941][0m Trial 10 finished with value: -inf and parameters: {'damping': 0.6191686514142873, 'preference': -289}. Best is trial 0 with value: -inf.[0m
[32m[I 2025-01-23 21:22:56,956][0m Trial 11 finished with value: -inf and parameters: {'damping': 0.6434863890442823, 'preference': -106}. Best is trial 0 with value: -inf.[0m
[32m[I 2025-01-23 21:22:56,971][0m Trial 12 finished with value: -inf and parameters: {'damping': 0.7145007567740255, 'preference': -174}. Best is trial 0 with value: -inf.[0m
[32m[I 2025-01-23 21:22:56,987][0m Trial 13 finished with value: -inf and parameters: {'damping': 0.5924987133399316, 'preference': -280}. Best is trial 0 with value: -inf.[0m
[32m[I 2025-01-23 21:22:57,003][0m Trial 14 finished with value: -inf and parameters: {'damping': 0.7854301190473615, 'preference': -158}. Best is trial 0 with value: -inf.[0m
[32m[I 2025-01-23 21:22:57,018][0m Trial 15 finished with value: -inf and parameters: {'damping': 0.6756532664437446, 'preference': -241}. Best is trial 0 with value: -inf.[0m
[32m[I 2025-01-23 21:22:57,033][0m Trial 16 finished with value: -inf and parameters: {'damping': 0.5668298617576852, 'preference': -233}. Best is trial 0 with value: -inf.[0m
[32m[I 2025-01-23 21:22:57,048][0m Trial 17 finished with value: -inf and parameters: {'damping': 0.7857820974526215, 'preference': -143}. Best is trial 0 with value: -inf.[0m
[32m[I 2025-01-23 21:22:57,063][0m Trial 18 finished with value: -inf and parameters: {'damping': 0.694153286268285, 'preference': -336}. Best is trial 0 with value: -inf.[0m
[32m[I 2025-01-23 21:22:57,078][0m Trial 19 finished with value: -inf and parameters: {'damping': 0.5518530583993563, 'preference': -226}. Best is trial 0 with value: -inf.[0m
[32m[I 2025-01-23 21:22:57,093][0m Trial 20 finished with value: -inf and parameters: {'damping': 0.7681674742031828, 'preference': -135}. Best is trial 0 with value: -inf.[0m
[32m[I 2025-01-23 21:22:57,109][0m Trial 21 finished with value: -inf and parameters: {'damping': 0.8206687660168464, 'preference': -326}. Best is trial 0 with value: -inf.[0m
[32m[I 2025-01-23 21:22:57,136][0m Trial 22 finished with value: -inf and parameters: {'damping': 0.5368681017893405, 'preference': -360}. Best is trial 0 with value: -inf.[0m
[32m[I 2025-01-23 21:22:57,167][0m Trial 23 finished with value: -inf and parameters: {'damping': 0.7447050222893533, 'preference': -200}. Best is trial 0 with value: -inf.[0m
[32m[I 2025-01-23 21:22:57,197][0m Trial 24 finished with value: -inf and parameters: {'damping': 0.8294810077233116, 'preference': -328}. Best is trial 0 with value: -inf.[0m
[32m[I 2025-01-23 21:22:57,212][0m Trial 25 finished with value: -inf and parameters: {'damping': 0.8834936484709798, 'preference': -389}. Best is trial 0 with value: -inf.[0m
[32m[I 2025-01-23 21:22:57,225][0m Trial 26 finished with value: -inf and parameters: {'damping': 0.7345642111670818, 'preference': -264}. Best is trial 0 with value: -inf.[0m
[32m[I 2025-01-23 21:22:57,239][0m Trial 27 finished with value: -inf and parameters: {'damping': 0.8344203273570343, 'preference': -309}. Best is trial 0 with value: -inf.[0m
[32m[I 2025-01-23 21:22:57,268][0m Trial 28 finished with value: -inf and parameters: {'damping': 0.8963279620031094, 'preference': -403}. Best is trial 0 with value: -inf.[0m
[32m[I 2025-01-23 21:22:57,309][0m Trial 29 finished with value: -inf and parameters: {'damping': 0.6380132209085649, 'preference': -280}. Best is trial 0 with value: -inf.[0m
[32m[I 2025-01-23 21:22:57,324][0m Trial 30 finished with value: -inf and parameters: {'damping': 0.8591431598876703, 'preference': -267}. Best is trial 0 with value: -inf.[0m
[32m[I 2025-01-23 21:22:57,351][0m Trial 31 finished with value: -inf and parameters: {'damping': 0.8147141920686394, 'preference': -430}. Best is trial 0 with value: -inf.[0m
[32m[I 2025-01-23 21:22:57,380][0m Trial 32 finished with value: -inf and parameters: {'damping': 0.6337833246947472, 'preference': -488}. Best is trial 0 with value: -inf.[0m
[32m[I 2025-01-23 21:22:57,397][0m Trial 33 finished with value: -inf and parameters: {'damping': 0.8628767391341552, 'preference': -278}. Best is trial 0 with value: -inf.[0m
[32m[I 2025-01-23 21:22:57,413][0m Trial 34 finished with value: -inf and parameters: {'damping': 0.6120251561719382, 'preference': -450}. Best is trial 0 with value: -inf.[0m
[32m[I 2025-01-23 21:22:57,428][0m Trial 35 finished with value: -inf and parameters: {'damping': 0.7658263207582361, 'preference': -103}. Best is trial 0 with value: -inf.[0m
[32m[I 2025-01-23 21:22:57,443][0m Trial 36 finished with value: -inf and parameters: {'damping': 0.5421149794132823, 'preference': -371}. Best is trial 0 with value: -inf.[0m
[32m[I 2025-01-23 21:22:57,459][0m Trial 37 finished with value: -inf and parameters: {'damping': 0.5255688634769362, 'preference': -133}. Best is trial 0 with value: -inf.[0m
[32m[I 2025-01-23 21:22:57,474][0m Trial 38 finished with value: -inf and parameters: {'damping': 0.7429462303775728, 'preference': -212}. Best is trial 0 with value: -inf.[0m
[32m[I 2025-01-23 21:22:57,489][0m Trial 39 finished with value: -inf and parameters: {'damping': 0.6656497113363813, 'preference': -312}. Best is trial 0 with value: -inf.[0m
[32m[I 2025-01-23 21:22:57,505][0m Trial 40 finished with value: -inf and parameters: {'damping': 0.8048793568830022, 'preference': -180}. Best is trial 0 with value: -inf.[0m
[32m[I 2025-01-23 21:22:57,522][0m Trial 41 finished with value: -inf and parameters: {'damping': 0.8674924098557243, 'preference': -376}. Best is trial 0 with value: -inf.[0m
[32m[I 2025-01-23 21:22:57,537][0m Trial 42 finished with value: -inf and parameters: {'damping': 0.7252999717153625, 'preference': -194}. Best is trial 0 with value: -inf.[0m
[32m[I 2025-01-23 21:22:57,552][0m Trial 43 finished with value: -inf and parameters: {'damping': 0.7030703488721152, 'preference': -256}. Best is trial 0 with value: -inf.[0m
[32m[I 2025-01-23 21:22:57,568][0m Trial 44 finished with value: -inf and parameters: {'damping': 0.8401696493299428, 'preference': -310}. Best is trial 0 with value: -inf.[0m
[32m[I 2025-01-23 21:22:57,584][0m Trial 45 finished with value: -inf and parameters: {'damping': 0.8260980397767146, 'preference': -400}. Best is trial 0 with value: -inf.[0m
[32m[I 2025-01-23 21:22:57,602][0m Trial 46 finished with value: -inf and parameters: {'damping': 0.8977961504956641, 'preference': -404}. Best is trial 0 with value: -inf.[0m
[32m[I 2025-01-23 21:22:57,620][0m Trial 47 finished with value: -inf and parameters: {'damping': 0.8921740066539244, 'preference': -460}. Best is trial 0 with value: -inf.[0m
[32m[I 2025-01-23 21:22:57,633][0m Trial 48 finished with value: -inf and parameters: {'damping': 0.6586269214099961, 'preference': -292}. Best is trial 0 with value: -inf.[0m
[32m[I 2025-01-23 21:22:57,647][0m Trial 49 finished with value: -inf and parameters: {'damping': 0.6885483760428142, 'preference': -258}. Best is trial 0 with value: -inf.[0m
[32m[I 2025-01-23 21:22:57,653][0m A new study created in memory with name: no-name-4db04bb0-a9dc-4c78-906f-9b861720e867[0m
[32m[I 2025-01-23 21:22:57,667][0m Trial 0 finished with value: -inf and parameters: {'damping': 0.8967821527597877, 'preference': -261}. Best is trial 0 with value: -inf.[0m
[32m[I 2025-01-23 21:22:57,682][0m Trial 1 finished with value: -inf and parameters: {'damping': 0.844004073918803, 'preference': -273}. Best is trial 0 with value: -inf.[0m
[32m[I 2025-01-23 21:22:57,687][0m Trial 2 finished with value: -inf and parameters: {'damping': 0.5714672418679719, 'preference': -243}. Best is trial 0 with value: -inf.[0m
[32m[I 2025-01-23 21:22:57,695][0m Trial 3 finished with value: -inf and parameters: {'damping': 0.8567253723582899, 'preference': -322}. Best is trial 0 with value: -inf.[0m
[32m[I 2025-01-23 21:22:57,701][0m Trial 4 finished with value: -inf and parameters: {'damping': 0.7937746645035963, 'preference': -295}. Best is trial 0 with value: -inf.[0m
[32m[I 2025-01-23 21:22:57,708][0m Trial 5 finished with value: -inf and parameters: {'damping': 0.5810344321818736, 'preference': -133}. Best is trial 0 with value: -inf.[0m
[32m[I 2025-01-23 21:22:57,714][0m Trial 6 finished with value: -inf and parameters: {'damping': 0.7327601909747683, 'preference': -448}. Best is trial 0 with value: -inf.[0m
[32m[I 2025-01-23 21:22:57,720][0m Trial 7 finished with value: -inf and parameters: {'damping': 0.7780787724421614, 'preference': -416}. Best is trial 0 with value: -inf.[0m
[32m[I 2025-01-23 21:22:57,726][0m Trial 8 finished with value: -inf and parameters: {'damping': 0.7935802779119807, 'preference': -443}. Best is trial 0 with value: -inf.[0m
[32m[I 2025-01-23 21:22:57,732][0m Trial 9 finished with value: -inf and parameters: {'damping': 0.5973956542433423, 'preference': -418}. Best is trial 0 with value: -inf.[0m
[32m[I 2025-01-23 21:22:57,744][0m Trial 10 finished with value: -inf and parameters: {'damping': 0.6751276994579423, 'preference': -166}. Best is trial 0 with value: -inf.[0m
[32m[I 2025-01-23 21:22:57,759][0m Trial 11 finished with value: -inf and parameters: {'damping': 0.8997070037361528, 'preference': -231}. Best is trial 0 with value: -inf.[0m
[32m[I 2025-01-23 21:22:57,774][0m Trial 12 finished with value: -inf and parameters: {'damping': 0.8869290205227146, 'preference': -332}. Best is trial 0 with value: -inf.[0m
[32m[I 2025-01-23 21:22:57,788][0m Trial 13 finished with value: -inf and parameters: {'damping': 0.8512921318489541, 'preference': -217}. Best is trial 0 with value: -inf.[0m
[32m[I 2025-01-23 21:22:57,800][0m Trial 14 finished with value: -inf and parameters: {'damping': 0.6701497285888933, 'preference': -359}. Best is trial 0 with value: -inf.[0m
[32m[I 2025-01-23 21:22:57,814][0m Trial 15 finished with value: -inf and parameters: {'damping': 0.8438445600423139, 'preference': -275}. Best is trial 0 with value: -inf.[0m
[32m[I 2025-01-23 21:22:57,827][0m Trial 16 finished with value: -inf and parameters: {'damping': 0.7343727594381654, 'preference': -367}. Best is trial 0 with value: -inf.[0m
[32m[I 2025-01-23 21:22:57,840][0m Trial 17 finished with value: -inf and parameters: {'damping': 0.6492422103644397, 'preference': -500}. Best is trial 0 with value: -inf.[0m
[32m[I 2025-01-23 21:22:57,853][0m Trial 18 finished with value: -inf and parameters: {'damping': 0.8222410631219923, 'preference': -184}. Best is trial 0 with value: -inf.[0m
[32m[I 2025-01-23 21:22:57,867][0m Trial 19 finished with value: -inf and parameters: {'damping': 0.5048242957586934, 'preference': -376}. Best is trial 0 with value: -inf.[0m
[32m[I 2025-01-23 21:22:57,879][0m Trial 20 finished with value: -inf and parameters: {'damping': 0.6298729298720448, 'preference': -490}. Best is trial 0 with value: -inf.[0m
[32m[I 2025-01-23 21:22:57,892][0m Trial 21 finished with value: -inf and parameters: {'damping': 0.748972633787462, 'preference': -184}. Best is trial 0 with value: -inf.[0m
[32m[I 2025-01-23 21:22:57,919][0m Trial 22 finished with value: -inf and parameters: {'damping': 0.513144232916481, 'preference': -187}. Best is trial 0 with value: -inf.[0m
[32m[I 2025-01-23 21:22:57,942][0m Trial 23 finished with value: -inf and parameters: {'damping': 0.5043278566483879, 'preference': -498}. Best is trial 0 with value: -inf.[0m
[32m[I 2025-01-23 21:22:57,970][0m Trial 24 finished with value: -inf and parameters: {'damping': 0.62635193746414, 'preference': -116}. Best is trial 0 with value: -inf.[0m
[32m[I 2025-01-23 21:22:57,993][0m Trial 25 finished with value: -inf and parameters: {'damping': 0.7375318505668383, 'preference': -192}. Best is trial 0 with value: -inf.[0m
[32m[I 2025-01-23 21:22:58,019][0m Trial 26 finished with value: -inf and parameters: {'damping': 0.5109726931718004, 'preference': -147}. Best is trial 0 with value: -inf.[0m
[32m[I 2025-01-23 21:22:58,048][0m Trial 27 finished with value: -inf and parameters: {'damping': 0.547507714872917, 'preference': -106}. Best is trial 0 with value: -inf.[0m
[32m[I 2025-01-23 21:22:58,060][0m Trial 28 finished with value: -inf and parameters: {'damping': 0.7016627581837408, 'preference': -104}. Best is trial 0 with value: -inf.[0m
[32m[I 2025-01-23 21:22:58,089][0m Trial 29 finished with value: -inf and parameters: {'damping': 0.7044668248479112, 'preference': -151}. Best is trial 0 with value: -inf.[0m
[32m[I 2025-01-23 21:22:58,116][0m Trial 30 finished with value: -inf and parameters: {'damping': 0.5500283223470717, 'preference': -139}. Best is trial 0 with value: -inf.[0m
[32m[I 2025-01-23 21:22:58,143][0m Trial 31 finished with value: -inf and parameters: {'damping': 0.537949923644786, 'preference': -103}. Best is trial 0 with value: -inf.[0m
[32m[I 2025-01-23 21:22:58,156][0m Trial 32 finished with value: -inf and parameters: {'damping': 0.6981247990971268, 'preference': -109}. Best is trial 0 with value: -inf.[0m
[32m[I 2025-01-23 21:22:58,168][0m Trial 33 finished with value: -inf and parameters: {'damping': 0.7055908894433722, 'preference': -149}. Best is trial 0 with value: -inf.[0m
[32m[I 2025-01-23 21:22:58,181][0m Trial 34 finished with value: -inf and parameters: {'damping': 0.5371181966475014, 'preference': -255}. Best is trial 0 with value: -inf.[0m
[32m[I 2025-01-23 21:22:58,194][0m Trial 35 finished with value: -inf and parameters: {'damping': 0.6206582350581946, 'preference': -306}. Best is trial 0 with value: -inf.[0m
[32m[I 2025-01-23 21:22:58,207][0m Trial 36 finished with value: -inf and parameters: {'damping': 0.7796832008787382, 'preference': -210}. Best is trial 0 with value: -inf.[0m
[32m[I 2025-01-23 21:22:58,221][0m Trial 37 finished with value: -inf and parameters: {'damping': 0.5920295065019088, 'preference': -268}. Best is trial 0 with value: -inf.[0m
[32m[I 2025-01-23 21:22:58,233][0m Trial 38 finished with value: -inf and parameters: {'damping': 0.5680439411658907, 'preference': -238}. Best is trial 0 with value: -inf.[0m
[32m[I 2025-01-23 21:22:58,246][0m Trial 39 finished with value: -inf and parameters: {'damping': 0.7568694499492739, 'preference': -174}. Best is trial 0 with value: -inf.[0m
[32m[I 2025-01-23 21:22:58,260][0m Trial 40 finished with value: -inf and parameters: {'damping': 0.5236289152972391, 'preference': -282}. Best is trial 0 with value: -inf.[0m
[32m[I 2025-01-23 21:22:58,273][0m Trial 41 finished with value: -inf and parameters: {'damping': 0.6076389200729203, 'preference': -196}. Best is trial 0 with value: -inf.[0m
[32m[I 2025-01-23 21:22:58,284][0m Trial 42 finished with value: -inf and parameters: {'damping': 0.5027362349298441, 'preference': -132}. Best is trial 0 with value: -inf.[0m
[32m[I 2025-01-23 21:22:58,298][0m Trial 43 finished with value: -inf and parameters: {'damping': 0.5728583430854286, 'preference': -124}. Best is trial 0 with value: -inf.[0m
[32m[I 2025-01-23 21:22:58,311][0m Trial 44 finished with value: -inf and parameters: {'damping': 0.5551266989273727, 'preference': -157}. Best is trial 0 with value: -inf.[0m
[32m[I 2025-01-23 21:22:58,325][0m Trial 45 finished with value: -inf and parameters: {'damping': 0.8237617515434486, 'preference': -123}. Best is trial 0 with value: -inf.[0m
[32m[I 2025-01-23 21:22:58,337][0m Trial 46 finished with value: -inf and parameters: {'damping': 0.681817093876578, 'preference': -100}. Best is trial 0 with value: -inf.[0m
[32m[I 2025-01-23 21:22:58,350][0m Trial 47 finished with value: -inf and parameters: {'damping': 0.6522657829241423, 'preference': -162}. Best is trial 0 with value: -inf.[0m
[32m[I 2025-01-23 21:22:58,362][0m Trial 48 finished with value: -inf and parameters: {'damping': 0.7090625955139782, 'preference': -143}. Best is trial 0 with value: -inf.[0m
[32m[I 2025-01-23 21:22:58,378][0m Trial 49 finished with value: -inf and parameters: {'damping': 0.885746933912799, 'preference': -153}. Best is trial 0 with value: -inf.[0m
[32m[I 2025-01-23 21:22:58,386][0m A new study created in memory with name: no-name-97e9c529-0fbe-4797-aec4-8547d2780f00[0m
[32m[I 2025-01-23 21:22:58,393][0m Trial 0 finished with value: -inf and parameters: {'damping': 0.6693786888615498, 'preference': -467}. Best is trial 0 with value: -inf.[0m
[32m[I 2025-01-23 21:22:58,398][0m Trial 1 finished with value: -inf and parameters: {'damping': 0.5114612142383581, 'preference': -185}. Best is trial 0 with value: -inf.[0m
[32m[I 2025-01-23 21:22:58,404][0m Trial 2 finished with value: -inf and parameters: {'damping': 0.6389845586442033, 'preference': -228}. Best is trial 0 with value: -inf.[0m
[32m[I 2025-01-23 21:22:58,410][0m Trial 3 finished with value: -inf and parameters: {'damping': 0.7573225706215536, 'preference': -158}. Best is trial 0 with value: -inf.[0m
[32m[I 2025-01-23 21:22:58,418][0m Trial 4 finished with value: -inf and parameters: {'damping': 0.8972865971126172, 'preference': -386}. Best is trial 0 with value: -inf.[0m
[32m[I 2025-01-23 21:22:58,424][0m Trial 5 finished with value: -inf and parameters: {'damping': 0.6350122118871868, 'preference': -373}. Best is trial 0 with value: -inf.[0m
[32m[I 2025-01-23 21:22:58,430][0m Trial 6 finished with value: -inf and parameters: {'damping': 0.6109060604835975, 'preference': -423}. Best is trial 0 with value: -inf.[0m
[32m[I 2025-01-23 21:22:58,436][0m Trial 7 finished with value: -inf and parameters: {'damping': 0.8431318682552726, 'preference': -367}. Best is trial 0 with value: -inf.[0m
[32m[I 2025-01-23 21:22:58,442][0m Trial 8 finished with value: -inf and parameters: {'damping': 0.6611047963998378, 'preference': -177}. Best is trial 0 with value: -inf.[0m
[32m[I 2025-01-23 21:22:58,448][0m Trial 9 finished with value: -inf and parameters: {'damping': 0.6493603076588785, 'preference': -241}. Best is trial 0 with value: -inf.[0m
[32m[I 2025-01-23 21:22:58,461][0m Trial 10 finished with value: -inf and parameters: {'damping': 0.7571466519628702, 'preference': -486}. Best is trial 0 with value: -inf.[0m
[32m[I 2025-01-23 21:22:58,474][0m Trial 11 finished with value: -inf and parameters: {'damping': 0.512046295873624, 'preference': -100}. Best is trial 0 with value: -inf.[0m
[32m[I 2025-01-23 21:22:58,486][0m Trial 12 finished with value: -inf and parameters: {'damping': 0.5006683657769365, 'preference': -294}. Best is trial 0 with value: -inf.[0m
[32m[I 2025-01-23 21:22:58,499][0m Trial 13 finished with value: -inf and parameters: {'damping': 0.565529354122385, 'preference': -496}. Best is trial 0 with value: -inf.[0m
[32m[I 2025-01-23 21:22:58,511][0m Trial 14 finished with value: -inf and parameters: {'damping': 0.7337931820996182, 'preference': -269}. Best is trial 0 with value: -inf.[0m
[32m[I 2025-01-23 21:22:58,524][0m Trial 15 finished with value: -inf and parameters: {'damping': 0.5509103271906152, 'preference': -330}. Best is trial 0 with value: -inf.[0m
[32m[I 2025-01-23 21:22:58,536][0m Trial 16 finished with value: -inf and parameters: {'damping': 0.7074406506619365, 'preference': -195}. Best is trial 0 with value: -inf.[0m
[32m[I 2025-01-23 21:22:58,549][0m Trial 17 finished with value: -inf and parameters: {'damping': 0.7382386749092278, 'preference': -286}. Best is trial 0 with value: -inf.[0m
[32m[I 2025-01-23 21:22:58,561][0m Trial 18 finished with value: -inf and parameters: {'damping': 0.5645820649876957, 'preference': -436}. Best is trial 0 with value: -inf.[0m
[32m[I 2025-01-23 21:22:58,573][0m Trial 19 finished with value: -inf and parameters: {'damping': 0.6981077549658826, 'preference': -100}. Best is trial 0 with value: -inf.[0m
[32m[I 2025-01-23 21:22:58,586][0m Trial 20 finished with value: -inf and parameters: {'damping': 0.7975977579045502, 'preference': -325}. Best is trial 0 with value: -inf.[0m
