CMD: D:\programs\PythonPrograms\analyze_clusters\.venv\Scripts\python.exe DBSCAN.py --alpha 0.2 --beta 0.35 --gamma 0.45 --trials 20
Return code: 0
--- STDOUT ---
All files saved in: D:\algorithm paper\clustering_pre\results\clustered_data\DBSCAN\clustered_clean_beers
Program completed in 6.09 sec
[0m
--- STDERR ---
[I 2025-07-04 14:18:57,874] A new study created in memory with name: no-name-3dbe65e0-ac70-4ca1-af89-f4cf25201f59
[I 2025-07-04 14:18:58,027] Trial 0 finished with value: -inf and parameters: {'eps': 0.75, 'min_samples': 50}. Best is trial 0 with value: -inf.
[W 2025-07-04 14:18:58,138] Trial 1 failed with parameters: {'eps': 0.35, 'min_samples': 39} because of the following error: The value nan is not acceptable.
[W 2025-07-04 14:18:58,140] Trial 1 failed with value nan.
[I 2025-07-04 14:18:58,532] Trial 2 finished with value: 0.41335248508468736 and parameters: {'eps': 1.5500000000000003, 'min_samples': 9}. Best is trial 2 with value: 0.41335248508468736.
[I 2025-07-04 14:18:58,970] Trial 3 finished with value: 0.18286962369045717 and parameters: {'eps': 0.8, 'min_samples': 27}. Best is trial 2 with value: 0.41335248508468736.
[I 2025-07-04 14:18:59,572] Trial 4 finished with value: 0.24265758667001328 and parameters: {'eps': 0.9, 'min_samples': 28}. Best is trial 2 with value: 0.41335248508468736.
[W 2025-07-04 14:18:59,790] Trial 5 failed with parameters: {'eps': 0.35, 'min_samples': 13} because of the following error: The value nan is not acceptable.
[W 2025-07-04 14:18:59,791] Trial 5 failed with value nan.
[I 2025-07-04 14:19:00,123] Trial 6 finished with value: 0.36463860224425626 and parameters: {'eps': 1.8000000000000003, 'min_samples': 19}. Best is trial 2 with value: 0.41335248508468736.
[I 2025-07-04 14:19:00,620] Trial 7 finished with value: 0.321380824163977 and parameters: {'eps': 1.1, 'min_samples': 30}. Best is trial 2 with value: 0.41335248508468736.
[I 2025-07-04 14:19:01,259] Trial 8 finished with value: 0.4127875771327327 and parameters: {'eps': 1.35, 'min_samples': 12}. Best is trial 2 with value: 0.41335248508468736.
[I 2025-07-04 14:19:01,432] Trial 9 finished with value: -inf and parameters: {'eps': 0.8, 'min_samples': 50}. Best is trial 2 with value: 0.41335248508468736.
[I 2025-07-04 14:19:01,831] Trial 10 finished with value: 0.34397791170614317 and parameters: {'eps': 0.8, 'min_samples': 8}. Best is trial 2 with value: 0.41335248508468736.
[I 2025-07-04 14:19:02,346] Trial 11 finished with value: 0.4283070075055184 and parameters: {'eps': 1.1500000000000001, 'min_samples': 13}. Best is trial 11 with value: 0.4283070075055184.
[W 2025-07-04 14:19:02,580] Trial 12 failed with parameters: {'eps': 0.2, 'min_samples': 39} because of the following error: The value nan is not acceptable.
[W 2025-07-04 14:19:02,580] Trial 12 failed with value nan.
[W 2025-07-04 14:19:02,699] Trial 13 failed with parameters: {'eps': 0.15000000000000002, 'min_samples': 37} because of the following error: The value nan is not acceptable.
[W 2025-07-04 14:19:02,699] Trial 13 failed with value nan.
[W 2025-07-04 14:19:02,782] Trial 14 failed with parameters: {'eps': 0.2, 'min_samples': 19} because of the following error: The value nan is not acceptable.
[W 2025-07-04 14:19:02,783] Trial 14 failed with value nan.
[W 2025-07-04 14:19:02,950] Trial 15 failed with parameters: {'eps': 0.1, 'min_samples': 18} because of the following error: The value nan is not acceptable.
[W 2025-07-04 14:19:02,951] Trial 15 failed with value nan.
[W 2025-07-04 14:19:03,105] Trial 16 failed with parameters: {'eps': 0.15000000000000002, 'min_samples': 39} because of the following error: The value nan is not acceptable.
[W 2025-07-04 14:19:03,105] Trial 16 failed with value nan.
[W 2025-07-04 14:19:03,203] Trial 17 failed with parameters: {'eps': 0.2, 'min_samples': 18} because of the following error: The value nan is not acceptable.
[W 2025-07-04 14:19:03,203] Trial 17 failed with value nan.
[W 2025-07-04 14:19:03,307] Trial 18 failed with parameters: {'eps': 0.25, 'min_samples': 39} because of the following error: The value nan is not acceptable.
[W 2025-07-04 14:19:03,308] Trial 18 failed with value nan.
[W 2025-07-04 14:19:03,400] Trial 19 failed with parameters: {'eps': 0.30000000000000004, 'min_samples': 38} because of the following error: The value nan is not acceptable.
[W 2025-07-04 14:19:03,400] Trial 19 failed with value nan.

