CMD: D:\programs\PythonPrograms\analyze_clusters\.venv\Scripts\python.exe DBSCAN.py --alpha 0.2 --beta 0.65 --gamma 0.15 --trials 20
Return code: 0
--- STDOUT ---
All files saved in: D:\algorithm paper\clustering_pre\results\clustered_data\DBSCAN\clustered_clean_flights
Program completed in 3.96 sec
[0m
--- STDERR ---
[I 2025-07-04 13:51:22,758] A new study created in memory with name: no-name-aed29e07-cb82-4185-bd40-3da1d18533b8
[I 2025-07-04 13:51:22,904] Trial 0 finished with value: 0.31637740446273427 and parameters: {'eps': 0.65, 'min_samples': 47}. Best is trial 0 with value: 0.31637740446273427.
[I 2025-07-04 13:51:23,038] Trial 1 finished with value: 0.28010694975469047 and parameters: {'eps': 0.45000000000000007, 'min_samples': 34}. Best is trial 0 with value: 0.31637740446273427.
[I 2025-07-04 13:51:23,200] Trial 2 finished with value: 0.15034334801059035 and parameters: {'eps': 0.1, 'min_samples': 30}. Best is trial 0 with value: 0.31637740446273427.
[I 2025-07-04 13:51:23,448] Trial 3 finished with value: 0.512751342362521 and parameters: {'eps': 1.2000000000000002, 'min_samples': 26}. Best is trial 3 with value: 0.512751342362521.
[I 2025-07-04 13:51:23,632] Trial 4 finished with value: 0.673079856557574 and parameters: {'eps': 0.9, 'min_samples': 18}. Best is trial 4 with value: 0.673079856557574.
[I 2025-07-04 13:51:23,781] Trial 5 finished with value: 0.5414902361328933 and parameters: {'eps': 0.9, 'min_samples': 29}. Best is trial 4 with value: 0.673079856557574.
[I 2025-07-04 13:51:23,960] Trial 6 finished with value: 0.5914059205790779 and parameters: {'eps': 1.2000000000000002, 'min_samples': 20}. Best is trial 4 with value: 0.673079856557574.
[I 2025-07-04 13:51:24,134] Trial 7 finished with value: 0.5236149958833486 and parameters: {'eps': 1.7500000000000002, 'min_samples': 37}. Best is trial 4 with value: 0.673079856557574.
[I 2025-07-04 13:51:24,327] Trial 8 finished with value: 0.4924087827302905 and parameters: {'eps': 1.9000000000000001, 'min_samples': 40}. Best is trial 4 with value: 0.673079856557574.
[I 2025-07-04 13:51:24,480] Trial 9 finished with value: 0.6361959899634134 and parameters: {'eps': 1.05, 'min_samples': 18}. Best is trial 4 with value: 0.673079856557574.
[I 2025-07-04 13:51:24,659] Trial 10 finished with value: 0.840003487040366 and parameters: {'eps': 1.5000000000000002, 'min_samples': 7}. Best is trial 10 with value: 0.840003487040366.
[I 2025-07-04 13:51:24,843] Trial 11 finished with value: 0.8581930933055365 and parameters: {'eps': 1.5500000000000003, 'min_samples': 7}. Best is trial 11 with value: 0.8581930933055365.
[I 2025-07-04 13:51:25,031] Trial 12 finished with value: 0.9252696732427947 and parameters: {'eps': 1.6, 'min_samples': 6}. Best is trial 12 with value: 0.9252696732427947.
[I 2025-07-04 13:51:25,234] Trial 13 finished with value: 0.840003487040366 and parameters: {'eps': 1.5000000000000002, 'min_samples': 7}. Best is trial 12 with value: 0.9252696732427947.
[I 2025-07-04 13:51:25,430] Trial 14 finished with value: 0.8023020563303611 and parameters: {'eps': 1.5500000000000003, 'min_samples': 11}. Best is trial 12 with value: 0.9252696732427947.
[I 2025-07-04 13:51:25,620] Trial 15 finished with value: 0.9270670424550121 and parameters: {'eps': 1.9500000000000002, 'min_samples': 13}. Best is trial 15 with value: 0.9270670424550121.
[I 2025-07-04 13:51:25,818] Trial 16 finished with value: 0.9024225337737511 and parameters: {'eps': 2.0, 'min_samples': 13}. Best is trial 15 with value: 0.9270670424550121.
[I 2025-07-04 13:51:26,000] Trial 17 finished with value: 0.7626971025449848 and parameters: {'eps': 1.7500000000000002, 'min_samples': 14}. Best is trial 15 with value: 0.9270670424550121.
[I 2025-07-04 13:51:26,224] Trial 18 finished with value: 0.7950862037011263 and parameters: {'eps': 1.8000000000000003, 'min_samples': 22}. Best is trial 15 with value: 0.9270670424550121.
[I 2025-07-04 13:51:26,413] Trial 19 finished with value: 0.7923078927292063 and parameters: {'eps': 1.35, 'min_samples': 5}. Best is trial 15 with value: 0.9270670424550121.

