CMD: D:\programs\PythonPrograms\analyze_clusters\.venv\Scripts\python.exe DBSCAN.py --alpha 0.2 --beta 0.2 --gamma 0.6 --trials 20
Return code: 0
--- STDOUT ---
All files saved in: D:\algorithm paper\clustering_pre\results\clustered_data\DBSCAN\clustered_clean_beers
Program completed in 9.21 sec
[0m
--- STDERR ---
[I 2025-07-04 14:18:53,992] A new study created in memory with name: no-name-510a0216-d877-4a33-9339-3e1d3fe67f2a
[I 2025-07-04 14:18:54,212] Trial 0 finished with value: 0.28204420597985036 and parameters: {'eps': 0.9500000000000001, 'min_samples': 32}. Best is trial 0 with value: 0.28204420597985036.
[I 2025-07-04 14:18:54,264] Trial 1 finished with value: -inf and parameters: {'eps': 0.1, 'min_samples': 8}. Best is trial 0 with value: 0.28204420597985036.
[I 2025-07-04 14:18:54,595] Trial 2 finished with value: 0.3607014966327686 and parameters: {'eps': 1.6500000000000001, 'min_samples': 17}. Best is trial 2 with value: 0.3607014966327686.
[I 2025-07-04 14:18:54,996] Trial 3 finished with value: 0.35877488440926364 and parameters: {'eps': 1.4500000000000002, 'min_samples': 44}. Best is trial 2 with value: 0.3607014966327686.
[I 2025-07-04 14:18:55,260] Trial 4 finished with value: 0.0270887770516326 and parameters: {'eps': 0.30000000000000004, 'min_samples': 6}. Best is trial 2 with value: 0.3607014966327686.
[I 2025-07-04 14:18:55,750] Trial 5 finished with value: 0.5146773321195657 and parameters: {'eps': 0.9500000000000001, 'min_samples': 5}. Best is trial 5 with value: 0.5146773321195657.
[I 2025-07-04 14:18:56,198] Trial 6 finished with value: 0.4916988728597421 and parameters: {'eps': 1.1, 'min_samples': 9}. Best is trial 5 with value: 0.5146773321195657.
[I 2025-07-04 14:18:56,356] Trial 7 finished with value: -inf and parameters: {'eps': 0.75, 'min_samples': 45}. Best is trial 5 with value: 0.5146773321195657.
[I 2025-07-04 14:18:56,695] Trial 8 finished with value: -inf and parameters: {'eps': 1.8000000000000003, 'min_samples': 47}. Best is trial 5 with value: 0.5146773321195657.
[I 2025-07-04 14:18:57,018] Trial 9 finished with value: 0.10707044167802272 and parameters: {'eps': 0.6, 'min_samples': 16}. Best is trial 5 with value: 0.5146773321195657.
[I 2025-07-04 14:18:57,422] Trial 10 finished with value: 0.36909723033464076 and parameters: {'eps': 1.3000000000000003, 'min_samples': 31}. Best is trial 5 with value: 0.5146773321195657.
[I 2025-07-04 14:18:57,886] Trial 11 finished with value: 0.417090245174146 and parameters: {'eps': 1.1500000000000001, 'min_samples': 15}. Best is trial 5 with value: 0.5146773321195657.
[I 2025-07-04 14:18:58,447] Trial 12 finished with value: 0.48217498598263303 and parameters: {'eps': 0.9, 'min_samples': 5}. Best is trial 5 with value: 0.5146773321195657.
[I 2025-07-04 14:18:58,680] Trial 13 finished with value: -inf and parameters: {'eps': 0.55, 'min_samples': 23}. Best is trial 5 with value: 0.5146773321195657.
[I 2025-07-04 14:18:59,250] Trial 14 finished with value: 0.4136122205190328 and parameters: {'eps': 1.2000000000000002, 'min_samples': 10}. Best is trial 5 with value: 0.5146773321195657.
[I 2025-07-04 14:18:59,783] Trial 15 finished with value: 0.3989883202092359 and parameters: {'eps': 1.5000000000000002, 'min_samples': 23}. Best is trial 5 with value: 0.5146773321195657.
[I 2025-07-04 14:19:00,468] Trial 16 finished with value: 0.35480544062339553 and parameters: {'eps': 1.9000000000000001, 'min_samples': 12}. Best is trial 5 with value: 0.5146773321195657.
[I 2025-07-04 14:19:01,259] Trial 17 finished with value: 0.28908290632071204 and parameters: {'eps': 1.0, 'min_samples': 39}. Best is trial 5 with value: 0.5146773321195657.
[I 2025-07-04 14:19:01,849] Trial 18 finished with value: 0.20942990994575228 and parameters: {'eps': 0.75, 'min_samples': 21}. Best is trial 5 with value: 0.5146773321195657.
[I 2025-07-04 14:19:02,461] Trial 19 finished with value: 0.39796701492858133 and parameters: {'eps': 1.4500000000000002, 'min_samples': 12}. Best is trial 5 with value: 0.5146773321195657.

