CMD: D:\programs\PythonPrograms\analyze_clusters\.venv\Scripts\python.exe DBSCAN.py --alpha 0.2 --beta 0.65 --gamma 0.15 --trials 20
Return code: 0
--- STDOUT ---
All files saved in: D:\algorithm paper\clustering_pre\results\clustered_data\DBSCAN\clustered_clean_hospital
Program completed in 36.67 sec
[0m
--- STDERR ---
[I 2025-07-04 13:51:38,188] A new study created in memory with name: no-name-b65c5471-5f70-49aa-85d3-a689b9907e06
[I 2025-07-04 13:51:40,314] Trial 0 finished with value: 0.27830338279511646 and parameters: {'eps': 1.8000000000000003, 'min_samples': 28}. Best is trial 0 with value: 0.27830338279511646.
[I 2025-07-04 13:51:42,647] Trial 1 finished with value: 0.28016773572717907 and parameters: {'eps': 1.7000000000000002, 'min_samples': 39}. Best is trial 1 with value: 0.28016773572717907.
[I 2025-07-04 13:51:44,363] Trial 2 finished with value: 0.26074801912147594 and parameters: {'eps': 1.6, 'min_samples': 42}. Best is trial 1 with value: 0.28016773572717907.
[W 2025-07-04 13:51:45,521] Trial 3 failed with parameters: {'eps': 0.9, 'min_samples': 31} because of the following error: The value nan is not acceptable.
[W 2025-07-04 13:51:45,522] Trial 3 failed with value nan.
[W 2025-07-04 13:51:46,855] Trial 4 failed with parameters: {'eps': 0.55, 'min_samples': 40} because of the following error: The value nan is not acceptable.
[W 2025-07-04 13:51:46,856] Trial 4 failed with value nan.
[W 2025-07-04 13:51:48,033] Trial 5 failed with parameters: {'eps': 0.4, 'min_samples': 44} because of the following error: The value nan is not acceptable.
[W 2025-07-04 13:51:48,033] Trial 5 failed with value nan.
[I 2025-07-04 13:51:50,291] Trial 6 finished with value: 0.2983420402179221 and parameters: {'eps': 1.9000000000000001, 'min_samples': 48}. Best is trial 6 with value: 0.2983420402179221.
[W 2025-07-04 13:51:51,073] Trial 7 failed with parameters: {'eps': 0.1, 'min_samples': 49} because of the following error: The value nan is not acceptable.
[W 2025-07-04 13:51:51,074] Trial 7 failed with value nan.
[I 2025-07-04 13:51:52,816] Trial 8 finished with value: 0.29743378675321297 and parameters: {'eps': 1.85, 'min_samples': 47}. Best is trial 6 with value: 0.2983420402179221.
[W 2025-07-04 13:51:53,737] Trial 9 failed with parameters: {'eps': 0.1, 'min_samples': 20} because of the following error: The value nan is not acceptable.
[W 2025-07-04 13:51:53,737] Trial 9 failed with value nan.
[W 2025-07-04 13:51:54,975] Trial 10 failed with parameters: {'eps': 0.5, 'min_samples': 35} because of the following error: The value nan is not acceptable.
[W 2025-07-04 13:51:54,975] Trial 10 failed with value nan.
[I 2025-07-04 13:51:56,765] Trial 11 finished with value: 0.27991854652237264 and parameters: {'eps': 1.7000000000000002, 'min_samples': 41}. Best is trial 6 with value: 0.2983420402179221.
[W 2025-07-04 13:51:57,804] Trial 12 failed with parameters: {'eps': 0.7000000000000001, 'min_samples': 47} because of the following error: The value nan is not acceptable.
[W 2025-07-04 13:51:57,804] Trial 12 failed with value nan.
[I 2025-07-04 13:51:59,546] Trial 13 finished with value: 0.2781411814498663 and parameters: {'eps': 1.9500000000000002, 'min_samples': 39}. Best is trial 6 with value: 0.2983420402179221.
[W 2025-07-04 13:52:01,036] Trial 14 failed with parameters: {'eps': 0.8, 'min_samples': 32} because of the following error: The value nan is not acceptable.
[W 2025-07-04 13:52:01,036] Trial 14 failed with value nan.
[I 2025-07-04 13:52:03,523] Trial 15 finished with value: 0.26064057135661456 and parameters: {'eps': 0.85, 'min_samples': 12}. Best is trial 6 with value: 0.2983420402179221.
[I 2025-07-04 13:52:05,514] Trial 16 finished with value: 0.3532919241566482 and parameters: {'eps': 1.9500000000000002, 'min_samples': 24}. Best is trial 16 with value: 0.3532919241566482.
[I 2025-07-04 13:52:08,066] Trial 17 finished with value: 0.1750308916285519 and parameters: {'eps': 1.1, 'min_samples': 23}. Best is trial 16 with value: 0.3532919241566482.
[W 2025-07-04 13:52:09,952] Trial 18 failed with parameters: {'eps': 0.1, 'min_samples': 6} because of the following error: The value nan is not acceptable.
[W 2025-07-04 13:52:09,952] Trial 18 failed with value nan.
[W 2025-07-04 13:52:11,539] Trial 19 failed with parameters: {'eps': 0.1, 'min_samples': 7} because of the following error: The value nan is not acceptable.
[W 2025-07-04 13:52:11,539] Trial 19 failed with value nan.

