CMD: D:\programs\PythonPrograms\analyze_clusters\.venv\Scripts\python.exe DBSCAN.py --alpha 0.2 --beta 0.2 --gamma 0.6 --trials 20
Return code: 0
--- STDOUT ---
All files saved in: D:\algorithm paper\clustering_pre\results\clustered_data\DBSCAN\clustered_clean_rayyan
Program completed in 2.63 sec
[0m
--- STDERR ---
[I 2025-07-04 14:18:56,766] A new study created in memory with name: no-name-aa149a2a-4299-4c46-bb93-3981f8603d46
[I 2025-07-04 14:18:56,825] Trial 0 finished with value: 0.6211210594359454 and parameters: {'eps': 1.6, 'min_samples': 14}. Best is trial 0 with value: 0.6211210594359454.
[I 2025-07-04 14:18:56,940] Trial 1 finished with value: 0.6695920777048436 and parameters: {'eps': 1.3000000000000003, 'min_samples': 9}. Best is trial 1 with value: 0.6695920777048436.
[I 2025-07-04 14:18:57,027] Trial 2 finished with value: -inf and parameters: {'eps': 0.45000000000000007, 'min_samples': 39}. Best is trial 1 with value: 0.6695920777048436.
[I 2025-07-04 14:18:57,172] Trial 3 finished with value: 0.6073608662346752 and parameters: {'eps': 2.0, 'min_samples': 21}. Best is trial 1 with value: 0.6695920777048436.
[I 2025-07-04 14:18:57,244] Trial 4 finished with value: -inf and parameters: {'eps': 0.2, 'min_samples': 23}. Best is trial 1 with value: 0.6695920777048436.
[I 2025-07-04 14:18:57,321] Trial 5 finished with value: 0.6211210594359454 and parameters: {'eps': 1.5500000000000003, 'min_samples': 13}. Best is trial 1 with value: 0.6695920777048436.
[I 2025-07-04 14:18:57,383] Trial 6 finished with value: 0.5780865885776703 and parameters: {'eps': 1.4500000000000002, 'min_samples': 40}. Best is trial 1 with value: 0.6695920777048436.
[I 2025-07-04 14:18:57,434] Trial 7 finished with value: -inf and parameters: {'eps': 1.7000000000000002, 'min_samples': 46}. Best is trial 1 with value: 0.6695920777048436.
[I 2025-07-04 14:18:57,503] Trial 8 finished with value: 0.5688403740232174 and parameters: {'eps': 1.3000000000000003, 'min_samples': 36}. Best is trial 1 with value: 0.6695920777048436.
[I 2025-07-04 14:18:57,568] Trial 9 finished with value: 0.5558571872748335 and parameters: {'eps': 0.85, 'min_samples': 21}. Best is trial 1 with value: 0.6695920777048436.
[I 2025-07-04 14:18:57,787] Trial 10 finished with value: 0.6718950405243447 and parameters: {'eps': 0.9500000000000001, 'min_samples': 6}. Best is trial 10 with value: 0.6718950405243447.
[I 2025-07-04 14:18:58,025] Trial 11 finished with value: 0.6857388055230444 and parameters: {'eps': 0.9, 'min_samples': 5}. Best is trial 11 with value: 0.6857388055230444.
[I 2025-07-04 14:18:58,136] Trial 12 finished with value: 0.6857388055230444 and parameters: {'eps': 0.85, 'min_samples': 5}. Best is trial 11 with value: 0.6857388055230444.
[I 2025-07-04 14:18:58,285] Trial 13 finished with value: 0.6621633134929517 and parameters: {'eps': 0.65, 'min_samples': 6}. Best is trial 11 with value: 0.6857388055230444.
[I 2025-07-04 14:18:58,445] Trial 14 finished with value: 0.4702637471404059 and parameters: {'eps': 0.7000000000000001, 'min_samples': 30}. Best is trial 11 with value: 0.6857388055230444.
[I 2025-07-04 14:18:58,587] Trial 15 finished with value: 0.5970269783200804 and parameters: {'eps': 1.1, 'min_samples': 14}. Best is trial 11 with value: 0.6857388055230444.
[I 2025-07-04 14:18:58,673] Trial 16 finished with value: 0.4476382343093437 and parameters: {'eps': 0.35, 'min_samples': 16}. Best is trial 11 with value: 0.6857388055230444.
[I 2025-07-04 14:18:58,800] Trial 17 finished with value: 0.6872572856255815 and parameters: {'eps': 1.05, 'min_samples': 5}. Best is trial 17 with value: 0.6872572856255815.
[I 2025-07-04 14:18:58,922] Trial 18 finished with value: 0.5961883836430959 and parameters: {'eps': 1.1500000000000001, 'min_samples': 28}. Best is trial 17 with value: 0.6872572856255815.
[I 2025-07-04 14:18:59,132] Trial 19 finished with value: 0.6185425410155655 and parameters: {'eps': 0.65, 'min_samples': 10}. Best is trial 17 with value: 0.6872572856255815.

