CMD: D:\programs\PythonPrograms\analyze_clusters\.venv\Scripts\python.exe DBSCAN.py --alpha 0.2 --beta 0.8 --gamma 0.0 --trials 20
Return code: 0
--- STDOUT ---
All files saved in: D:\algorithm paper\clustering_pre\results\clustered_data\DBSCAN\clustered_clean_flights
Program completed in 4.83 sec
[0m
--- STDERR ---
[I 2025-07-04 13:52:50,346] A new study created in memory with name: no-name-47128dce-4c5a-4874-9f21-f3b4a28b2a3a
[I 2025-07-04 13:52:50,488] Trial 0 finished with value: 0.25251023331250816 and parameters: {'eps': 0.6, 'min_samples': 50}. Best is trial 0 with value: 0.25251023331250816.
[I 2025-07-04 13:52:50,654] Trial 1 finished with value: 0.38659129679264975 and parameters: {'eps': 0.65, 'min_samples': 20}. Best is trial 1 with value: 0.38659129679264975.
[I 2025-07-04 13:52:50,822] Trial 2 finished with value: 0.6769603104267612 and parameters: {'eps': 1.3000000000000003, 'min_samples': 19}. Best is trial 2 with value: 0.6769603104267612.
[I 2025-07-04 13:52:51,014] Trial 3 finished with value: 0.5148343597085724 and parameters: {'eps': 1.35, 'min_samples': 42}. Best is trial 2 with value: 0.6769603104267612.
[I 2025-07-04 13:52:51,246] Trial 4 finished with value: 0.5339578147717375 and parameters: {'eps': 1.4500000000000002, 'min_samples': 38}. Best is trial 2 with value: 0.6769603104267612.
[I 2025-07-04 13:52:51,461] Trial 5 finished with value: 0.5241193796199126 and parameters: {'eps': 1.6500000000000001, 'min_samples': 36}. Best is trial 2 with value: 0.6769603104267612.
[I 2025-07-04 13:52:51,669] Trial 6 finished with value: 0.8820776502986852 and parameters: {'eps': 1.4000000000000001, 'min_samples': 5}. Best is trial 6 with value: 0.8820776502986852.
[I 2025-07-04 13:52:51,876] Trial 7 finished with value: 0.5127084516383887 and parameters: {'eps': 1.1, 'min_samples': 34}. Best is trial 6 with value: 0.8820776502986852.
[I 2025-07-04 13:52:52,041] Trial 8 finished with value: 0.5839663848172033 and parameters: {'eps': 0.1, 'min_samples': 10}. Best is trial 6 with value: 0.8820776502986852.
[I 2025-07-04 13:52:52,209] Trial 9 finished with value: 0.10979318416963078 and parameters: {'eps': 0.1, 'min_samples': 47}. Best is trial 6 with value: 0.8820776502986852.
[I 2025-07-04 13:52:52,465] Trial 10 finished with value: 0.9383040967687036 and parameters: {'eps': 2.0, 'min_samples': 5}. Best is trial 10 with value: 0.9383040967687036.
[I 2025-07-04 13:52:52,743] Trial 11 finished with value: 0.9383040967687036 and parameters: {'eps': 2.0, 'min_samples': 5}. Best is trial 10 with value: 0.9383040967687036.
[I 2025-07-04 13:52:53,045] Trial 12 finished with value: 1.022345439803619 and parameters: {'eps': 2.0, 'min_samples': 13}. Best is trial 12 with value: 1.022345439803619.
[I 2025-07-04 13:52:53,324] Trial 13 finished with value: 0.9648046218301801 and parameters: {'eps': 1.9500000000000002, 'min_samples': 16}. Best is trial 12 with value: 1.022345439803619.
[I 2025-07-04 13:52:53,557] Trial 14 finished with value: 0.8375047052042642 and parameters: {'eps': 1.7000000000000002, 'min_samples': 18}. Best is trial 12 with value: 1.022345439803619.
[I 2025-07-04 13:52:53,833] Trial 15 finished with value: 0.7766050382132166 and parameters: {'eps': 1.7500000000000002, 'min_samples': 27}. Best is trial 12 with value: 1.022345439803619.
[I 2025-07-04 13:52:54,081] Trial 16 finished with value: 0.9592945261662041 and parameters: {'eps': 1.85, 'min_samples': 13}. Best is trial 12 with value: 1.022345439803619.
[I 2025-07-04 13:52:54,303] Trial 17 finished with value: 0.4897330119101619 and parameters: {'eps': 0.75, 'min_samples': 27}. Best is trial 12 with value: 1.022345439803619.
[I 2025-07-04 13:52:54,533] Trial 18 finished with value: 0.8418724844216582 and parameters: {'eps': 1.0, 'min_samples': 13}. Best is trial 12 with value: 1.022345439803619.
[I 2025-07-04 13:52:54,771] Trial 19 finished with value: 0.8183484338053797 and parameters: {'eps': 1.6, 'min_samples': 23}. Best is trial 12 with value: 1.022345439803619.

