CMD: D:\programs\PythonPrograms\analyze_clusters\.venv\Scripts\python.exe DBSCAN.py --alpha 0.2 --beta 0.65 --gamma 0.15 --trials 20
Return code: 0
--- STDOUT ---
All files saved in: D:\algorithm paper\clustering_pre\results\clustered_data\DBSCAN\clustered_clean_beers
Program completed in 1.61 sec
[0m
--- STDERR ---
[I 2025-07-04 13:51:12,283] A new study created in memory with name: no-name-420445bf-35cb-4af6-a3c2-f1b153f5ee9c
[I 2025-07-04 13:51:12,326] Trial 0 finished with value: -inf and parameters: {'eps': 1.9000000000000001, 'min_samples': 46}. Best is trial 0 with value: -inf.
[I 2025-07-04 13:51:12,420] Trial 1 finished with value: 0.27394599289837274 and parameters: {'eps': 1.2000000000000002, 'min_samples': 49}. Best is trial 1 with value: 0.27394599289837274.
[W 2025-07-04 13:51:12,439] Trial 2 failed with parameters: {'eps': 0.30000000000000004, 'min_samples': 16} because of the following error: The value nan is not acceptable.
[W 2025-07-04 13:51:12,439] Trial 2 failed with value nan.
[I 2025-07-04 13:51:12,494] Trial 3 finished with value: 0.02062347367616892 and parameters: {'eps': 0.2, 'min_samples': 7}. Best is trial 1 with value: 0.27394599289837274.
[I 2025-07-04 13:51:12,584] Trial 4 finished with value: 0.07508339153613007 and parameters: {'eps': 0.6, 'min_samples': 17}. Best is trial 1 with value: 0.27394599289837274.
[I 2025-07-04 13:51:12,671] Trial 5 finished with value: 0.33799295369629656 and parameters: {'eps': 1.6500000000000001, 'min_samples': 26}. Best is trial 5 with value: 0.33799295369629656.
[I 2025-07-04 13:51:12,690] Trial 6 finished with value: -inf and parameters: {'eps': 0.6, 'min_samples': 34}. Best is trial 5 with value: 0.33799295369629656.
[I 2025-07-04 13:51:12,709] Trial 7 finished with value: -inf and parameters: {'eps': 0.75, 'min_samples': 47}. Best is trial 5 with value: 0.33799295369629656.
[I 2025-07-04 13:51:12,783] Trial 8 finished with value: 0.27652967304650244 and parameters: {'eps': 1.2000000000000002, 'min_samples': 48}. Best is trial 5 with value: 0.33799295369629656.
[W 2025-07-04 13:51:12,798] Trial 9 failed with parameters: {'eps': 0.4, 'min_samples': 20} because of the following error: The value nan is not acceptable.
[W 2025-07-04 13:51:12,798] Trial 9 failed with value nan.
[I 2025-07-04 13:51:12,879] Trial 10 finished with value: 0.1255040262394785 and parameters: {'eps': 0.75, 'min_samples': 28}. Best is trial 5 with value: 0.33799295369629656.
[I 2025-07-04 13:51:12,979] Trial 11 finished with value: 0.5521154570755521 and parameters: {'eps': 1.8000000000000003, 'min_samples': 7}. Best is trial 11 with value: 0.5521154570755521.
[I 2025-07-04 13:51:13,090] Trial 12 finished with value: 0.6099337760380552 and parameters: {'eps': 2.0, 'min_samples': 5}. Best is trial 12 with value: 0.6099337760380552.
[I 2025-07-04 13:51:13,199] Trial 13 finished with value: 0.5982717849971688 and parameters: {'eps': 1.9500000000000002, 'min_samples': 7}. Best is trial 12 with value: 0.6099337760380552.
[I 2025-07-04 13:51:13,304] Trial 14 finished with value: 0.3657507354444687 and parameters: {'eps': 1.5000000000000002, 'min_samples': 15}. Best is trial 12 with value: 0.6099337760380552.
[I 2025-07-04 13:51:13,434] Trial 15 finished with value: 0.5153952063187157 and parameters: {'eps': 2.0, 'min_samples': 14}. Best is trial 12 with value: 0.6099337760380552.
[I 2025-07-04 13:51:13,514] Trial 16 finished with value: 0.4221983147558612 and parameters: {'eps': 1.5000000000000002, 'min_samples': 5}. Best is trial 12 with value: 0.6099337760380552.
[I 2025-07-04 13:51:13,561] Trial 17 finished with value: -inf and parameters: {'eps': 2.0, 'min_samples': 22}. Best is trial 12 with value: 0.6099337760380552.
[I 2025-07-04 13:51:13,658] Trial 18 finished with value: 0.42295620650365545 and parameters: {'eps': 1.6500000000000001, 'min_samples': 11}. Best is trial 12 with value: 0.6099337760380552.
[I 2025-07-04 13:51:13,755] Trial 19 finished with value: 0.28098405252306474 and parameters: {'eps': 1.4000000000000001, 'min_samples': 39}. Best is trial 12 with value: 0.6099337760380552.

