CMD: D:\programs\PythonPrograms\analyze_clusters\.venv\Scripts\python.exe DBSCAN.py --alpha 0.2 --beta 0.65 --gamma 0.15 --trials 20
Return code: 0
--- STDOUT ---
All files saved in: D:\algorithm paper\clustering_pre\results\clustered_data\DBSCAN\clustered_clean_rayyan
Program completed in 0.62 sec
[0m
--- STDERR ---
[I 2025-07-04 13:52:08,205] A new study created in memory with name: no-name-fd06bb15-6c1a-4d25-a093-c8741d004f3b
[I 2025-07-04 13:52:08,213] Trial 0 finished with value: -inf and parameters: {'eps': 0.6, 'min_samples': 48}. Best is trial 0 with value: -inf.
[I 2025-07-04 13:52:08,218] Trial 1 finished with value: -inf and parameters: {'eps': 0.25, 'min_samples': 42}. Best is trial 0 with value: -inf.
[I 2025-07-04 13:52:08,235] Trial 2 finished with value: 0.3964357811816845 and parameters: {'eps': 0.9, 'min_samples': 24}. Best is trial 2 with value: 0.3964357811816845.
[I 2025-07-04 13:52:08,265] Trial 3 finished with value: 0.493101465977317 and parameters: {'eps': 2.0, 'min_samples': 36}. Best is trial 3 with value: 0.493101465977317.
[I 2025-07-04 13:52:08,284] Trial 4 finished with value: 0.40160260543227305 and parameters: {'eps': 0.9, 'min_samples': 17}. Best is trial 3 with value: 0.493101465977317.
[I 2025-07-04 13:52:08,289] Trial 5 finished with value: -inf and parameters: {'eps': 0.1, 'min_samples': 19}. Best is trial 3 with value: 0.493101465977317.
[I 2025-07-04 13:52:08,310] Trial 6 finished with value: 0.5084430089520628 and parameters: {'eps': 1.5000000000000002, 'min_samples': 10}. Best is trial 6 with value: 0.5084430089520628.
[I 2025-07-04 13:52:08,318] Trial 7 finished with value: -inf and parameters: {'eps': 0.6, 'min_samples': 38}. Best is trial 6 with value: 0.5084430089520628.
[I 2025-07-04 13:52:08,323] Trial 8 finished with value: -inf and parameters: {'eps': 0.35, 'min_samples': 28}. Best is trial 6 with value: 0.5084430089520628.
[I 2025-07-04 13:52:08,342] Trial 9 finished with value: 0.5660413599964697 and parameters: {'eps': 1.9500000000000002, 'min_samples': 12}. Best is trial 9 with value: 0.5660413599964697.
[I 2025-07-04 13:52:08,374] Trial 10 finished with value: 0.5790593812831859 and parameters: {'eps': 2.0, 'min_samples': 6}. Best is trial 10 with value: 0.5790593812831859.
[I 2025-07-04 13:52:08,411] Trial 11 finished with value: 0.5790593812831859 and parameters: {'eps': 2.0, 'min_samples': 5}. Best is trial 10 with value: 0.5790593812831859.
[I 2025-07-04 13:52:08,450] Trial 12 finished with value: 0.5817143099923157 and parameters: {'eps': 1.5500000000000003, 'min_samples': 5}. Best is trial 12 with value: 0.5817143099923157.
[I 2025-07-04 13:52:08,490] Trial 13 finished with value: 0.5775741317337402 and parameters: {'eps': 1.5500000000000003, 'min_samples': 6}. Best is trial 12 with value: 0.5817143099923157.
[I 2025-07-04 13:52:08,539] Trial 14 finished with value: 0.5077145082844795 and parameters: {'eps': 1.5500000000000003, 'min_samples': 15}. Best is trial 12 with value: 0.5817143099923157.
[I 2025-07-04 13:52:08,589] Trial 15 finished with value: 0.4422621447264834 and parameters: {'eps': 1.3000000000000003, 'min_samples': 23}. Best is trial 12 with value: 0.5817143099923157.
[I 2025-07-04 13:52:08,664] Trial 16 finished with value: 0.5051260168387279 and parameters: {'eps': 1.7500000000000002, 'min_samples': 9}. Best is trial 12 with value: 0.5817143099923157.
[I 2025-07-04 13:52:08,713] Trial 17 finished with value: 0.43683703528805506 and parameters: {'eps': 1.2500000000000002, 'min_samples': 32}. Best is trial 12 with value: 0.5817143099923157.
[I 2025-07-04 13:52:08,742] Trial 18 finished with value: 0.5078261958759268 and parameters: {'eps': 1.7000000000000002, 'min_samples': 13}. Best is trial 12 with value: 0.5817143099923157.
[I 2025-07-04 13:52:08,777] Trial 19 finished with value: 0.5738537260404651 and parameters: {'eps': 1.2500000000000002, 'min_samples': 5}. Best is trial 12 with value: 0.5817143099923157.

