CMD: D:\programs\PythonPrograms\analyze_clusters\.venv\Scripts\python.exe DBSCAN.py --alpha 0.2 --beta 0.2 --gamma 0.6 --trials 20
Return code: 0
--- STDOUT ---
All files saved in: D:\algorithm paper\clustering_pre\results\clustered_data\DBSCAN\clustered_clean_hospital
Program completed in 21.56 sec
[0m
--- STDERR ---
[I 2025-07-04 14:18:57,241] A new study created in memory with name: no-name-a9dc75f7-d311-42d3-8028-abc544edf5d8
[I 2025-07-04 14:18:59,783] Trial 0 finished with value: 0.4183960424674039 and parameters: {'eps': 1.7000000000000002, 'min_samples': 34}. Best is trial 0 with value: 0.4183960424674039.
[W 2025-07-04 14:19:00,718] Trial 1 failed with parameters: {'eps': 0.55, 'min_samples': 42} because of the following error: The value nan is not acceptable.
[W 2025-07-04 14:19:00,719] Trial 1 failed with value nan.
[I 2025-07-04 14:19:01,573] Trial 2 finished with value: 0.341076445348937 and parameters: {'eps': 1.5500000000000003, 'min_samples': 49}. Best is trial 0 with value: 0.4183960424674039.
[I 2025-07-04 14:19:02,092] Trial 3 finished with value: 0.5238883815446796 and parameters: {'eps': 2.0, 'min_samples': 17}. Best is trial 3 with value: 0.5238883815446796.
[W 2025-07-04 14:19:02,433] Trial 4 failed with parameters: {'eps': 0.15000000000000002, 'min_samples': 48} because of the following error: The value nan is not acceptable.
[W 2025-07-04 14:19:02,433] Trial 4 failed with value nan.
[I 2025-07-04 14:19:02,884] Trial 5 finished with value: 0.35808346248719125 and parameters: {'eps': 0.85, 'min_samples': 12}. Best is trial 3 with value: 0.5238883815446796.
[I 2025-07-04 14:19:03,375] Trial 6 finished with value: 0.4985677462496811 and parameters: {'eps': 1.5000000000000002, 'min_samples': 17}. Best is trial 3 with value: 0.5238883815446796.
[W 2025-07-04 14:19:03,899] Trial 7 failed with parameters: {'eps': 0.35, 'min_samples': 49} because of the following error: The value nan is not acceptable.
[W 2025-07-04 14:19:03,901] Trial 7 failed with value nan.
[W 2025-07-04 14:19:04,510] Trial 8 failed with parameters: {'eps': 0.30000000000000004, 'min_samples': 33} because of the following error: The value nan is not acceptable.
[W 2025-07-04 14:19:04,511] Trial 8 failed with value nan.
[I 2025-07-04 14:19:05,843] Trial 9 finished with value: 0.13652516028202602 and parameters: {'eps': 0.65, 'min_samples': 10}. Best is trial 3 with value: 0.5238883815446796.
[W 2025-07-04 14:19:07,579] Trial 10 failed with parameters: {'eps': 0.35, 'min_samples': 36} because of the following error: The value nan is not acceptable.
[W 2025-07-04 14:19:07,580] Trial 10 failed with value nan.
[I 2025-07-04 14:19:09,171] Trial 11 finished with value: -inf and parameters: {'eps': 1.2500000000000002, 'min_samples': 48}. Best is trial 3 with value: 0.5238883815446796.
[I 2025-07-04 14:19:10,891] Trial 12 finished with value: 0.5459957885510215 and parameters: {'eps': 1.8000000000000003, 'min_samples': 19}. Best is trial 12 with value: 0.5459957885510215.
[I 2025-07-04 14:19:11,981] Trial 13 finished with value: 0.5686052806846805 and parameters: {'eps': 2.0, 'min_samples': 7}. Best is trial 13 with value: 0.5686052806846805.
[W 2025-07-04 14:19:13,782] Trial 14 failed with parameters: {'eps': 0.30000000000000004, 'min_samples': 18} because of the following error: The value nan is not acceptable.
[W 2025-07-04 14:19:13,782] Trial 14 failed with value nan.
[I 2025-07-04 14:19:14,705] Trial 15 finished with value: 0.17269916097726376 and parameters: {'eps': 1.05, 'min_samples': 29}. Best is trial 13 with value: 0.5686052806846805.
[I 2025-07-04 14:19:15,962] Trial 16 finished with value: 0.5633597371480429 and parameters: {'eps': 1.2000000000000002, 'min_samples': 7}. Best is trial 13 with value: 0.5686052806846805.
[I 2025-07-04 14:19:16,733] Trial 17 finished with value: 0.608685852489237 and parameters: {'eps': 1.2500000000000002, 'min_samples': 5}. Best is trial 17 with value: 0.608685852489237.
[W 2025-07-04 14:19:17,086] Trial 18 failed with parameters: {'eps': 0.1, 'min_samples': 6} because of the following error: The value nan is not acceptable.
[W 2025-07-04 14:19:17,087] Trial 18 failed with value nan.
[I 2025-07-04 14:19:17,689] Trial 19 finished with value: 0.04631027219381643 and parameters: {'eps': 0.25, 'min_samples': 5}. Best is trial 17 with value: 0.608685852489237.

