CMD: D:\programs\PythonPrograms\analyze_clusters\.venv\Scripts\python.exe DBSCAN.py --alpha 0.2 --beta 0.5 --gamma 0.3 --trials 20
Return code: 0
--- STDOUT ---
All files saved in: D:\algorithm paper\clustering_pre\results\clustered_data\DBSCAN\clustered_clean_rayyan
Program completed in 0.64 sec
[0m
--- STDERR ---
[I 2025-07-04 13:51:02,729] A new study created in memory with name: no-name-50ad0512-3f33-4e84-9334-76fa3008a0e4
[I 2025-07-04 13:51:02,749] Trial 0 finished with value: 0.44716939604577455 and parameters: {'eps': 0.7000000000000001, 'min_samples': 17}. Best is trial 0 with value: 0.44716939604577455.
[I 2025-07-04 13:51:02,755] Trial 1 finished with value: -inf and parameters: {'eps': 0.30000000000000004, 'min_samples': 43}. Best is trial 0 with value: 0.44716939604577455.
[I 2025-07-04 13:51:02,761] Trial 2 finished with value: -inf and parameters: {'eps': 0.55, 'min_samples': 45}. Best is trial 0 with value: 0.44716939604577455.
[I 2025-07-04 13:51:02,766] Trial 3 finished with value: -inf and parameters: {'eps': 0.55, 'min_samples': 49}. Best is trial 0 with value: 0.44716939604577455.
[I 2025-07-04 13:51:02,792] Trial 4 finished with value: 0.4914856559899622 and parameters: {'eps': 1.2000000000000002, 'min_samples': 38}. Best is trial 4 with value: 0.4914856559899622.
[I 2025-07-04 13:51:02,812] Trial 5 finished with value: 0.48398782105995064 and parameters: {'eps': 1.1, 'min_samples': 24}. Best is trial 4 with value: 0.4914856559899622.
[I 2025-07-04 13:51:02,829] Trial 6 finished with value: 0.5410007651994302 and parameters: {'eps': 1.8000000000000003, 'min_samples': 23}. Best is trial 6 with value: 0.5410007651994302.
[I 2025-07-04 13:51:02,853] Trial 7 finished with value: 0.5627659879613038 and parameters: {'eps': 1.3000000000000003, 'min_samples': 9}. Best is trial 7 with value: 0.5627659879613038.
[I 2025-07-04 13:51:02,869] Trial 8 finished with value: 0.4477137996367274 and parameters: {'eps': 0.85, 'min_samples': 32}. Best is trial 7 with value: 0.5627659879613038.
[I 2025-07-04 13:51:02,874] Trial 9 finished with value: -inf and parameters: {'eps': 0.15000000000000002, 'min_samples': 25}. Best is trial 7 with value: 0.5627659879613038.
[I 2025-07-04 13:51:02,914] Trial 10 finished with value: 0.6155390933552163 and parameters: {'eps': 1.6500000000000001, 'min_samples': 5}. Best is trial 10 with value: 0.6155390933552163.
[I 2025-07-04 13:51:02,954] Trial 11 finished with value: 0.6191273080575679 and parameters: {'eps': 1.5500000000000003, 'min_samples': 5}. Best is trial 11 with value: 0.6191273080575679.
[I 2025-07-04 13:51:02,977] Trial 12 finished with value: 0.6155390933552163 and parameters: {'eps': 1.7500000000000002, 'min_samples': 5}. Best is trial 11 with value: 0.6191273080575679.
[I 2025-07-04 13:51:03,004] Trial 13 finished with value: 0.5455166920016348 and parameters: {'eps': 1.5000000000000002, 'min_samples': 13}. Best is trial 11 with value: 0.6191273080575679.
[I 2025-07-04 13:51:03,040] Trial 14 finished with value: 0.6191273080575679 and parameters: {'eps': 1.6, 'min_samples': 5}. Best is trial 11 with value: 0.6191273080575679.
[I 2025-07-04 13:51:03,081] Trial 15 finished with value: 0.5881993756328826 and parameters: {'eps': 2.0, 'min_samples': 16}. Best is trial 11 with value: 0.6191273080575679.
[I 2025-07-04 13:51:03,124] Trial 16 finished with value: 0.5573170454201113 and parameters: {'eps': 1.4500000000000002, 'min_samples': 10}. Best is trial 11 with value: 0.6191273080575679.
[I 2025-07-04 13:51:03,164] Trial 17 finished with value: 0.5311879327297697 and parameters: {'eps': 2.0, 'min_samples': 19}. Best is trial 11 with value: 0.6191273080575679.
[I 2025-07-04 13:51:03,215] Trial 18 finished with value: 0.4969903702206549 and parameters: {'eps': 1.4000000000000001, 'min_samples': 32}. Best is trial 11 with value: 0.6191273080575679.
[I 2025-07-04 13:51:03,292] Trial 19 finished with value: 0.5243807274336785 and parameters: {'eps': 0.9, 'min_samples': 10}. Best is trial 11 with value: 0.6191273080575679.

